NOTE: PROCEDURE PRINTTO used (Total process time):
      real time           0.00 seconds
      cpu time            0.00 seconds
      

Traverser: Traverser invoked.  MPCONNECT command is !sascmdv -nosyntaxcheck -noasynchio -noobjectserver. 
Traverser: Beginning flow traversal 
17200      data _null_;
MPRINT(EM_DIAGRAM):    data _null_;
17201      file emwipmsg;
MPRINT(EM_DIAGRAM):   file emwipmsg;
17202      put '<Node Id="Ids" Event="Run" Pid="1000" Gridid=""/>';
MPRINT(EM_DIAGRAM):   put '<Node Id="Ids" Event="Run" Pid="1000" Gridid=""/>';
17203      run;
MPRINT(EM_DIAGRAM):   run;

NOTE: The file EMWIPMSG is:
      Local Host Name=DESKTOP-2GNA4AM,
      Local Host IP addr=fe80::9468:6893:d20e:ec32%44,
      Peer Hostname Name=DESKTOP-2GNA4AM,
      Peer IP addr=127.0.0.1,Peer Name=N/A,
      Peer Portno=62246,Lrecl=32767,Recfm=Variable

NOTE: 1 record was written to the file EMWIPMSG.
      The minimum record length was 49.
      The maximum record length was 49.
NOTE: DATA statement used (Total process time):
      real time           0.00 seconds
      cpu time            0.00 seconds
      

17204      %let emloopmode =;
*------------------------------------------------------------* 
* 
* Ids : Beginning update before running 
* datetime : 18MAR2021:21:40:51 
* 
*------------------------------------------------------------* 
NOTE: Data file DANE.CHURN.DATA is in a format that is native to another host, or the file encoding does not match the session encoding. Cross Environment Data Access will be used, which might require additional CPU resources and might reduce performance.
MPRINT(EM_DIAGRAM):     filename _emtool_ 'C:\Users\Vlad\Documents\SGH\Data_Mining\DM\Workspaces\EMWS2\Ids\PROPERTIES.xml' encoding="UTF-8" NOBOM;
17206      %let _HPDMGRIDHOST=;
17207      %let _HPDMGRIDINSTALLLOC=;
17208      %let _HPDMGRIDDATASERVER=;
17209      %hpdm_gridSetOPtions;
MPRINT(EM_DIAGRAM):   
MPRINT(HPDM_GRIDSETOPTIONS):   data _null_;
MPRINT(HPDM_GRIDSETOPTIONS):   length optionString string $2000;
MPRINT(HPDM_GRIDSETOPTIONS):   optionString = reverse(getoption('SET'));
MPRINT(HPDM_GRIDSETOPTIONS):   index = index(optionString, reverse('GRIDHOST'));
MPRINT(HPDM_GRIDSETOPTIONS):   if index then do;
MPRINT(HPDM_GRIDSETOPTIONS):   string = reverse(substr(optionString, 1, index-4));
MPRINT(HPDM_GRIDSETOPTIONS):   host = '"'!!strip(tranwrd(scan(string, 1, ']'), '"', ''))!!'"';
MPRINT(HPDM_GRIDSETOPTIONS):   call symput('_HPDMGRIDHOST', strip(host));
MPRINT(HPDM_GRIDSETOPTIONS):   end;
MPRINT(HPDM_GRIDSETOPTIONS):   index = index(optionString, reverse('GRIDINSTALLLOC'));
MPRINT(HPDM_GRIDSETOPTIONS):   if index then do;
MPRINT(HPDM_GRIDSETOPTIONS):   string = reverse(substr(optionString, 1, index-4));
MPRINT(HPDM_GRIDSETOPTIONS):   install = '"'!!strip(tranwrd(scan(string, 1, ']'), '"', ''))!!'"';
MPRINT(HPDM_GRIDSETOPTIONS):   call symput('_HPDMGRIDINSTALLLOC', strip(install));
MPRINT(HPDM_GRIDSETOPTIONS):   end;
MPRINT(HPDM_GRIDSETOPTIONS):   index = index(optionString, reverse('GRIDDATASERVER'));
MPRINT(HPDM_GRIDSETOPTIONS):   if index then do;
MPRINT(HPDM_GRIDSETOPTIONS):   string = reverse(substr(optionString, 1, index-4));
MPRINT(HPDM_GRIDSETOPTIONS):   server = '"'!!strip(tranwrd(scan(string, 1, ']'), '"', ''))!!'"';
MPRINT(HPDM_GRIDSETOPTIONS):   call symput('_HPDMGRIDDATASERVER', strip(server));
MPRINT(HPDM_GRIDSETOPTIONS):   end;
MPRINT(HPDM_GRIDSETOPTIONS):   run;

NOTE: DATA statement used (Total process time):
      real time           0.00 seconds
      cpu time            0.00 seconds
      

MPRINT(EM_DIAGRAM):  ;

*------------------------------------------------------------* 
* 
* Ids : End update 
* datetime : 18MAR2021:21:40:51 
* 
*------------------------------------------------------------* 
17210      %em_getactionstatus(emlib =EMWS2, nodeid=Ids);
MPRINT(EM_DIAGRAM):   
MPRINT(EM_GETACTIONSTATUS):   proc display c=sashelp.emutil.getactionstatus.scl;
MPRINT(EM_GETACTIONSTATUS):   run;

17211      %let em_Train = N;
17212      %let em_Score = N;
17213      %let em_Report = N;
17214      %let em_Run = N;
NOTE: PROCEDURE DISPLAY used (Total process time):
      real time           0.00 seconds
      cpu time            0.01 seconds
      

MPRINT(EM_GETACTIONSTATUS):   
MPRINT(EM_DIAGRAM):  ;

Node "Ids" has already run. 
Node "Ids" succeeded. 
17215      data _null_;
MPRINT(EM_DIAGRAM):    data _null_;
17216      file emwipmsg;
MPRINT(EM_DIAGRAM):   file emwipmsg;
17217      put '<Node Id="Ids" Event="Complete" Pid="1000" Gridid=""/>';
MPRINT(EM_DIAGRAM):   put '<Node Id="Ids" Event="Complete" Pid="1000" Gridid=""/>';
17218      run;
MPRINT(EM_DIAGRAM):   run;

NOTE: The file EMWIPMSG is:
      Local Host Name=DESKTOP-2GNA4AM,
      Local Host IP addr=fe80::9468:6893:d20e:ec32%44,
      Peer Hostname Name=DESKTOP-2GNA4AM,
      Peer IP addr=127.0.0.1,Peer Name=N/A,
      Peer Portno=62246,Lrecl=32767,Recfm=Variable

NOTE: 1 record was written to the file EMWIPMSG.
      The minimum record length was 54.
      The maximum record length was 54.
NOTE: DATA statement used (Total process time):
      real time           0.00 seconds
      cpu time            0.00 seconds
      

traverser_readyNode_note 
17219      data _null_;
MPRINT(EM_DIAGRAM):    data _null_;
17220      file emwipmsg;
MPRINT(EM_DIAGRAM):   file emwipmsg;
17221      put '<Node Id="Filter" Event="Run" Pid="1000" Gridid=""/>';
MPRINT(EM_DIAGRAM):   put '<Node Id="Filter" Event="Run" Pid="1000" Gridid=""/>';
17222      run;
MPRINT(EM_DIAGRAM):   run;

NOTE: The file EMWIPMSG is:
      Local Host Name=DESKTOP-2GNA4AM,
      Local Host IP addr=fe80::9468:6893:d20e:ec32%44,
      Peer Hostname Name=DESKTOP-2GNA4AM,
      Peer IP addr=127.0.0.1,Peer Name=N/A,
      Peer Portno=62246,Lrecl=32767,Recfm=Variable

NOTE: 1 record was written to the file EMWIPMSG.
      The minimum record length was 52.
      The maximum record length was 52.
NOTE: DATA statement used (Total process time):
      real time           0.00 seconds
      cpu time            0.00 seconds
      

17223      %let emloopmode =;
*------------------------------------------------------------* 
* 
* Filter : Beginning update before running 
* datetime : 18MAR2021:21:40:52 
* 
*------------------------------------------------------------* 
MPRINT(EM_DIAGRAM):     data WORK.Filter_FILTERSET;
MPRINT(EM_DIAGRAM):   length PORT $32 USE $1;
MPRINT(EM_DIAGRAM):   DROP DELTACODE APPLYDELTA APPLYSCORE IMPORTPORT;
MPRINT(EM_DIAGRAM):   set EMWS2.Ids_exportSet ;
MPRINT(EM_DIAGRAM):   PORT = '';
MPRINT(EM_DIAGRAM):   USE = '';
MPRINT(EM_DIAGRAM):   where role in( "RAW" "TRAIN" "VALIDATE" "TEST" ) and EXPORT = 'Y' ;
MPRINT(EM_DIAGRAM):   run;
MPRINT(EM_DIAGRAM):    filename _emtool_ 'C:\Users\Vlad\Documents\SGH\Data_Mining\DM\Workspaces\EMWS2\Filter\PROPERTIES.xml' encoding="UTF-8" NOBOM;
17243      %let _HPDMGRIDHOST=;
17244      %let _HPDMGRIDINSTALLLOC=;
17245      %let _HPDMGRIDDATASERVER=;
17246      %hpdm_gridSetOPtions;
MPRINT(EM_DIAGRAM):   
MPRINT(HPDM_GRIDSETOPTIONS):   data _null_;
MPRINT(HPDM_GRIDSETOPTIONS):   length optionString string $2000;
MPRINT(HPDM_GRIDSETOPTIONS):   optionString = reverse(getoption('SET'));
MPRINT(HPDM_GRIDSETOPTIONS):   index = index(optionString, reverse('GRIDHOST'));
MPRINT(HPDM_GRIDSETOPTIONS):   if index then do;
MPRINT(HPDM_GRIDSETOPTIONS):   string = reverse(substr(optionString, 1, index-4));
MPRINT(HPDM_GRIDSETOPTIONS):   host = '"'!!strip(tranwrd(scan(string, 1, ']'), '"', ''))!!'"';
MPRINT(HPDM_GRIDSETOPTIONS):   call symput('_HPDMGRIDHOST', strip(host));
MPRINT(HPDM_GRIDSETOPTIONS):   end;
MPRINT(HPDM_GRIDSETOPTIONS):   index = index(optionString, reverse('GRIDINSTALLLOC'));
MPRINT(HPDM_GRIDSETOPTIONS):   if index then do;
MPRINT(HPDM_GRIDSETOPTIONS):   string = reverse(substr(optionString, 1, index-4));
MPRINT(HPDM_GRIDSETOPTIONS):   install = '"'!!strip(tranwrd(scan(string, 1, ']'), '"', ''))!!'"';
MPRINT(HPDM_GRIDSETOPTIONS):   call symput('_HPDMGRIDINSTALLLOC', strip(install));
MPRINT(HPDM_GRIDSETOPTIONS):   end;
MPRINT(HPDM_GRIDSETOPTIONS):   index = index(optionString, reverse('GRIDDATASERVER'));
MPRINT(HPDM_GRIDSETOPTIONS):   if index then do;
MPRINT(HPDM_GRIDSETOPTIONS):   string = reverse(substr(optionString, 1, index-4));
MPRINT(HPDM_GRIDSETOPTIONS):   server = '"'!!strip(tranwrd(scan(string, 1, ']'), '"', ''))!!'"';
MPRINT(HPDM_GRIDSETOPTIONS):   call symput('_HPDMGRIDDATASERVER', strip(server));
MPRINT(HPDM_GRIDSETOPTIONS):   end;
MPRINT(HPDM_GRIDSETOPTIONS):   run;

NOTE: DATA statement used (Total process time):
      real time           0.00 seconds
      cpu time            0.00 seconds
      

MPRINT(EM_DIAGRAM):  ;

*------------------------------------------------------------* 
* 
* Filter : End update 
* datetime : 18MAR2021:21:40:52 
* 
*------------------------------------------------------------* 
17247      %em_getactionstatus(emlib =EMWS2, nodeid=Filter);
MPRINT(EM_DIAGRAM):   
MPRINT(EM_GETACTIONSTATUS):   proc display c=sashelp.emutil.getactionstatus.scl;
MPRINT(EM_GETACTIONSTATUS):   run;

17248      %let em_Train = Y;
17249      %let em_Report = Y;
17250      %let em_Score = Y;
17251      %let em_Run = Y;
NOTE: PROCEDURE DISPLAY used (Total process time):
      real time           0.00 seconds
      cpu time            0.00 seconds
      

MPRINT(EM_GETACTIONSTATUS):   
MPRINT(EM_DIAGRAM):  ;

17252      %let emloopmode =;
17253      %let emloopnumber =0;
17254      %let emloopId =Filter;
*------------------------------------------------------------* 
* 
* Filter : Running 
* datetime : 18MAR2021:21:40:52 
* 
*------------------------------------------------------------* 
17255      %let SYSCC =0;
17256      %let EMGROUPMODE =;
17257      %let EMGROUPID =;
MPRINT(EM_DIAGRAM):      filename temp catalog 'sashelp.emutil.em_vardist.source';
MPRINT(EM_DIAGRAM):   filename temp;
MPRINT(EM_DIAGRAM):   filename temp catalog 'sashelp.emutil.em_classdist.source';
MPRINT(EM_DIAGRAM):   filename temp;
MPRINT(EM_DIAGRAM):   filename temp catalog 'sashelp.emutil.em_checksetinit.source';
MPRINT(EM_DIAGRAM):   filename temp;
MPRINT(EM_DIAGRAM):   filename temp catalog 'sashelp.emutil.em_checkerror.source';
MPRINT(EM_DIAGRAM):   filename temp;
MPRINT(EM_DIAGRAM):   filename temp catalog 'sashelp.emutil.em_odsliston.source';
MPRINT(EM_DIAGRAM):   filename temp;
MPRINT(EM_DIAGRAM):   filename temp catalog 'sashelp.emutil.em_odslistoff.source';
MPRINT(EM_DIAGRAM):   filename temp;
MPRINT(EM_DIAGRAM):   filename temp catalog 'sashelp.emutil.em_getvarname.source';
MPRINT(EM_DIAGRAM):   filename temp;
MPRINT(EM_DIAGRAM):   filename temp catalog 'sashelp.emassmt.em_assess.source';
MPRINT(EM_DIAGRAM):   filename temp;
MPRINT(EM_DIAGRAM):    filename L1O3OIJE "C:\Users\Vlad\Documents\SGH\Data_Mining\DM\Workspaces\EMWS2\Filter\EMTRAIN.log" encoding="UTF-8" NOBOM;
MPRINT(EM_DIAGRAM):   proc printto log=L1O3OIJE new;
MPRINT(EM_DIAGRAM):   run;
