MPRINT(EM_DIAGRAM):    data _null_;
MPRINT(EM_DIAGRAM):   call symput('NLDATE', strip(put(date(), NLDATE.)));
MPRINT(EM_DIAGRAM):   call symput('NLTIME', strip(put(datetime(), NLTIME.)));
MPRINT(EM_DIAGRAM):   run;
MPRINT(EM_DIAGRAM):   data _null_;
MPRINT(EM_DIAGRAM):   nldate= sasmsg("sashelp.dmine", "log_date_note", 'N', "18 March 2021" );
MPRINT(EM_DIAGRAM):   nltime= sasmsg("sashelp.dmine", "log_time_note", 'N', "21:07:26" );
MPRINT(EM_DIAGRAM):   put "*------------------------------------------------------------*";
MPRINT(EM_DIAGRAM):   put "* Score Log";
MPRINT(EM_DIAGRAM):   put nldate;
MPRINT(EM_DIAGRAM):   put nltime;
MPRINT(EM_DIAGRAM):   put "*------------------------------------------------------------*";
MPRINT(EM_DIAGRAM):   run;
*------------------------------------------------------------*
* Score Log
Date:                18 March 2021
Time:                21:07:26
*------------------------------------------------------------*
MPRINT(EM_DIAGRAM):    filename O2VZVOJE "C:\Users\Vlad\Documents\SGH\Data_Mining\DM\Workspaces\EMWS2\Ids\EMSCORE.out" encoding="UTF-8" NOBOM;
MPRINT(EM_DIAGRAM):   proc printto print=O2VZVOJE new;
MPRINT(EM_DIAGRAM):   run;
18981      *------------------------------------------------------------*;
MPRINT(EM_DIAGRAM):    *------------------------------------------------------------*;
18982      * Ids: Computing metadata for DATA data;
MPRINT(EM_DIAGRAM):   * Ids: Computing metadata for DATA data;
18983      *------------------------------------------------------------*;
MPRINT(EM_DIAGRAM):   *------------------------------------------------------------*;

NOTE: Data file DANE.CHURN.DATA is in a format that is native to another host, or the file encoding does not match the session encoding. Cross Environment Data Access will be used, which might require additional CPU resources and might reduce performance.
NOTE: View EMWS2.IDS_DATA.VIEW used (Total process time):
      real time           0.04 seconds
      cpu time            0.03 seconds
      
NOTE: Data file DANE.CHURN.DATA is in a format that is native to another host, or the file encoding does not match the session encoding. Cross Environment Data Access will be used, which might require additional CPU resources and might reduce performance.
18984      data EMWS2.Ids_EMINFO;
MPRINT(EM_DIAGRAM):    data EMWS2.Ids_EMINFO;
18985      length TARGET KEY $32 DATA $43;
MPRINT(EM_DIAGRAM):   length TARGET KEY $32 DATA $43;
18986      TARGET="";
MPRINT(EM_DIAGRAM):   TARGET="";
18987      KEY="IDSTABLE";
MPRINT(EM_DIAGRAM):   KEY="IDSTABLE";
18988      DATA="DANE.CHURN";
MPRINT(EM_DIAGRAM):   DATA="DANE.CHURN";
18989      output;
MPRINT(EM_DIAGRAM):   output;
18990      TARGET="CHURN";
MPRINT(EM_DIAGRAM):   TARGET="CHURN";
18991      KEY="DECDATA";
MPRINT(EM_DIAGRAM):   KEY="DECDATA";
18992      DATA="EMWS2.Ids_CHURN_DD";
MPRINT(EM_DIAGRAM):   DATA="EMWS2.Ids_CHURN_DD";
18993      output;
MPRINT(EM_DIAGRAM):   output;
18994      TARGET="CHURN";
MPRINT(EM_DIAGRAM):   TARGET="CHURN";
18995      KEY="DECMETA";
MPRINT(EM_DIAGRAM):   KEY="DECMETA";
18996      DATA="EMWS2.Ids_CHURN_DM";
MPRINT(EM_DIAGRAM):   DATA="EMWS2.Ids_CHURN_DM";
18997      output;
MPRINT(EM_DIAGRAM):   output;
18998      run;
MPRINT(EM_DIAGRAM):   run;

NOTE: The data set EMWS2.IDS_EMINFO has 3 observations and 3 variables.
NOTE: DATA statement used (Total process time):
      real time           0.00 seconds
      cpu time            0.00 seconds
      

NOTE: Data file DANE.CHURN.DATA is in a format that is native to another host, or the file encoding does not match the session encoding. Cross Environment Data Access will be used, which might require additional CPU resources and might reduce performance.
NOTE: View EMWS2.IDS_DATA.VIEW used (Total process time):
      real time           0.03 seconds
      cpu time            0.03 seconds
      
18999      data EMWS2.Ids_CMeta_DATA;
MPRINT(EM_DIAGRAM):    data EMWS2.Ids_CMeta_DATA;
19000      set EMWS2.Ids_VariableSet;
MPRINT(EM_DIAGRAM):   set EMWS2.Ids_VariableSet;
19001      drop DROP;
MPRINT(EM_DIAGRAM):   drop DROP;
19002      where DROP='N';
MPRINT(EM_DIAGRAM):   where DROP='N';
19003      run;
MPRINT(EM_DIAGRAM):   run;

NOTE: There were 21 observations read from the data set EMWS2.IDS_VARIABLESET.
      WHERE DROP='N';
NOTE: The data set EMWS2.IDS_CMETA_DATA has 21 observations and 20 variables.
NOTE: DATA statement used (Total process time):
      real time           0.00 seconds
      cpu time            0.01 seconds
      

NOTE: Data file DANE.CHURN.DATA is in a format that is native to another host, or the file encoding does not match the session encoding. Cross Environment Data Access will be used, which might require additional CPU resources and might reduce performance.
MPRINT(EM_DIAGRAM):    proc printto;
MPRINT(EM_DIAGRAM):   run;
