MPRINT(EM_DIAGRAM):    data _null_;
MPRINT(EM_DIAGRAM):   call symput('NLDATE', strip(put(date(), NLDATE.)));
MPRINT(EM_DIAGRAM):   call symput('NLTIME', strip(put(datetime(), NLTIME.)));
MPRINT(EM_DIAGRAM):   run;
MPRINT(EM_DIAGRAM):   data _null_;
MPRINT(EM_DIAGRAM):   nldate= sasmsg("sashelp.dmine", "log_date_note", 'N', "18 March 2021" );
MPRINT(EM_DIAGRAM):   nltime= sasmsg("sashelp.dmine", "log_time_note", 'N', "21:07:25" );
MPRINT(EM_DIAGRAM):   put "*------------------------------------------------------------*";
MPRINT(EM_DIAGRAM):   put "* Training Log";
MPRINT(EM_DIAGRAM):   put nldate;
MPRINT(EM_DIAGRAM):   put nltime;
MPRINT(EM_DIAGRAM):   put "*------------------------------------------------------------*";
MPRINT(EM_DIAGRAM):   run;
*------------------------------------------------------------*
* Training Log
Date:                18 March 2021
Time:                21:07:25
*------------------------------------------------------------*
MPRINT(EM_DIAGRAM):    filename O2BI7Y1F "C:\Users\Vlad\Documents\SGH\Data_Mining\DM\Workspaces\EMWS2\Ids\EMTRAIN.out" encoding="UTF-8" NOBOM;
MPRINT(EM_DIAGRAM):   proc printto print=O2BI7Y1F new;
MPRINT(EM_DIAGRAM):   run;
MPRINT(EM_DIAGRAM):    filename _LOG "C:\Users\Vlad\Documents\SGH\Data_Mining\DM\Workspaces\EMWS2\Ids\EMLOG.log" encoding="UTF-8" NOBOM;
MPRINT(EM_DIAGRAM):    data _null_;
MPRINT(EM_DIAGRAM):   call symput('NLDATE', strip(put(date(), NLDATE.)));
MPRINT(EM_DIAGRAM):   call symput('NLTIME', strip(put(datetime(), NLTIME.)));
MPRINT(EM_DIAGRAM):   run;
MPRINT(EM_DIAGRAM):   data _null_;
MPRINT(EM_DIAGRAM):   nldate= sasmsg("sashelp.dmine", "log_date_note", 'N', "18 March 2021" );
MPRINT(EM_DIAGRAM):   nltime= sasmsg("sashelp.dmine", "log_time_note", 'N', "21:07:25" );
MPRINT(EM_DIAGRAM):   file _LOG;
MPRINT(EM_DIAGRAM):   put "*------------------------------------------------------------*";
MPRINT(EM_DIAGRAM):   put "User:                Vlad";
MPRINT(EM_DIAGRAM):   put nldate;
MPRINT(EM_DIAGRAM):   put nltime;
MPRINT(EM_DIAGRAM):   put "Site:                70115216";
MPRINT(EM_DIAGRAM):   put "Platform:            X64_10PRO";
MPRINT(EM_DIAGRAM):   put "Maintenance Release: 9.04.01M6P111518";
MPRINT(EM_DIAGRAM):   put "EM Version:          15.1";
MPRINT(EM_DIAGRAM):   put "* ";
MPRINT(EM_DIAGRAM):   run;
MPRINT(EM_DIAGRAM):    filename _LOGIN "C:\Users\Vlad\Documents\SGH\Data_Mining\DM\Workspaces\EMWS2\Ids\EMTRAIN.log" encoding="UTF-8" NOBOM;
MPRINT(EM_COPYFILE):   data _null_;
MPRINT(EM_COPYFILE):   length line $20000;
MPRINT(EM_COPYFILE):   file _LOG MOD lrecl=20000;
MPRINT(EM_COPYFILE):   fid=fopen("_LOGIN",'i',20000,'v');
MPRINT(EM_COPYFILE):   if fid > 0 then do;
MPRINT(EM_COPYFILE):   do while(^fread(fid));
MPRINT(EM_COPYFILE):   rlen = frlen(fid);
MPRINT(EM_COPYFILE):   rc= fget(fid,line,20000);
MPRINT(EM_COPYFILE):   start = length(line)-length(left(line))+1;
MPRINT(EM_COPYFILE):   line=strip(line);
MPRINT(EM_COPYFILE):   put @start line;
MPRINT(EM_COPYFILE):   end;
MPRINT(EM_COPYFILE):   if fid > 0 then rc=fclose(fid);
MPRINT(EM_COPYFILE):   end;
MPRINT(EM_COPYFILE):   run;
MPRINT(EM_DIAGRAM):  ;
MPRINT(EM_DIAGRAM):   filename _LOGIN;
MPRINT(EM_DIAGRAM):    data _null_;
MPRINT(EM_DIAGRAM):   file _LOG mod;
MPRINT(EM_DIAGRAM):   put _page_;
MPRINT(EM_DIAGRAM):   run;
MPRINT(EM_DIAGRAM):   filename _LOGIN "C:\Users\Vlad\Documents\SGH\Data_Mining\DM\Workspaces\EMWS2\Ids\EMSCORE.log" encoding="UTF-8" NOBOM;
MPRINT(EM_DIAGRAM):  ;
MPRINT(EM_DIAGRAM):   data _null_;
MPRINT(EM_DIAGRAM):   file _LOG mod;
MPRINT(EM_DIAGRAM):   put _page_;
MPRINT(EM_DIAGRAM):   run;
MPRINT(EM_DIAGRAM):    filename _LOGIN "C:\Users\Vlad\Documents\SGH\Data_Mining\DM\Workspaces\EMWS2\Ids\EMREPORT.log" encoding="UTF-8" NOBOM;
MPRINT(EM_DIAGRAM):  ;
MPRINT(EM_DIAGRAM):   filename _LOGIN;
MPRINT(EM_DIAGRAM):    filename _LOG;
MPRINT(EM_DIAGRAM):    filename _OUT "C:\Users\Vlad\Documents\SGH\Data_Mining\DM\Workspaces\EMWS2\Ids\EMOUTPUT.out" encoding="UTF-8" NOBOM;
MPRINT(EM_DIAGRAM):    data _null_;
MPRINT(EM_DIAGRAM):   call symput('NLDATE', strip(put(date(), NLDATE.)));
MPRINT(EM_DIAGRAM):   call symput('NLTIME', strip(put(datetime(), NLTIME.)));
MPRINT(EM_DIAGRAM):   run;
MPRINT(EM_DIAGRAM):   data _null_;
MPRINT(EM_DIAGRAM):   nldate= sasmsg("sashelp.dmine", "log_date_note", 'N', "18 March 2021" );
MPRINT(EM_DIAGRAM):   nltime= sasmsg("sashelp.dmine", "log_time_note", 'N', "21:07:25" );
MPRINT(EM_DIAGRAM):   file _OUT;
MPRINT(EM_DIAGRAM):   put "*------------------------------------------------------------*";
MPRINT(EM_DIAGRAM):   put "User:                Vlad";
MPRINT(EM_DIAGRAM):   put nldate;
MPRINT(EM_DIAGRAM):   put nltime;
MPRINT(EM_DIAGRAM):   put "*------------------------------------------------------------*";
MPRINT(EM_DIAGRAM):   put "* Training Output";
MPRINT(EM_DIAGRAM):   put "*------------------------------------------------------------*";
MPRINT(EM_DIAGRAM):   run;
MPRINT(EM_DIAGRAM):    filename _OUTIN "C:\Users\Vlad\Documents\SGH\Data_Mining\DM\Workspaces\EMWS2\Ids\EMTRAIN.out" encoding="UTF-8" NOBOM;
MPRINT(EM_DIAGRAM):   ;
MPRINT(EM_COPYFILE):   data _null_;
MPRINT(EM_COPYFILE):   length line $20000;
MPRINT(EM_COPYFILE):   file _OUT MOD lrecl=20000;
MPRINT(EM_COPYFILE):   fid=fopen("_OUTIN",'i',20000,'v');
MPRINT(EM_COPYFILE):   if fid > 0 then do;
MPRINT(EM_COPYFILE):   do while(^fread(fid));
MPRINT(EM_COPYFILE):   rlen = frlen(fid);
MPRINT(EM_COPYFILE):   rc= fget(fid,line,20000);
MPRINT(EM_COPYFILE):   start = length(line)-length(left(line))+1;
MPRINT(EM_COPYFILE):   line=strip(line);
MPRINT(EM_COPYFILE):   put @start line;
MPRINT(EM_COPYFILE):   end;
MPRINT(EM_COPYFILE):   if fid > 0 then rc=fclose(fid);
MPRINT(EM_COPYFILE):   end;
MPRINT(EM_COPYFILE):   run;
MPRINT(EM_DIAGRAM):  ;
MPRINT(EM_DIAGRAM):   filename _OUTIN;
MPRINT(EM_DIAGRAM):    data _null_;
MPRINT(EM_DIAGRAM):   file _OUT mod;
MPRINT(EM_DIAGRAM):   put _page_;
MPRINT(EM_DIAGRAM):   put // "*------------------------------------------------------------*";
MPRINT(EM_DIAGRAM):   put "* Score Output";
MPRINT(EM_DIAGRAM):   put "*------------------------------------------------------------*";
MPRINT(EM_DIAGRAM):   run;
MPRINT(EM_DIAGRAM):    filename _OUTIN "C:\Users\Vlad\Documents\SGH\Data_Mining\DM\Workspaces\EMWS2\Ids\EMSCORE.out" encoding="UTF-8" NOBOM;
MPRINT(EM_DIAGRAM):  ;
MPRINT(EM_DIAGRAM):   filename _OUTIN;
MPRINT(EM_DIAGRAM):    data _null_;
MPRINT(EM_DIAGRAM):   file _OUT mod;
MPRINT(EM_DIAGRAM):   put _page_;
MPRINT(EM_DIAGRAM):   put // "*------------------------------------------------------------*";
MPRINT(EM_DIAGRAM):   put "* Report Output";
MPRINT(EM_DIAGRAM):   put "*------------------------------------------------------------*";
MPRINT(EM_DIAGRAM):   run;
MPRINT(EM_DIAGRAM):    filename _OUTIN "C:\Users\Vlad\Documents\SGH\Data_Mining\DM\Workspaces\EMWS2\Ids\EMREPORT.out" encoding="UTF-8" NOBOM;
MPRINT(EM_DIAGRAM):  ;
MPRINT(EM_DIAGRAM):   filename _OUTIN;
MPRINT(EM_DIAGRAM):    filename _OUT;
MPRINT(EM_DIAGRAM):    filename _emtool_ 'C:\Users\Vlad\Documents\SGH\Data_Mining\DM\Workspaces\EMWS2\Ids\EMRUNSTATUS.xml' encoding="UTF-8" NOBOM;
18283      proc freq data=EMWS2.Ids_VariableSet noprint;
MPRINT(EM_DIAGRAM):    proc freq data=EMWS2.Ids_VariableSet noprint;
18284      table ROLE*LEVEL/out=WORK.IdsMETA;
MPRINT(EM_DIAGRAM):   table ROLE*LEVEL/out=WORK.IdsMETA;
18285      run;
MPRINT(EM_DIAGRAM):   run;

NOTE: There were 21 observations read from the data set EMWS2.IDS_VARIABLESET.
NOTE: The data set WORK.IDSMETA has 5 observations and 4 variables.
NOTE: PROCEDURE FREQ used (Total process time):
      real time           0.03 seconds
      cpu time            0.01 seconds
      

18286      proc print data=WORK.IdsMETA label noobs;
MPRINT(EM_DIAGRAM):   proc print data=WORK.IdsMETA label noobs;
18287      var ROLE LEVEL COUNT;
MPRINT(EM_DIAGRAM):   var ROLE LEVEL COUNT;
18288      label ROLE = "%sysfunc(sasmsg(sashelp.dmine, meta_role_vlabel, NOQUOTE))" LEVEL = "%sysfunc(sasmsg(sashelp.dmine, meta_level_vlabel, NOQUOTE))" COUNT = "%sysfunc(sasmsg(sashelp.dmine, rpt_count_vlabel, NOQUOTE))";
MPRINT(EM_DIAGRAM):   label ROLE = "Role" LEVEL = "Measurement Level" COUNT = "Frequency Count";
18289      title9 ' ';
MPRINT(EM_DIAGRAM):   title9 ' ';
18290      title10 "%sysfunc(sasmsg(sashelp.dmine, rpt_varSummary_title  , NOQUOTE))";
MPRINT(EM_DIAGRAM):   title10 "Variable Summary";
MPRINT(EM_DIAGRAM):   run;
18291      run;

NOTE: There were 5 observations read from the data set WORK.IDSMETA.
NOTE: The PROCEDURE PRINT printed page 1.
NOTE: PROCEDURE PRINT used (Total process time):
      real time           0.03 seconds
      cpu time            0.01 seconds
      

18292      title10;
MPRINT(EM_DIAGRAM):   title10;
18293      data _null_;
MPRINT(EM_DIAGRAM):    data _null_;
18294      rc = libref("DANE");
MPRINT(EM_DIAGRAM):   rc = libref("DANE");
18295      call symput('_librc', strip(put(rc, best.)));
MPRINT(EM_DIAGRAM):   call symput('_librc', strip(put(rc, best.)));
18296      run;
MPRINT(EM_DIAGRAM):   run;

NOTE: DATA statement used (Total process time):
      real time           0.00 seconds
      cpu time            0.01 seconds
      

18297      %let _engineTable =;
18298      data _null_;
MPRINT(EM_DIAGRAM):    data _null_;
18299      dsid = open("DANE.CHURN");
MPRINT(EM_DIAGRAM):   dsid = open("DANE.CHURN");
18300      if dsid then do;
MPRINT(EM_DIAGRAM):   if dsid then do;
18301      call symput('_engineTable', attrc(dsid, 'ENGINE'));
MPRINT(EM_DIAGRAM):   call symput('_engineTable', attrc(dsid, 'ENGINE'));
18302      dsid = close(dsid);
MPRINT(EM_DIAGRAM):   dsid = close(dsid);
18303      end;
MPRINT(EM_DIAGRAM):   end;
18304      run;
MPRINT(EM_DIAGRAM):   run;

NOTE: Data file DANE.CHURN.DATA is in a format that is native to another host, or the file encoding does not match the session encoding. Cross Environment Data Access will be used, which might require additional CPU resources and might reduce performance.
NOTE: DATA statement used (Total process time):
      real time           0.00 seconds
      cpu time            0.00 seconds
      

18305      %let _lasrFile=;
18306      %let _sasiolaFile=;
18307      data null_;
MPRINT(EM_DIAGRAM):    data null_;
18308      length lasrfile sasiolaFile $2000;
MPRINT(EM_DIAGRAM):   length lasrfile sasiolaFile $2000;
18309      LASRFile = pathname("EMWS2")!!"\"!!"HPDM\"!!"hpdmlasr";
MPRINT(EM_DIAGRAM):   LASRFile = pathname("EMWS2")!!"\"!!"HPDM\"!!"hpdmlasr";
18310      SASIOLAFile = pathname("EMWS2")!!"\"!!"HPDM\"!!'sasiola.sas';
MPRINT(EM_DIAGRAM):   SASIOLAFile = pathname("EMWS2")!!"\"!!"HPDM\"!!'sasiola.sas';
18311      call symput('_lasrFile', strip(lasrfile));
MPRINT(EM_DIAGRAM):   call symput('_lasrFile', strip(lasrfile));
18312      call symput('_sasiolaFile', strip(sasiolafile));
MPRINT(EM_DIAGRAM):   call symput('_sasiolaFile', strip(sasiolafile));
18313      run;
MPRINT(EM_DIAGRAM):   run;

NOTE: The data set WORK.NULL_ has 1 observations and 2 variables.
NOTE: DATA statement used (Total process time):
      real time           0.00 seconds
      cpu time            0.01 seconds
      

18314      %let _UseGrid = 0;
18315      %hpdm_performance(data=DANE.CHURN, isGrid=_UseGrid);
MPRINT(EM_DIAGRAM):   
NOTE: Data file DANE.CHURN.DATA is in a format that is native to another host, or the file encoding does not match the session encoding. Cross Environment Data Access will be used, which might require additional CPU resources and might reduce performance.
MPRINT(HPDM_PERFORMANCE):  ;
NOTE: Data file DANE.CHURN.DATA is in a format that is native to another host, or the file encoding does not match the session encoding. Cross Environment Data Access will be used, which might require additional CPU resources and might reduce performance.
PERFORMANCE  DETAILS
MPRINT(EM_DIAGRAM):  ;
18316      %put &_UseGrid;
0
18317      %let em_idskey =;
18318      data _null_;
MPRINT(EM_DIAGRAM):    data _null_;
18319      set EMWS2.Ids_VariableSet;
MPRINT(EM_DIAGRAM):   set EMWS2.Ids_VariableSet;
18320      where ROLE = 'KEY';
MPRINT(EM_DIAGRAM):   where ROLE = 'KEY';
18321      call symput('em_idskey', strip(tranwrd(name, '"', '""')));
MPRINT(EM_DIAGRAM):   call symput('em_idskey', strip(tranwrd(name, '"', '""')));
18322      run;
MPRINT(EM_DIAGRAM):   run;

NOTE: There were 0 observations read from the data set EMWS2.IDS_VARIABLESET.
      WHERE ROLE='KEY';
NOTE: DATA statement used (Total process time):
      real time           0.00 seconds
      cpu time            0.00 seconds
      

18323      %let emexceptionstring=;
18324      %EmAdviseColumns(DANE.CHURN, adviseMode=BASIC, applyIntervalLevelLowerLimit=N, applyMaxPercentMissing=N, applyMaxClassLevels=N, identifyEmptyColumns=N, maxLevelDetection=0, outdata=EMWS2.Ids_EMCMETADEFAULT, newdataflag=N);
MPRINT(EM_DIAGRAM):   
MPRINT(EMADVISECOLUMNS):   proc display c=sashelp.emmeta.advisecolumns.scl;
MPRINT(EMADVISECOLUMNS):   run;

18325      %let SYSCC = 0;
18326      %let _dsidTable = 0;
18327      %let _engineTable =;
18328      data _null_;
MPRINT(EMADVISECOLUMNS):    data _null_;
18329      dsid = open('DANE.CHURN');
MPRINT(EMADVISECOLUMNS):   dsid = open('DANE.CHURN');
18330      call symput('_dsidTable', strip(put(dsid, best.)));
MPRINT(EMADVISECOLUMNS):   call symput('_dsidTable', strip(put(dsid, best.)));
18331      if dsid then do;
MPRINT(EMADVISECOLUMNS):   if dsid then do;
18332      call symput('_engineTable', attrc(dsid, 'ENGINE'));
MPRINT(EMADVISECOLUMNS):   call symput('_engineTable', attrc(dsid, 'ENGINE'));
18333      dsid = close(dsid);
MPRINT(EMADVISECOLUMNS):   dsid = close(dsid);
18334      end;
MPRINT(EMADVISECOLUMNS):   end;
18335      run;
MPRINT(EMADVISECOLUMNS):   run;

NOTE: Data file DANE.CHURN.DATA is in a format that is native to another host, or the file encoding does not match the session encoding. Cross Environment Data Access will be used, which might require additional CPU resources and might reduce performance.
NOTE: DATA statement used (Total process time):
      real time           0.00 seconds
      cpu time            0.01 seconds
      

18336      options fmterr;
MPRINT(EMADVISECOLUMNS):    options fmterr;
18337      data _metaTestView;
MPRINT(EMADVISECOLUMNS):   data _metaTestView;
18338      set DANE.CHURN;
MPRINT(EMADVISECOLUMNS):   set DANE.CHURN;
NOTE: Data file DANE.CHURN.DATA is in a format that is native to another host, or the file encoding does not match the session encoding. Cross Environment Data Access will be used, which might require additional CPU resources and might reduce performance.
18339      if _N_=1 then do;
MPRINT(EMADVISECOLUMNS):   if _N_=1 then do;
18340      output;
MPRINT(EMADVISECOLUMNS):   output;
18341      stop;
MPRINT(EMADVISECOLUMNS):   stop;
18342      end;
MPRINT(EMADVISECOLUMNS):   end;
18343      run;
MPRINT(EMADVISECOLUMNS):   run;

NOTE: There were 1 observations read from the data set DANE.CHURN.
NOTE: The data set WORK._METATESTVIEW has 1 observations and 21 variables.
NOTE: DATA statement used (Total process time):
      real time           0.00 seconds
      cpu time            0.00 seconds
      

18344      proc contents data=DANE.CHURN
18345      out=WORK.M2M46AZ_ noprint;
NOTE: Data file DANE.CHURN.DATA is in a format that is native to another host, or the file encoding does not match the session encoding. Cross Environment Data Access will be used, which might require additional CPU resources and might reduce performance.
MPRINT(EMADVISECOLUMNS):    proc contents data=DANE.CHURN out=WORK.M2M46AZ_ noprint;
18346      run;
MPRINT(EMADVISECOLUMNS):   run;

NOTE: The data set WORK.M2M46AZ_ has 21 observations and 41 variables.
NOTE: PROCEDURE CONTENTS used (Total process time):
      real time           0.00 seconds
      cpu time            0.00 seconds
      

18347      data WORK.M2M46AZ_;
MPRINT(EMADVISECOLUMNS):    data WORK.M2M46AZ_;
18348      length NAME $ 64 TYPE $ 1 LABEL $ 200 FORMAT $ 36 INFORMAT $36 INDEX $ 1 INDEXTYPE $ 9;
MPRINT(EMADVISECOLUMNS):   length NAME $ 64 TYPE $ 1 LABEL $ 200 FORMAT $ 36 INFORMAT $36 INDEX $ 1 INDEXTYPE $ 9;
18349      label NAME =;
MPRINT(EMADVISECOLUMNS):   label NAME =;
18350      set WORK.M2M46AZ_(keep=name type length label format formatl formatd informat informl informd idxusage rename=(type=itype));
MPRINT(EMADVISECOLUMNS):   set WORK.M2M46AZ_(keep=name type length label format formatl formatd informat informl informd idxusage rename=(type=itype));
18351      if itype = 1 then type = 'N';
MPRINT(EMADVISECOLUMNS):   if itype = 1 then type = 'N';
18352      else type = 'C';
MPRINT(EMADVISECOLUMNS):   else type = 'C';
18353      if formatl > 0 then do;
MPRINT(EMADVISECOLUMNS):   if formatl > 0 then do;
18354      if format ne '' then do;
MPRINT(EMADVISECOLUMNS):   if format ne '' then do;
18355      if type='N' then format = strip(format)!!strip(put(formatl, best12.))!!'.'!!strip(put(formatd, best12.));
MPRINT(EMADVISECOLUMNS):   if type='N' then format = strip(format)!!strip(put(formatl, best12.))!!'.'!!strip(put(formatd, best12.));
18356      else format = strip(format)!!strip(put(formatl, best12.))!!'.';
MPRINT(EMADVISECOLUMNS):   else format = strip(format)!!strip(put(formatl, best12.))!!'.';
18357      end;
MPRINT(EMADVISECOLUMNS):   end;
18358      else format = strip(put(formatl, best12.))!!'.'!!strip(put(formatd, best12.));
MPRINT(EMADVISECOLUMNS):   else format = strip(put(formatl, best12.))!!'.'!!strip(put(formatd, best12.));
18359      end;
MPRINT(EMADVISECOLUMNS):   end;
18360      else if format ne '' then format = strip(format)!!'.';
MPRINT(EMADVISECOLUMNS):   else if format ne '' then format = strip(format)!!'.';
18361      if informl > 0 then do;
MPRINT(EMADVISECOLUMNS):   if informl > 0 then do;
18362      if informat ne ' ' then do;
MPRINT(EMADVISECOLUMNS):   if informat ne ' ' then do;
18363      if type='N' then informat = strip(informat)!!strip(put(informl, best12.))!!'.'!!strip(put(informd, best12.));
MPRINT(EMADVISECOLUMNS):   if type='N' then informat = strip(informat)!!strip(put(informl, best12.))!!'.'!!strip(put(informd, best12.));
18364      else informat = strip(informat)!!strip(put(informl, best12.))!!'.';
MPRINT(EMADVISECOLUMNS):   else informat = strip(informat)!!strip(put(informl, best12.))!!'.';
18365      end;
MPRINT(EMADVISECOLUMNS):   end;
18366      else informat = strip(put(informl, best12.))!!'.'!!strip(put(informd, best12.));
MPRINT(EMADVISECOLUMNS):   else informat = strip(put(informl, best12.))!!'.'!!strip(put(informd, best12.));
18367      end;
MPRINT(EMADVISECOLUMNS):   end;
18368      else if informat ne '' then informat = strip(informat)!!'.';
MPRINT(EMADVISECOLUMNS):   else if informat ne '' then informat = strip(informat)!!'.';
18369      if idxusage = 'NONE' then index ="N";
MPRINT(EMADVISECOLUMNS):   if idxusage = 'NONE' then index ="N";
18370      else index = "Y";
MPRINT(EMADVISECOLUMNS):   else index = "Y";
18371      indextype = idxusage;
MPRINT(EMADVISECOLUMNS):   indextype = idxusage;
18372      drop idxusage itype formatl formatd informl informd;
MPRINT(EMADVISECOLUMNS):   drop idxusage itype formatl formatd informl informd;
18373      run;
MPRINT(EMADVISECOLUMNS):   run;

NOTE: There were 21 observations read from the data set WORK.M2M46AZ_.
NOTE: The data set WORK.M2M46AZ_ has 21 observations and 8 variables.
NOTE: DATA statement used (Total process time):
      real time           0.00 seconds
      cpu time            0.01 seconds
      

18374      data WORK.M0TC_SP2;
MPRINT(EMADVISECOLUMNS):    data WORK.M0TC_SP2;
18375      length UNAME $64;
MPRINT(EMADVISECOLUMNS):   length UNAME $64;
18376      set WORK.M0TC_SP2;
MPRINT(EMADVISECOLUMNS):   set WORK.M0TC_SP2;
18377      UNAME = upcase(NAME);
MPRINT(EMADVISECOLUMNS):   UNAME = upcase(NAME);
18378      run;
MPRINT(EMADVISECOLUMNS):   run;

NOTE: There were 21 observations read from the data set WORK.M0TC_SP2.
NOTE: The data set WORK.M0TC_SP2 has 21 observations and 22 variables.
NOTE: DATA statement used (Total process time):
      real time           0.00 seconds
      cpu time            0.00 seconds
      

18379      data WORK.M2M46AZ_;
MPRINT(EMADVISECOLUMNS):    data WORK.M2M46AZ_;
18380      length UNAME $64;
MPRINT(EMADVISECOLUMNS):   length UNAME $64;
18381      set WORK.M2M46AZ_;
MPRINT(EMADVISECOLUMNS):   set WORK.M2M46AZ_;
18382      UNAME = upcase(NAME);
MPRINT(EMADVISECOLUMNS):   UNAME = upcase(NAME);
18383      run;
MPRINT(EMADVISECOLUMNS):   run;

NOTE: There were 21 observations read from the data set WORK.M2M46AZ_.
NOTE: The data set WORK.M2M46AZ_ has 21 observations and 9 variables.
NOTE: DATA statement used (Total process time):
      real time           0.00 seconds
      cpu time            0.00 seconds
      

MPRINT(EMADVISECOLUMNS):    proc sort data=WORK.M2M46AZ_ NOTHREADS;
MPRINT(EMADVISECOLUMNS):   by UNAME;
MPRINT(EMADVISECOLUMNS):   run;
MPRINT(EMADVISECOLUMNS):   proc sort data=WORK.M0TC_SP2 NOTHREADS;
MPRINT(EMADVISECOLUMNS):   by UNAME;
MPRINT(EMADVISECOLUMNS):   run;
MPRINT(EMADVISECOLUMNS):   data WORK.M0TC_SP2;
MPRINT(EMADVISECOLUMNS):   merge WORK.M0TC_SP2(in=_a) WORK.M2M46AZ_(in=_b);
MPRINT(EMADVISECOLUMNS):   by UNAME;
MPRINT(EMADVISECOLUMNS):   if _a and ^_b then delete;
MPRINT(EMADVISECOLUMNS):   run;
18395      data WORK.M0TC_SP2;
MPRINT(EMADVISECOLUMNS):    data WORK.M0TC_SP2;
18396      drop UNAME;
MPRINT(EMADVISECOLUMNS):   drop UNAME;
18397      set WORK.M0TC_SP2;
MPRINT(EMADVISECOLUMNS):   set WORK.M0TC_SP2;
18398      run;
MPRINT(EMADVISECOLUMNS):   run;

NOTE: There were 21 observations read from the data set WORK.M0TC_SP2.
NOTE: The data set WORK.M0TC_SP2 has 21 observations and 21 variables.
NOTE: DATA statement used (Total process time):
      real time           0.00 seconds
      cpu time            0.01 seconds
      

MPRINT(EMADVISECOLUMNS):    data WORK.M3DO8AC_(keep=NAME ATTR);
MPRINT(EMADVISECOLUMNS):   length ATTR $ 20;
MPRINT(EMADVISECOLUMNS):   set WORK.M0TC_SP2;
MPRINT(EMADVISECOLUMNS):   if level ne "INTERVAL" then do;
MPRINT(EMADVISECOLUMNS):   if order = ' ' then do;
MPRINT(EMADVISECOLUMNS):   attr = 'ORDER';
MPRINT(EMADVISECOLUMNS):   output;
MPRINT(EMADVISECOLUMNS):   end;
MPRINT(EMADVISECOLUMNS):   end;
MPRINT(EMADVISECOLUMNS):   if format ne ' ' and formattype = ' ' then do;
MPRINT(EMADVISECOLUMNS):   attr = 'FORMATTYPE';
MPRINT(EMADVISECOLUMNS):   output;
MPRINT(EMADVISECOLUMNS):   end;
MPRINT(EMADVISECOLUMNS):   if role = ' ' then do;
MPRINT(EMADVISECOLUMNS):   attr = 'ROLE';
MPRINT(EMADVISECOLUMNS):   output;
MPRINT(EMADVISECOLUMNS):   end;
MPRINT(EMADVISECOLUMNS):   if level = ' ' then do;
MPRINT(EMADVISECOLUMNS):   attr = 'LEVEL';
MPRINT(EMADVISECOLUMNS):   output;
MPRINT(EMADVISECOLUMNS):   end;
MPRINT(EMADVISECOLUMNS):   if type = ' ' then do;
MPRINT(EMADVISECOLUMNS):   attr = 'TYPE';
MPRINT(EMADVISECOLUMNS):   output;
MPRINT(EMADVISECOLUMNS):   end;
MPRINT(EMADVISECOLUMNS):   if index = ' ' then do;
MPRINT(EMADVISECOLUMNS):   attr = 'INDEX';
MPRINT(EMADVISECOLUMNS):   output;
MPRINT(EMADVISECOLUMNS):   end;
MPRINT(EMADVISECOLUMNS):   if report = ' ' then do;
MPRINT(EMADVISECOLUMNS):   attr = 'REPORT';
MPRINT(EMADVISECOLUMNS):   output;
MPRINT(EMADVISECOLUMNS):   end;
MPRINT(EMADVISECOLUMNS):   run;
MPRINT(EMADVISECOLUMNS):   proc sort NOTHREADS;
MPRINT(EMADVISECOLUMNS):   by attr;
MPRINT(EMADVISECOLUMNS):   run;
MPRINT(EMADVISECOLUMNS):    data WORK.M0TC_SP2;
MPRINT(EMADVISECOLUMNS):   length NAME $64 ROLE $ 32 LEVEL $ 10 ORDER $ 8 CREATOR $32 FORMATTYPE $ 10 FAMILY $ 10 LOWERLIMIT 8 UPPERLIMIT 8 REPORT $1 DISTRIBUTION $ 20 COMMENT $64;
MPRINT(EMADVISECOLUMNS):   length levelAssigned 8 roleAssigned 8 PRICE 8;
MPRINT(EMADVISECOLUMNS):   set WORK.M0TC_SP2;
MPRINT(EMADVISECOLUMNS):   if formattype = ' ' then do;
MPRINT(EMADVISECOLUMNS):   if format ne ' ' then do;
MPRINT(EMADVISECOLUMNS):   if type = 'N' then do;
MPRINT(EMADVISECOLUMNS):   pos = indexc(format,'.1234567890');
MPRINT(EMADVISECOLUMNS):   if pos > 1 then tempfmt = substr(format,1, pos-1);
MPRINT(EMADVISECOLUMNS):   else tempfmt = ' ';
MPRINT(EMADVISECOLUMNS):   flen = length(tempfmt);
MPRINT(EMADVISECOLUMNS):   select;
MPRINT(EMADVISECOLUMNS):   when(tempfmt in ("DATE" "DAY" "DDMMYY" "DOWNAME" "JULDAY" "JULIAN" "MMDDYY" "MMDDYYD" "MMDDYYC" "MMDDYYN" "MMDDYYP" "MMDDYYS" "MONNAME" "MONTH" "MONYY" "NENGO" "QTR" "QTRR" "WEEKDATE" "WEEKDATX" "WEEKDAY" "WORDDATE" "WORDDATX" 
"YEAR" "YYMMDD" "YYMON" "YYMMDDC" "YYMMDDD" "YYMMDDN" "YYMMDDP" "YYMMDDS" "EURDFDE" "NJDATE" "NLDATE" "EURDFDD" "EURDFDWN" "EURDFMN" "EURDFMY" "EURDFWK" "EURDFWKX" "EURDFWDX" "EURDFDN" "EURDFDE" )) formattype = 'DATE';
MPRINT(EMADVISECOLUMNS):   when(tempfmt in ("DATETIME" "EURDFDT" "TOD" )) formattype = "DATETIME";
MPRINT(EMADVISECOLUMNS):   when(tempfmt in ("HHMM" "HOUR" "MMSS" "TIME" "TIMEAMPM" )) formattype = "TIME";
MPRINT(EMADVISECOLUMNS):   when(tempfmt in ("COMMA" "COMMAX" "DOLLAR" "DOLLARX" "E" "FRACT" "NEGPAREN" "PERCENT")) formattype="QUANTITY";
MPRINT(EMADVISECOLUMNS):   when(tempfmt in ("BINARY" "HEX" "IB" "OCTAL" "PD" "PIB" "PK" "RB" "SSN" "Z" "ZD")) formattype = "CODING";
MPRINT(EMADVISECOLUMNS):   otherwise do;
MPRINT(EMADVISECOLUMNS):   formattype = "USER";
MPRINT(EMADVISECOLUMNS):   if compress(tempfmt, '0123456789.', '') = '' then formattype='NUM';
MPRINT(EMADVISECOLUMNS):   else if substr(tempfmt, 1, 6)='NLDATE' then formattype = "DATE";
MPRINT(EMADVISECOLUMNS):   else if substr(tempfmt, 1, 6)='NLDATM' then formattype = "DATETIME";
MPRINT(EMADVISECOLUMNS):   else if substr(tempfmt, 1, 4)='NLTIM' then formattype = "TIME";
MPRINT(EMADVISECOLUMNS):   else if flen >= 4 then do;
MPRINT(EMADVISECOLUMNS):   str = substr(tempfmt,1,4);
MPRINT(EMADVISECOLUMNS):   if str in ("MMYY" "YYMM" "YYQR") then formattype ="DATE";
MPRINT(EMADVISECOLUMNS):   else if str = "S370" then formattype = "CODING";
MPRINT(EMADVISECOLUMNS):   else if str = "BEST" then formattype = "NUM";
MPRINT(EMADVISECOLUMNS):   drop str;
MPRINT(EMADVISECOLUMNS):   end;
MPRINT(EMADVISECOLUMNS):   else if flen >=3 and substr(tempfmt,1,3) = "YYQ" then formatType = "DATE";
MPRINT(EMADVISECOLUMNS):   end;
MPRINT(EMADVISECOLUMNS):   end;
MPRINT(EMADVISECOLUMNS):   drop flen tempfmt pos;
MPRINT(EMADVISECOLUMNS):   end;
MPRINT(EMADVISECOLUMNS):   else do;
MPRINT(EMADVISECOLUMNS):   formatType = "CATEGORY";
MPRINT(EMADVISECOLUMNS):   end;
MPRINT(EMADVISECOLUMNS):   end;
MPRINT(EMADVISECOLUMNS):   if formatType = "NUM" then do;
MPRINT(EMADVISECOLUMNS):   if index = "Y" then formatType = "DISCRETE";
MPRINT(EMADVISECOLUMNS):   else formatType = "QUANTITY";
MPRINT(EMADVISECOLUMNS):   end;
MPRINT(EMADVISECOLUMNS):   end;
MPRINT(EMADVISECOLUMNS):   if level = ' ' then do;
MPRINT(EMADVISECOLUMNS):   if formatType in ("CATEGORY", "CODING", "ID") or type = "C" then level = "NOMINAL";
MPRINT(EMADVISECOLUMNS):   else level = "INTERVAL";
MPRINT(EMADVISECOLUMNS):   levelAssigned = 1;
MPRINT(EMADVISECOLUMNS):   end;
MPRINT(EMADVISECOLUMNS):   else level = upcase(level);
MPRINT(EMADVISECOLUMNS):   if role = ' ' then do;
MPRINT(EMADVISECOLUMNS):   length name_prefix $8 _uname $64;
MPRINT(EMADVISECOLUMNS):   drop name_prefix _uname _freqflag;
MPRINT(EMADVISECOLUMNS):   retain _freqflag;
MPRINT(EMADVISECOLUMNS):   if LENGTH> 80 then ROLE = 'TEXT';
MPRINT(EMADVISECOLUMNS):   _uname = upcase(NAME);
MPRINT(EMADVISECOLUMNS):   select(_uname);
MPRINT(EMADVISECOLUMNS):   when('_PARTIND_') do;
MPRINT(EMADVISECOLUMNS):   ROLE = 'ID';
MPRINT(EMADVISECOLUMNS):   LEVEL = 'NOMINAL';
MPRINT(EMADVISECOLUMNS):   end;
MPRINT(EMADVISECOLUMNS):   when('_WARN_') ROLE = 'ASSESS';
MPRINT(EMADVISECOLUMNS):   when('EM_SEGMENT') do;
MPRINT(EMADVISECOLUMNS):   ROLE = 'SEGMENT';
MPRINT(EMADVISECOLUMNS):   LEVEL = 'NOMINAL';
MPRINT(EMADVISECOLUMNS):   end;
MPRINT(EMADVISECOLUMNS):   when('_NODE_') do;
MPRINT(EMADVISECOLUMNS):   ROLE = 'SEGMENT';
MPRINT(EMADVISECOLUMNS):   LEVEL = 'NOMINAL';
MPRINT(EMADVISECOLUMNS):   end;
MPRINT(EMADVISECOLUMNS):   when('EM_CLASSTARGET') ROLE = 'ASSESS';
MPRINT(EMADVISECOLUMNS):   when('EM_VALUETARGET') ROLE = 'ASSESS';
MPRINT(EMADVISECOLUMNS):   when('EM_PREDICTION') ROLE = 'PREDICT';
MPRINT(EMADVISECOLUMNS):   when('EM_PROBABILITY') ROLE = 'PREDICT';
MPRINT(EMADVISECOLUMNS):   when('EM_EVENTPROBABILITY') ROLE = 'PREDICT';
MPRINT(EMADVISECOLUMNS):   when('EM_CLASSIFICATION') ROLE = 'CLASSIFICATION';
MPRINT(EMADVISECOLUMNS):   when('EM_DECISION') ROLE = 'DECISION';
MPRINT(EMADVISECOLUMNS):   when('EM_PROFIT') ROLE = 'ASSESS';
MPRINT(EMADVISECOLUMNS):   when('EM_LOSS') ROLE = 'ASSESS';
MPRINT(EMADVISECOLUMNS):   when('EM_ROI') ROLE = 'ASSESS';
MPRINT(EMADVISECOLUMNS):   when('URI') ROLE = 'URL';
MPRINT(EMADVISECOLUMNS):   when('FILTERED') ROLE = 'TEXTLOC';
MPRINT(EMADVISECOLUMNS):   otherwise do;
MPRINT(EMADVISECOLUMNS):   if upcase(NAME) =: 'ZIP' then do;
MPRINT(EMADVISECOLUMNS):   ROLE = 'REJECTED';
MPRINT(EMADVISECOLUMNS):   LEVEL = 'NOMINAL';
MPRINT(EMADVISECOLUMNS):   COMMENT = 'Rejected by: Exceed the maximum class level of %s';
MPRINT(EMADVISECOLUMNS):   end;
MPRINT(EMADVISECOLUMNS):   else if upcase(NAME) in('FREQ', 'FREQUENCY') then do;
MPRINT(EMADVISECOLUMNS):   ROLE = 'FREQ';
MPRINT(EMADVISECOLUMNS):   if TYPE = 'C' then ROLE = 'INPUT';
MPRINT(EMADVISECOLUMNS):   else if _freqflag =1 then ROLE='REJECTED';
MPRINT(EMADVISECOLUMNS):   end;
MPRINT(EMADVISECOLUMNS):   else do;
MPRINT(EMADVISECOLUMNS):   name_prefix = scan(_uname, 1, '_');
MPRINT(EMADVISECOLUMNS):   if scan(_uname, 2, '_') = '' then name_prefix='';
MPRINT(EMADVISECOLUMNS):   if name_prefix in('F', 'I', 'U') then do;
MPRINT(EMADVISECOLUMNS):   ROLE = 'CLASSIFICATION';
MPRINT(EMADVISECOLUMNS):   LEVEL = 'NOMINAL';
MPRINT(EMADVISECOLUMNS):   end;
MPRINT(EMADVISECOLUMNS):   else if name_prefix in('Q') then ROLE = 'ASSESS';
MPRINT(EMADVISECOLUMNS):   else if name_prefix in('P', 'V') then ROLE = 'PREDICT';
MPRINT(EMADVISECOLUMNS):   else if name_prefix in('R', 'RS', 'RT', 'RD', 'RDS', 'RDT', 'RA', 'RAS', 'RAT') then ROLE = 'RESIDUAL';
MPRINT(EMADVISECOLUMNS):   else if name_prefix ='D' then do;
MPRINT(EMADVISECOLUMNS):   ROLE = 'DECISION';
MPRINT(EMADVISECOLUMNS):   LEVEL = 'NOMINAL';
MPRINT(EMADVISECOLUMNS):   end;
MPRINT(EMADVISECOLUMNS):   else if name_prefix ='B' then do;
MPRINT(EMADVISECOLUMNS):   ROLE = 'SEGMENT';
MPRINT(EMADVISECOLUMNS):   LEVEL = 'NOMINAL';
MPRINT(EMADVISECOLUMNS):   end;
MPRINT(EMADVISECOLUMNS):   else if name_prefix in('EP', 'BP', 'CP', 'EL', 'CL', 'BL', 'ROI', 'IC') then ROLE = 'ASSESS';
MPRINT(EMADVISECOLUMNS):   else do;
MPRINT(EMADVISECOLUMNS):   array _ROLE_ (19) $32 _TEMPORARY_ ('ASSESS','CLASSIFICATION','CENSOR', 'COST', 'CROSSID', 'DECISION', 'ID','INPUT', 'LABEL', 'MISSING','PREDICT','REFERRER','REJECTED', 'RESIDUAL','SEGMENT', 'SEQUENCE','TARGET', 'TEXT', 'TIMEID');
MPRINT(EMADVISECOLUMNS):   drop _found_ i;
MPRINT(EMADVISECOLUMNS):   _found_=0;
MPRINT(EMADVISECOLUMNS):   do i=1 to 19 until(_found_=1);
MPRINT(EMADVISECOLUMNS):   if index(_uname, trim(_ROLE_{i}))=1 then do;
MPRINT(EMADVISECOLUMNS):   ROLE=_ROLE_{i};
MPRINT(EMADVISECOLUMNS):   if ROLE = 'ID' then LEVEL = 'NOMINAL';
MPRINT(EMADVISECOLUMNS):   else if ROLE = 'SEGMENT' then LEVEL = 'NOMINAL';
MPRINT(EMADVISECOLUMNS):   else if ROLE = 'TIMEID' and TYPE='N' then LEVEL = 'INTERVAL';
MPRINT(EMADVISECOLUMNS):   _found_=1;
MPRINT(EMADVISECOLUMNS):   end;
MPRINT(EMADVISECOLUMNS):   end;
MPRINT(EMADVISECOLUMNS):   if length(_uname)>2 then do;
MPRINT(EMADVISECOLUMNS):   if substr(reverse(trim(_uname)), 1, 3) = 'DI_' then do;
MPRINT(EMADVISECOLUMNS):   ROLE = 'ID';
MPRINT(EMADVISECOLUMNS):   LEVEL = 'NOMINAL';
MPRINT(EMADVISECOLUMNS):   end;
MPRINT(EMADVISECOLUMNS):   end;
MPRINT(EMADVISECOLUMNS):   end;
MPRINT(EMADVISECOLUMNS):   end;
MPRINT(EMADVISECOLUMNS):   end;
MPRINT(EMADVISECOLUMNS):   end;
MPRINT(EMADVISECOLUMNS):   if ROLE='FREQ' then _freqflag=1;
MPRINT(EMADVISECOLUMNS):   else if ROLE = 'CLASSIFICATION' then LEVEL = 'NOMINAL';
MPRINT(EMADVISECOLUMNS):   if symexist('RATEMKG_ROLE') then do;
MPRINT(EMADVISECOLUMNS):   if upcase(symget('RATEMKG_ROLE')) in('Y', 'YES') then do;
MPRINT(EMADVISECOLUMNS):   if _uname =: 'POLICY' then ROLE = 'POLICYID';
MPRINT(EMADVISECOLUMNS):   else if _uname in ('PARTITION', '_PARTIND_') then ROLE = 'PARTITION';
MPRINT(EMADVISECOLUMNS):   else if type = 'N' then do;
MPRINT(EMADVISECOLUMNS):   if _uname = 'EXPOSURE' then ROLE = 'EXPOSURE';
MPRINT(EMADVISECOLUMNS):   else if _uname = 'YEAR' then ROLE = 'YEAR';
MPRINT(EMADVISECOLUMNS):   else if _uname = 'WEIGHT' then ROLE = 'WEIGHT';
MPRINT(EMADVISECOLUMNS):   else if _uname = 'OFFSET' then ROLE = 'OFFSET';
MPRINT(EMADVISECOLUMNS):   end;
MPRINT(EMADVISECOLUMNS):   end;
MPRINT(EMADVISECOLUMNS):   end;
MPRINT(EMADVISECOLUMNS):   end;
MPRINT(EMADVISECOLUMNS):   if role = ' ' then do;
MPRINT(EMADVISECOLUMNS):   if formattype in('DATE', 'DATETIME', 'TIME') then role = 'TIMEID';
MPRINT(EMADVISECOLUMNS):   else role = 'INPUT';
MPRINT(EMADVISECOLUMNS):   roleAssigned = 1;
MPRINT(EMADVISECOLUMNS):   end;
MPRINT(EMADVISECOLUMNS):   else role = upcase(role);
MPRINT(EMADVISECOLUMNS):   if REPORT = '' then REPORT = 'N';
MPRINT(EMADVISECOLUMNS):   if symexist('dmwb_product') then do;
MPRINT(EMADVISECOLUMNS):   if upcase(symget('dmwb_product')) = 'FACTORYMINER_DATASOURCE' then do;
MPRINT(EMADVISECOLUMNS):   if ROLE ^in('INPUT', 'TARGET', 'REJECTED', 'SEGMENT', 'FREQ', 'ID', 'KEY') then ROLE='REJECTED';
MPRINT(EMADVISECOLUMNS):   end;
MPRINT(EMADVISECOLUMNS):   end;
MPRINT(EMADVISECOLUMNS):   run;
MPRINT(EMADVISECOLUMNS):    data WORK.M0TC_SP2;
MPRINT(EMADVISECOLUMNS):   set WORK.M0TC_SP2;
MPRINT(EMADVISECOLUMNS):   label NAME = "Variable Name" TYPE = "Type" ROLE = "Role" LEVEL= "Measurement Level" ORDER= "Order" CREATOR= "Creator" FORMATTYPE= "Format Type" FAMILY= "Family" DISTRIBUTION= "Distribution" PRICE= "Price" LOWERLIMIT= "Lower 
limit" UPPERLIMIT= "Upper Limit" REPORT= "Report" COMMENT= "Comment" INDEX= "Index" INDEXTYPE= "IndexType" LABEL= "Label" LENGTH= "Length";
MPRINT(EMADVISECOLUMNS):   drop levelAssigned roleAssigned;
MPRINT(EMADVISECOLUMNS):   run;
NOTE: PROCEDURE DISPLAY used (Total process time):
      real time           0.25 seconds
      cpu time            0.15 seconds
      

MPRINT(EMADVISECOLUMNS):   
MPRINT(EM_DIAGRAM):  ;

18649      %EmAdviseTable(DANE.CHURN, outdata=EMWS2.Ids_EMTMETADEFAULT, newdataflag=N);
MPRINT(EM_DIAGRAM):   
MPRINT(EMADVISETABLE):   proc display c=sashelp.emmeta.advisetable.scl;
MPRINT(EMADVISETABLE):   run;

18650      %let SYSCC = 0;
18651      data EMWS2.Ids_EMTMETADEFAULT;
MPRINT(EMADVISETABLE):    data EMWS2.Ids_EMTMETADEFAULT;
18652      set EMWS2.Ids_EMTMETADEFAULT;
MPRINT(EMADVISETABLE):   set EMWS2.Ids_EMTMETADEFAULT;
18653      length LIBNAME $8;
MPRINT(EMADVISETABLE):   length LIBNAME $8;
18654      LIBNAME = "DANE";
MPRINT(EMADVISETABLE):   LIBNAME = "DANE";
18655      run;
MPRINT(EMADVISETABLE):   run;

NOTE: There were 1 observations read from the data set EMWS2.IDS_EMTMETADEFAULT.
NOTE: The data set EMWS2.IDS_EMTMETADEFAULT has 1 observations and 15 variables.
NOTE: DATA statement used (Total process time):
      real time           0.00 seconds
      cpu time            0.00 seconds
      

MPRINT(EMADVISETABLE):    data _null_;
MPRINT(EMADVISETABLE):   dsid = open("DANE.CHURN");
MPRINT(EMADVISETABLE):   call symput("_DSID", put(dsid,BEST.));
MPRINT(EMADVISETABLE):   if dsid > 0 then dsid = close(dsid);
MPRINT(EMADVISETABLE):   run;
MPRINT(EMADVISETABLE):    ods output enginehost=em_tablehost;
MPRINT(EMADVISETABLE):   ods listing close;
MPRINT(EMADVISETABLE):   proc contents data=DANE.CHURN;
MPRINT(EMADVISETABLE):   run;
MPRINT(EMADVISETABLE):   ods listing;
MPRINT(EMADVISETABLE):    data WORK.M30K6Z7_;
MPRINT(EMADVISETABLE):   length MEMNAME $ 32 MEMTYPE $ 8 MEMLABEL $ 256 TYPEMEM $ 8 ENGINE $ 8 CRDATE 8 MODATE 8 NOBS 8 NCOLS 8 NBYTES 8 ROLE $ 20 USEEXTERNALDATA $1 SAMPLINGRATE 8 SEGMENT $ 20;
MPRINT(EMADVISETABLE):   set WORK.M30K6Z7_(obs=1);
MPRINT(EMADVISETABLE):   nobs = 3333;
MPRINT(EMADVISETABLE):   ncols = 21;
MPRINT(EMADVISETABLE):   nbytes = 541696;
MPRINT(EMADVISETABLE):   memname = "CHURN";
MPRINT(EMADVISETABLE):   memtype = "DATA    ";
MPRINT(EMADVISETABLE):   memlabel = "";
MPRINT(EMADVISETABLE):   typemem = "DATA    ";
MPRINT(EMADVISETABLE):   engine = "V9      ";
MPRINT(EMADVISETABLE):   crdate = 1734297203.954;
MPRINT(EMADVISETABLE):   modate = 1734297203.954;
MPRINT(EMADVISETABLE):   format crdate datetime16.;
MPRINT(EMADVISETABLE):   format modate datetime16.;
MPRINT(EMADVISETABLE):   if role = ' ' then role = 'TRAIN';
MPRINT(EMADVISETABLE):   output;
MPRINT(EMADVISETABLE):   run;
NOTE: PROCEDURE DISPLAY used (Total process time):
      real time           0.12 seconds
      cpu time            0.07 seconds
      

MPRINT(EMADVISETABLE):   
MPRINT(EM_DIAGRAM):  ;

18684      data EMWS2.Ids_EMCMETADEFAULT;
MPRINT(EM_DIAGRAM):    data EMWS2.Ids_EMCMETADEFAULT;
18685      set EMWS2.Ids_EMCMETADEFAULT;
MPRINT(EM_DIAGRAM):   set EMWS2.Ids_EMCMETADEFAULT;
18686      label DROP = "%sysfunc(sasmsg(sashelp.dmine, meta_drop_vlabel, NOQUOTE))";
MPRINT(EM_DIAGRAM):   label DROP = "Drop";
18687      if DROP='' then DROP='N';
MPRINT(EM_DIAGRAM):   if DROP='' then DROP='N';
18688      if type='C' and level='INTERVAL' then level='NOMINAL';
MPRINT(EM_DIAGRAM):   if type='C' and level='INTERVAL' then level='NOMINAL';
18689      if type='C' and role='FREQ' then role='INPUT';
MPRINT(EM_DIAGRAM):   if type='C' and role='FREQ' then role='INPUT';
18690      run;
MPRINT(EM_DIAGRAM):   run;

NOTE: There were 21 observations read from the data set EMWS2.IDS_EMCMETADEFAULT.
NOTE: The data set EMWS2.IDS_EMCMETADEFAULT has 21 observations and 21 variables.
NOTE: DATA statement used (Total process time):
      real time           0.00 seconds
      cpu time            0.00 seconds
      

18691      proc sort data=EMWS2.Ids_EMCMETADEFAULT;
MPRINT(EM_DIAGRAM):    proc sort data=EMWS2.Ids_EMCMETADEFAULT;
18692      by NAME;
MPRINT(EM_DIAGRAM):   by NAME;
18693      run;
MPRINT(EM_DIAGRAM):   run;

NOTE: There were 21 observations read from the data set EMWS2.IDS_EMCMETADEFAULT.
NOTE: The data set EMWS2.IDS_EMCMETADEFAULT has 21 observations and 21 variables.
NOTE: PROCEDURE SORT used (Total process time):
      real time           0.00 seconds
      cpu time            0.01 seconds
      

18694      proc sort data=EMWS2.Ids_VariableSet;
MPRINT(EM_DIAGRAM):   proc sort data=EMWS2.Ids_VariableSet;
18695      by NAME;
MPRINT(EM_DIAGRAM):   by NAME;
18696      run;
MPRINT(EM_DIAGRAM):   run;

NOTE: There were 21 observations read from the data set EMWS2.IDS_VARIABLESET.
NOTE: The data set EMWS2.IDS_VARIABLESET has 21 observations and 21 variables.
NOTE: PROCEDURE SORT used (Total process time):
      real time           0.00 seconds
      cpu time            0.00 seconds
      

18697      data EMWS2.Ids_VariableSet;
MPRINT(EM_DIAGRAM):   data EMWS2.Ids_VariableSet;
18698      merge EMWS2.Ids_EMCMETADEFAULT(in=_a) EMWS2.Ids_VariableSet(keep=NAME ROLE LEVEL ORDER DROP TYPE LOWERLIMIT UPPERLIMIT rename=(TYPE=OLDTYPE) in=_b);
MPRINT(EM_DIAGRAM):   merge EMWS2.Ids_EMCMETADEFAULT(in=_a) EMWS2.Ids_VariableSet(keep=NAME ROLE LEVEL ORDER DROP TYPE LOWERLIMIT UPPERLIMIT rename=(TYPE=OLDTYPE) in=_b);
18699      by NAME;
MPRINT(EM_DIAGRAM):   by NAME;
18700      if ^_a and _b then delete;
MPRINT(EM_DIAGRAM):   if ^_a and _b then delete;
18701      if type='C' and level='INTERVAL' then level='NOMINAL';
MPRINT(EM_DIAGRAM):   if type='C' and level='INTERVAL' then level='NOMINAL';
18702      if type='C' and role='FREQ' then role='INPUT';
MPRINT(EM_DIAGRAM):   if type='C' and role='FREQ' then role='INPUT';
18703      if (type ne oldtype) and (_a and _b) then do;
MPRINT(EM_DIAGRAM):   if (type ne oldtype) and (_a and _b) then do;
18704      if type ='N' then level='INTERVAL';
MPRINT(EM_DIAGRAM):   if type ='N' then level='INTERVAL';
18705      end;
MPRINT(EM_DIAGRAM):   end;
18706      drop oldtype;
MPRINT(EM_DIAGRAM):   drop oldtype;
18707      run;
MPRINT(EM_DIAGRAM):   run;

NOTE: There were 21 observations read from the data set EMWS2.IDS_EMCMETADEFAULT.
NOTE: There were 21 observations read from the data set EMWS2.IDS_VARIABLESET.
NOTE: The data set EMWS2.IDS_VARIABLESET has 21 observations and 21 variables.
NOTE: DATA statement used (Total process time):
      real time           0.00 seconds
      cpu time            0.00 seconds
      

18708      data EMWS2.Ids_CMeta_DATA;
MPRINT(EM_DIAGRAM):    data EMWS2.Ids_CMeta_DATA;
18709      set WORK.M3WMU3Q0;
MPRINT(EM_DIAGRAM):   set WORK.M3WMU3Q0;
18710      drop DROP;
MPRINT(EM_DIAGRAM):   drop DROP;
18711      where DROP='N';
MPRINT(EM_DIAGRAM):   where DROP='N';
18712      run;
MPRINT(EM_DIAGRAM):   run;

NOTE: There were 21 observations read from the data set WORK.M3WMU3Q0.
      WHERE DROP='N';
NOTE: The data set EMWS2.IDS_CMETA_DATA has 21 observations and 20 variables.
NOTE: DATA statement used (Total process time):
      real time           0.00 seconds
      cpu time            0.01 seconds
      

*------------------------------------------------------------* 
Ids: Using "DANE.CHURN" data source 
*------------------------------------------------------------* 
18713      *------------------------------------------------------------*;
MPRINT(EM_DIAGRAM):    *------------------------------------------------------------*;
18714      * Ids: Creating DATA data;
MPRINT(EM_DIAGRAM):   * Ids: Creating DATA data;
18715      *------------------------------------------------------------*;
MPRINT(EM_DIAGRAM):   *------------------------------------------------------------*;
18716      data EMWS2.Ids_DATA (label="")
18717      / view=EMWS2.Ids_DATA
18718      ;
MPRINT(EM_DIAGRAM):   data EMWS2.Ids_DATA (label="") / view=EMWS2.Ids_DATA ;
18719      set DANE.CHURN;
MPRINT(EM_DIAGRAM):   set DANE.CHURN;
NOTE: Data file DANE.CHURN.DATA is in a format that is native to another host, or the file encoding does not match the session encoding. Cross Environment Data Access will be used, which might require additional CPU resources and might reduce performance.
18720      run;
MPRINT(EM_DIAGRAM):   run;

NOTE: DATA STEP view saved on file EMWS2.IDS_DATA.
NOTE: A stored DATA STEP view cannot run under a different operating system.
NOTE: DATA statement used (Total process time):
      real time           0.01 seconds
      cpu time            0.01 seconds
      

18721      data WORK.IDSOUTPUT;
MPRINT(EM_DIAGRAM):    data WORK.IDSOUTPUT;
18722      length ATTRIBUTE $20 LABEL $50 VALUE $50;
MPRINT(EM_DIAGRAM):   length ATTRIBUTE $20 LABEL $50 VALUE $50;
18723      label LABEL= "%sysfunc(sasmsg(sashelp.dmine, rpt_attribute_vlabel,   NOQUOTE))";
MPRINT(EM_DIAGRAM):   label LABEL= "Attribute";
18724      label VALUE= "%sysfunc(sasmsg(sashelp.dmine, rpt_value_vlabel,       NOQUOTE))";
MPRINT(EM_DIAGRAM):   label VALUE= "Value";
18725      ATTRIBUTE = 'OUTPUT';
MPRINT(EM_DIAGRAM):   ATTRIBUTE = 'OUTPUT';
18726      LABEL = "%sysfunc(sasmsg(sashelp.dmine, rpt_labeloutput_value , NOQUOTE))";
MPRINT(EM_DIAGRAM):   LABEL = "Output Table";
18727      VALUE = "EMWS2.Ids_DATA";
MPRINT(EM_DIAGRAM):   VALUE = "EMWS2.Ids_DATA";
18728      output;
MPRINT(EM_DIAGRAM):   output;
18729      ATTRIBUTE = 'OUTPUTTYPE';
MPRINT(EM_DIAGRAM):   ATTRIBUTE = 'OUTPUTTYPE';
18730      LABEL = "%sysfunc(sasmsg(sashelp.dmine, rpt_labeloutputtype_value, NOQUOTE))";
MPRINT(EM_DIAGRAM):   LABEL = "Output Type";
18731      VALUE = "View";
MPRINT(EM_DIAGRAM):   VALUE = "View";
18732      output;
MPRINT(EM_DIAGRAM):   output;
18733      ATTRIBUTE = 'DROPVARS';
MPRINT(EM_DIAGRAM):   ATTRIBUTE = 'DROPVARS';
18734      LABEL = "%sysfunc(sasmsg(sashelp.dmine, rpt_labeldropvars_value, NOQUOTE))";
MPRINT(EM_DIAGRAM):   LABEL = "Dropped Variables";
18735      VALUE = "0";
MPRINT(EM_DIAGRAM):   VALUE = "0";
18736      output;
MPRINT(EM_DIAGRAM):   output;
18737      ATTRIBUTE = 'ROLE';
MPRINT(EM_DIAGRAM):   ATTRIBUTE = 'ROLE';
18738      LABEL = "%sysfunc(sasmsg(sashelp.dmine, rpt_labelrole_value , NOQUOTE))";
MPRINT(EM_DIAGRAM):   LABEL = "Data Mining Role";
18739      VALUE = "Raw";
MPRINT(EM_DIAGRAM):   VALUE = "Raw";
18740      output;
MPRINT(EM_DIAGRAM):   output;
18741      run;
MPRINT(EM_DIAGRAM):   run;

NOTE: The data set WORK.IDSOUTPUT has 4 observations and 3 variables.
NOTE: DATA statement used (Total process time):
      real time           0.01 seconds
      cpu time            0.00 seconds
      

18742      proc print data=WORK.IDSOUTPUT noobs label;
MPRINT(EM_DIAGRAM):   proc print data=WORK.IDSOUTPUT noobs label;
18743      var label value;
MPRINT(EM_DIAGRAM):   var label value;
18744      title9 ' ';
MPRINT(EM_DIAGRAM):   title9 ' ';
18745      title10 "%sysfunc(sasmsg(sashelp.dmine, rpt_outTableAttr_title, NOQUOTE))";
MPRINT(EM_DIAGRAM):   title10 "Output Table Attributes";
MPRINT(EM_DIAGRAM):   run;
18746      run;

NOTE: There were 4 observations read from the data set WORK.IDSOUTPUT.
NOTE: The PROCEDURE PRINT printed page 2.
NOTE: PROCEDURE PRINT used (Total process time):
      real time           0.00 seconds
      cpu time            0.00 seconds
      

18747      title10;
MPRINT(EM_DIAGRAM):   title10;
18748      proc contents noprint data=DANE.CHURN out=WORK.IDSCONTENT(drop=NAME TYPE LENGTH VARNUM LABEL FORMAT FORMATL FORMATD INFORMAT INFORML INFORMD JUST NPOS);
NOTE: Data file DANE.CHURN.DATA is in a format that is native to another host, or the file encoding does not match the session encoding. Cross Environment Data Access will be used, which might require additional CPU resources and might reduce performance.
MPRINT(EM_DIAGRAM):    proc contents noprint data=DANE.CHURN out=WORK.IDSCONTENT(drop=NAME TYPE LENGTH VARNUM LABEL FORMAT FORMATL FORMATD INFORMAT INFORML INFORMD JUST NPOS);
18749      run;
MPRINT(EM_DIAGRAM):   run;

NOTE: The data set WORK.IDSCONTENT has 21 observations and 28 variables.
NOTE: PROCEDURE CONTENTS used (Total process time):
      real time           0.01 seconds
      cpu time            0.00 seconds
      

18750      data WORK.IDSCONTENT;
MPRINT(EM_DIAGRAM):   data WORK.IDSCONTENT;
18751      set WORK.IDSCONTENT end=eof;
MPRINT(EM_DIAGRAM):   set WORK.IDSCONTENT end=eof;
18752      if eof then do;
MPRINT(EM_DIAGRAM):   if eof then do;
18753      NVARS = _n_;
MPRINT(EM_DIAGRAM):   NVARS = _n_;
18754      output;
MPRINT(EM_DIAGRAM):   output;
18755      end;
MPRINT(EM_DIAGRAM):   end;
18756      run;
MPRINT(EM_DIAGRAM):   run;

NOTE: There were 21 observations read from the data set WORK.IDSCONTENT.
NOTE: The data set WORK.IDSCONTENT has 1 observations and 29 variables.
NOTE: DATA statement used (Total process time):
      real time           0.00 seconds
      cpu time            0.00 seconds
      

18757      data WORK.IDSOUTPUT(keep=ATTRIBUTE LABEL VALUE);
MPRINT(EM_DIAGRAM):   data WORK.IDSOUTPUT(keep=ATTRIBUTE LABEL VALUE);
18758      length ATTRIBUTE $20 LABEL $50 VALUE $80;
MPRINT(EM_DIAGRAM):   length ATTRIBUTE $20 LABEL $50 VALUE $80;
18759      label LABEL= "%sysfunc(sasmsg(sashelp.dmine, rpt_attribute_vlabel,   NOQUOTE))";
MPRINT(EM_DIAGRAM):   label LABEL= "Attribute";
18760      label VALUE= "%sysfunc(sasmsg(sashelp.dmine, rpt_value_vlabel,       NOQUOTE))";
MPRINT(EM_DIAGRAM):   label VALUE= "Value";
18761      ;
MPRINT(EM_DIAGRAM):   ;
18762      dsid = open("WORK.IDSCONTENT");
MPRINT(EM_DIAGRAM):   dsid = open("WORK.IDSCONTENT");
18763      rc = fetch(dsid);
MPRINT(EM_DIAGRAM):   rc = fetch(dsid);
18764      nvars = attrn(dsid, 'NVARS');
MPRINT(EM_DIAGRAM):   nvars = attrn(dsid, 'NVARS');
18765      nobs = attrn(dsid, 'NOBS');
MPRINT(EM_DIAGRAM):   nobs = attrn(dsid, 'NOBS');
18766      ATTRIBUTE = 'DATASOURCE';
MPRINT(EM_DIAGRAM):   ATTRIBUTE = 'DATASOURCE';
18767      LABEL = "%sysfunc(sasmsg(sashelp.dmine, meta_datasource_vlabel, NOQUOTE))";
MPRINT(EM_DIAGRAM):   LABEL = "Data Source";
18768      VALUE="churn";
MPRINT(EM_DIAGRAM):   VALUE="churn";
18769      output;
MPRINT(EM_DIAGRAM):   output;
18770      ATTRIBUTE = '';
MPRINT(EM_DIAGRAM):   ATTRIBUTE = '';
18771      LABEL = '';
MPRINT(EM_DIAGRAM):   LABEL = '';
18772      VALUE='';
MPRINT(EM_DIAGRAM):   VALUE='';
18773      output;
MPRINT(EM_DIAGRAM):   output;
18774      do i=1 to nvars;
MPRINT(EM_DIAGRAM):   do i=1 to nvars;
18775      ATTRIBUTE = varname(dsid, i);
MPRINT(EM_DIAGRAM):   ATTRIBUTE = varname(dsid, i);
18776      LABEL = varlabel(dsid, i);
MPRINT(EM_DIAGRAM):   LABEL = varlabel(dsid, i);
18777      if vartype(dsid,i)='C' then do;
MPRINT(EM_DIAGRAM):   if vartype(dsid,i)='C' then do;
18778      VALUE = getvarc(dsid, i);
MPRINT(EM_DIAGRAM):   VALUE = getvarc(dsid, i);
18779      end;
MPRINT(EM_DIAGRAM):   end;
18780      else do;
MPRINT(EM_DIAGRAM):   else do;
18781      NVALUE = getvarn(dsid, i);
MPRINT(EM_DIAGRAM):   NVALUE = getvarn(dsid, i);
18782      if ATTRIBUTE in('CRDATE', 'MODATE') then VALUE = left(put(NVALUE, NLDATM20.));
MPRINT(EM_DIAGRAM):   if ATTRIBUTE in('CRDATE', 'MODATE') then VALUE = left(put(NVALUE, NLDATM20.));
18783      else VALUE = left(put(NVALUE, BEST12.));
MPRINT(EM_DIAGRAM):   else VALUE = left(put(NVALUE, BEST12.));
18784      end;
MPRINT(EM_DIAGRAM):   end;
18785      if ATTRIBUTE = 'NVARS' then do;
MPRINT(EM_DIAGRAM):   if ATTRIBUTE = 'NVARS' then do;
18786      LABEL = "%sysfunc(sasmsg(sashelp.dmine, rpt_labelvariables_value, NOQUOTE))";
MPRINT(EM_DIAGRAM):   LABEL = "Variables";
18787      end;
MPRINT(EM_DIAGRAM):   end;
18788      output;
MPRINT(EM_DIAGRAM):   output;
18789      end;
MPRINT(EM_DIAGRAM):   end;
18790      dsid=close(dsid);
MPRINT(EM_DIAGRAM):   dsid=close(dsid);
18791      run;
MPRINT(EM_DIAGRAM):   run;

NOTE: The data set WORK.IDSOUTPUT has 31 observations and 3 variables.
NOTE: DATA statement used (Total process time):
      real time           0.01 seconds
      cpu time            0.01 seconds
      

18792      proc print data=WORK.IDSOUTPUT noobs label;
MPRINT(EM_DIAGRAM):   proc print data=WORK.IDSOUTPUT noobs label;
18793      var label value;
MPRINT(EM_DIAGRAM):   var label value;
18794      title9 ' ';
MPRINT(EM_DIAGRAM):   title9 ' ';
18795      title10 "%sysfunc(sasmsg(sashelp.dmine, rpt_inTableAttr_title, NOQUOTE))";
MPRINT(EM_DIAGRAM):   title10 "Input Table Attributes";
MPRINT(EM_DIAGRAM):   run;
18796      run;

NOTE: There were 31 observations read from the data set WORK.IDSOUTPUT.
NOTE: The PROCEDURE PRINT printed page 3.
NOTE: PROCEDURE PRINT used (Total process time):
      real time           0.00 seconds
      cpu time            0.00 seconds
      

MPRINT(EM_DIAGRAM):    proc dmdb data=DANE.CHURN maxlevel=32 classOut=WORK._IDS_DMDBClass ;
MPRINT(EM_DIAGRAM):   class "CHURN"n (DESC) ;
MPRINT(EM_DIAGRAM):   run;
MPRINT(EM_DIAGRAM):    proc sort data=WORK._IDS_DMDBClass;
MPRINT(EM_DIAGRAM):   by NAME;
MPRINT(EM_DIAGRAM):   run;
MPRINT(EM_DIAGRAM):    data WORK.M0MY4ERG;
MPRINT(EM_DIAGRAM):   set WORK.M0MY4ERG;
MPRINT(EM_DIAGRAM):   where ROLE = 'FREQ' or NAME = "CHURN";
MPRINT(EM_DIAGRAM):   run;
MPRINT(EM_DIAGRAM):    data _null_;
MPRINT(EM_DIAGRAM):   set WORK._IDS_DMDBClass end=eof;
MPRINT(EM_DIAGRAM):   where NAME="CHURN" and strip(LEVEL) ^in('', '.');
MPRINT(EM_DIAGRAM):   if _N_=1 then do;
MPRINT(EM_DIAGRAM):   call execute("data WORK_TPTRAIN;");
MPRINT(EM_DIAGRAM):   end;
MPRINT(EM_DIAGRAM):   call execute("CHURN"!!'='!!strip(put(NRAW, best.))!!'; output;');
MPRINT(EM_DIAGRAM):   if eof then do;
MPRINT(EM_DIAGRAM):   call execute('run;');
MPRINT(EM_DIAGRAM):   end;
MPRINT(EM_DIAGRAM):   run;
MPRINT(EM_DIAGRAM):   data WORK_TPTRAIN;
MPRINT(EM_DIAGRAM):   CHURN=1;
MPRINT(EM_DIAGRAM):   output;
MPRINT(EM_DIAGRAM):   CHURN=0;
MPRINT(EM_DIAGRAM):   output;
MPRINT(EM_DIAGRAM):   run;
WORK_TPTRAIN WORK.WORK_TPTRAIN 
WORK_TPTRAIN WORK.WORK_TPTRAIN WORK WORK_TPTRAIN 
WORK.WORK_TPTRAIN WORK.WORK_TPTRAIN 
WORK.WORK_TPTRAIN WORK.WORK_TPTRAIN WORK WORK_TPTRAIN 
>>>>>>>>>>>>>> TARGET(   NAME='CHURN' 
                         ROLE='TARGET' 
                         LEVEL='BINARY' 
                         ORDER='' 
                         CREATOR='' 
                         FORMATTYPE='' 
                         FAMILY='' 
                         LOWERLIMIT=. 
                         UPPERLIMIT=. 
                         REPORT='N' 
                         DISTRIBUTION='' 
                         COMMENT='' 
                         PRICE=. 
                         TYPE='N' 
                         LABEL='Rezygnacja' 
                         FORMAT='' 
                         INFORMAT='' 
                         INDEX='N' 
                         INDEXTYPE='NONE' 
                         LENGTH=8 
                         DROP='N' 
                      )[14755] 
MPRINT(EM_DIAGRAM):   
MPRINT(HPDM_PERFORMANCE):  ;
PERFORMANCE  DETAILS
MPRINT(EM_DIAGRAM):  ;
MPRINT(EM_DIAGRAM):    *------------------------------------------------------------* ;
MPRINT(EM_DIAGRAM):   * EM: DMDBClass Macro ;
MPRINT(EM_DIAGRAM):   *------------------------------------------------------------* ;
MPRINT(EM_DIAGRAM):   *------------------------------------------------------------* ;
MPRINT(EM_DIAGRAM):   * EM: DMDBVar Macro ;
MPRINT(EM_DIAGRAM):   *------------------------------------------------------------* ;
MPRINT(EM_DIAGRAM):   *------------------------------------------------------------*;
MPRINT(EM_DIAGRAM):   * EM: Create DMDB;
MPRINT(EM_DIAGRAM):   *------------------------------------------------------------*;
MPRINT(EM_DIAGRAM):   proc dmdb batch data=WORK.WORK_TPTRAIN dmdbcat=WORK.EM_DMDB maxlevel = 513 ;
MPRINT(EM_DIAGRAM):   class
MPRINT(DMDBCLASS):   CHURN(DESC)
MPRINT(EM_DIAGRAM):  ;
MPRINT(EM_DIAGRAM):   target CHURN ;
MPRINT(EM_DIAGRAM):   run;
MPRINT(EM_DIAGRAM):   quit;
MPRINT(EM_DIAGRAM):   *--- end code ---*;
WORK.EM_DMDB WORK.EM_DMDB 
WORK.EM_DMDB WORK.EM_DMDB WORK EM_DMDB 
MPRINT(EM_DIAGRAM):    proc datasets lib=EMWS2 nolist;
MPRINT(EM_DIAGRAM):   modify Ids_CHURN_DD(type=PROFIT label= CHURN);
MPRINT(EM_DIAGRAM):   run;
MPRINT(EM_DIAGRAM):   quit;
MPRINT(EM_DIAGRAM):    data _classPercent;
MPRINT(EM_DIAGRAM):   set WORK._IDS_DMDBClass end=eof;
MPRINT(EM_DIAGRAM):   where NAME="CHURN" and LEVEL ^in('', '.');
MPRINT(EM_DIAGRAM):   Keep LEVEL FREQUENCY NMISSPERCENT TRAINPRIOR;
MPRINT(EM_DIAGRAM):   NMISSPERCENT = NMISSPERCENT/100;
MPRINT(EM_DIAGRAM):   TRAINPRIOR=NMISSPERCENT;
MPRINT(EM_DIAGRAM):   run;
MPRINT(EM_DIAGRAM):   proc sort data=_classPercent(rename=(LEVEL=CHURN NMISSPERCENT=DATAPRIOR FREQUENCY=COUNT));
MPRINT(EM_DIAGRAM):   by CHURN;
MPRINT(EM_DIAGRAM):   run;
MPRINT(EM_DIAGRAM):   data EMWS2.Ids_CHURN_DD;
MPRINT(EM_DIAGRAM):   set EMWS2.Ids_CHURN_DD;
MPRINT(EM_DIAGRAM):   _sortOrder = _N_;
MPRINT(EM_DIAGRAM):   run;
MPRINT(EM_DIAGRAM):   proc sort data=EMWS2.Ids_CHURN_DD;
MPRINT(EM_DIAGRAM):   by CHURN;
MPRINT(EM_DIAGRAM):   run;
MPRINT(EM_DIAGRAM):   data EMWS2.Ids_CHURN_DD;
MPRINT(EM_DIAGRAM):   merge EMWS2.Ids_CHURN_DD _classPercent;
MPRINT(EM_DIAGRAM):   by CHURN;
MPRINT(EM_DIAGRAM):   run;
MPRINT(EM_DIAGRAM):   proc sort data=EMWS2.Ids_CHURN_DD out=EMWS2.Ids_CHURN_DD(drop=_sortOrder);
MPRINT(EM_DIAGRAM):   by _sortOrder;
MPRINT(EM_DIAGRAM):   run;
MPRINT(EM_DIAGRAM):    proc printto;
MPRINT(EM_DIAGRAM):   run;
