 
                                                                                                                                                                                                                                                                
 
 
Summary Statistics for Class Targets

Data=DATA

            Numeric    Formatted    Frequency
Variable     Value       Value        Count      Percent    Label

komputer       0           0            753       37.65          
komputer       1           1           1247       62.35          


Data=TEST

            Numeric    Formatted    Frequency
Variable     Value       Value        Count      Percent    Label

komputer       0           0           226       37.6040         
komputer       1           1           375       62.3960         


Data=TRAIN

            Numeric    Formatted    Frequency
Variable     Value       Value        Count      Percent    Label

komputer       0           0           301       37.6721         
komputer       1           1           498       62.3279         


Data=VALIDATE

            Numeric    Formatted    Frequency
Variable     Value       Value        Count      Percent    Label

komputer       0           0           226       37.6667         
komputer       1           1           374       62.3333         
