MPRINT(EM_DIAGRAM):    data _null_;
MPRINT(EM_DIAGRAM):   call symput('NLDATE', strip(put(date(), NLDATE.)));
MPRINT(EM_DIAGRAM):   call symput('NLTIME', strip(put(datetime(), NLTIME.)));
MPRINT(EM_DIAGRAM):   run;
MPRINT(EM_DIAGRAM):   data _null_;
MPRINT(EM_DIAGRAM):   nldate= sasmsg("sashelp.dmine", "log_date_note", 'N', "18 March 2021" );
MPRINT(EM_DIAGRAM):   nltime= sasmsg("sashelp.dmine", "log_time_note", 'N', "20:36:42" );
MPRINT(EM_DIAGRAM):   put "*------------------------------------------------------------*";
MPRINT(EM_DIAGRAM):   put "* Training Log";
MPRINT(EM_DIAGRAM):   put nldate;
MPRINT(EM_DIAGRAM):   put nltime;
MPRINT(EM_DIAGRAM):   put "*------------------------------------------------------------*";
MPRINT(EM_DIAGRAM):   run;
*------------------------------------------------------------*
* Training Log
Date:                18 March 2021
Time:                20:36:42
*------------------------------------------------------------*
MPRINT(EM_DIAGRAM):    filename O0WWZ60J "C:\Users\Vlad\Documents\SGH\Data_Mining\DM\Workspaces\EMWS1\Part\EMTRAIN.out" encoding="UTF-8" NOBOM;
MPRINT(EM_DIAGRAM):   proc printto print=O0WWZ60J new;
MPRINT(EM_DIAGRAM):   run;
MPRINT(EM_DIAGRAM):    filename _LOG "C:\Users\Vlad\Documents\SGH\Data_Mining\DM\Workspaces\EMWS1\Part\EMLOG.log" encoding="UTF-8" NOBOM;
MPRINT(EM_DIAGRAM):    data _null_;
MPRINT(EM_DIAGRAM):   call symput('NLDATE', strip(put(date(), NLDATE.)));
MPRINT(EM_DIAGRAM):   call symput('NLTIME', strip(put(datetime(), NLTIME.)));
MPRINT(EM_DIAGRAM):   run;
MPRINT(EM_DIAGRAM):   data _null_;
MPRINT(EM_DIAGRAM):   nldate= sasmsg("sashelp.dmine", "log_date_note", 'N', "18 March 2021" );
MPRINT(EM_DIAGRAM):   nltime= sasmsg("sashelp.dmine", "log_time_note", 'N', "20:36:42" );
MPRINT(EM_DIAGRAM):   file _LOG;
MPRINT(EM_DIAGRAM):   put "*------------------------------------------------------------*";
MPRINT(EM_DIAGRAM):   put "User:                Vlad";
MPRINT(EM_DIAGRAM):   put nldate;
MPRINT(EM_DIAGRAM):   put nltime;
MPRINT(EM_DIAGRAM):   put "Site:                70115216";
MPRINT(EM_DIAGRAM):   put "Platform:            X64_10PRO";
MPRINT(EM_DIAGRAM):   put "Maintenance Release: 9.04.01M6P111518";
MPRINT(EM_DIAGRAM):   put "EM Version:          15.1";
MPRINT(EM_DIAGRAM):   put "* ";
MPRINT(EM_DIAGRAM):   run;
MPRINT(EM_DIAGRAM):    filename _LOGIN "C:\Users\Vlad\Documents\SGH\Data_Mining\DM\Workspaces\EMWS1\Part\EMTRAIN.log" encoding="UTF-8" NOBOM;
MPRINT(EM_COPYFILE):   data _null_;
MPRINT(EM_COPYFILE):   length line $20000;
MPRINT(EM_COPYFILE):   file _LOG MOD lrecl=20000;
MPRINT(EM_COPYFILE):   fid=fopen("_LOGIN",'i',20000,'v');
MPRINT(EM_COPYFILE):   if fid > 0 then do;
MPRINT(EM_COPYFILE):   do while(^fread(fid));
MPRINT(EM_COPYFILE):   rlen = frlen(fid);
MPRINT(EM_COPYFILE):   rc= fget(fid,line,20000);
MPRINT(EM_COPYFILE):   start = length(line)-length(left(line))+1;
MPRINT(EM_COPYFILE):   line=strip(line);
MPRINT(EM_COPYFILE):   put @start line;
MPRINT(EM_COPYFILE):   end;
MPRINT(EM_COPYFILE):   if fid > 0 then rc=fclose(fid);
MPRINT(EM_COPYFILE):   end;
MPRINT(EM_COPYFILE):   run;
MPRINT(EM_DIAGRAM):  ;
MPRINT(EM_DIAGRAM):   filename _LOGIN;
MPRINT(EM_DIAGRAM):    data _null_;
MPRINT(EM_DIAGRAM):   file _LOG mod;
MPRINT(EM_DIAGRAM):   put _page_;
MPRINT(EM_DIAGRAM):   run;
MPRINT(EM_DIAGRAM):   filename _LOGIN "C:\Users\Vlad\Documents\SGH\Data_Mining\DM\Workspaces\EMWS1\Part\EMSCORE.log" encoding="UTF-8" NOBOM;
MPRINT(EM_DIAGRAM):  ;
MPRINT(EM_DIAGRAM):   data _null_;
MPRINT(EM_DIAGRAM):   file _LOG mod;
MPRINT(EM_DIAGRAM):   put _page_;
MPRINT(EM_DIAGRAM):   run;
MPRINT(EM_DIAGRAM):    filename _LOGIN "C:\Users\Vlad\Documents\SGH\Data_Mining\DM\Workspaces\EMWS1\Part\EMREPORT.log" encoding="UTF-8" NOBOM;
MPRINT(EM_DIAGRAM):  ;
MPRINT(EM_DIAGRAM):   filename _LOGIN;
MPRINT(EM_DIAGRAM):    filename _LOG;
MPRINT(EM_DIAGRAM):    filename _OUT "C:\Users\Vlad\Documents\SGH\Data_Mining\DM\Workspaces\EMWS1\Part\EMOUTPUT.out" encoding="UTF-8" NOBOM;
MPRINT(EM_DIAGRAM):    data _null_;
MPRINT(EM_DIAGRAM):   call symput('NLDATE', strip(put(date(), NLDATE.)));
MPRINT(EM_DIAGRAM):   call symput('NLTIME', strip(put(datetime(), NLTIME.)));
MPRINT(EM_DIAGRAM):   run;
MPRINT(EM_DIAGRAM):   data _null_;
MPRINT(EM_DIAGRAM):   nldate= sasmsg("sashelp.dmine", "log_date_note", 'N', "18 March 2021" );
MPRINT(EM_DIAGRAM):   nltime= sasmsg("sashelp.dmine", "log_time_note", 'N', "20:36:42" );
MPRINT(EM_DIAGRAM):   file _OUT;
MPRINT(EM_DIAGRAM):   put "*------------------------------------------------------------*";
MPRINT(EM_DIAGRAM):   put "User:                Vlad";
MPRINT(EM_DIAGRAM):   put nldate;
MPRINT(EM_DIAGRAM):   put nltime;
MPRINT(EM_DIAGRAM):   put "*------------------------------------------------------------*";
MPRINT(EM_DIAGRAM):   put "* Training Output";
MPRINT(EM_DIAGRAM):   put "*------------------------------------------------------------*";
MPRINT(EM_DIAGRAM):   run;
MPRINT(EM_DIAGRAM):    filename _OUTIN "C:\Users\Vlad\Documents\SGH\Data_Mining\DM\Workspaces\EMWS1\Part\EMTRAIN.out" encoding="UTF-8" NOBOM;
MPRINT(EM_DIAGRAM):   ;
MPRINT(EM_COPYFILE):   data _null_;
MPRINT(EM_COPYFILE):   length line $20000;
MPRINT(EM_COPYFILE):   file _OUT MOD lrecl=20000;
MPRINT(EM_COPYFILE):   fid=fopen("_OUTIN",'i',20000,'v');
MPRINT(EM_COPYFILE):   if fid > 0 then do;
MPRINT(EM_COPYFILE):   do while(^fread(fid));
MPRINT(EM_COPYFILE):   rlen = frlen(fid);
MPRINT(EM_COPYFILE):   rc= fget(fid,line,20000);
MPRINT(EM_COPYFILE):   start = length(line)-length(left(line))+1;
MPRINT(EM_COPYFILE):   line=strip(line);
MPRINT(EM_COPYFILE):   put @start line;
MPRINT(EM_COPYFILE):   end;
MPRINT(EM_COPYFILE):   if fid > 0 then rc=fclose(fid);
MPRINT(EM_COPYFILE):   end;
MPRINT(EM_COPYFILE):   run;
MPRINT(EM_DIAGRAM):  ;
MPRINT(EM_DIAGRAM):   filename _OUTIN;
MPRINT(EM_DIAGRAM):    data _null_;
MPRINT(EM_DIAGRAM):   file _OUT mod;
MPRINT(EM_DIAGRAM):   put _page_;
MPRINT(EM_DIAGRAM):   put // "*------------------------------------------------------------*";
MPRINT(EM_DIAGRAM):   put "* Score Output";
MPRINT(EM_DIAGRAM):   put "*------------------------------------------------------------*";
MPRINT(EM_DIAGRAM):   run;
MPRINT(EM_DIAGRAM):    filename _OUTIN "C:\Users\Vlad\Documents\SGH\Data_Mining\DM\Workspaces\EMWS1\Part\EMSCORE.out" encoding="UTF-8" NOBOM;
MPRINT(EM_DIAGRAM):  ;
MPRINT(EM_DIAGRAM):   filename _OUTIN;
MPRINT(EM_DIAGRAM):    data _null_;
MPRINT(EM_DIAGRAM):   file _OUT mod;
MPRINT(EM_DIAGRAM):   put _page_;
MPRINT(EM_DIAGRAM):   put // "*------------------------------------------------------------*";
MPRINT(EM_DIAGRAM):   put "* Report Output";
MPRINT(EM_DIAGRAM):   put "*------------------------------------------------------------*";
MPRINT(EM_DIAGRAM):   run;
MPRINT(EM_DIAGRAM):    filename _OUTIN "C:\Users\Vlad\Documents\SGH\Data_Mining\DM\Workspaces\EMWS1\Part\EMREPORT.out" encoding="UTF-8" NOBOM;
MPRINT(EM_DIAGRAM):  ;
MPRINT(EM_DIAGRAM):   filename _OUTIN;
MPRINT(EM_DIAGRAM):    filename _OUT;
MPRINT(EM_DIAGRAM):    filename _emtool_ 'C:\Users\Vlad\Documents\SGH\Data_Mining\DM\Workspaces\EMWS1\Part\EMRUNSTATUS.xml' encoding="UTF-8" NOBOM;
MPRINT(EM_DIAGRAM):    filename _emtool_ 'C:\Users\Vlad\Documents\SGH\Data_Mining\DM\Workspaces\EMWS1\Part\EMRUNSTATUS.xml' encoding="UTF-8" NOBOM;
24267      proc freq data=EMWS1.Part_VariableSet noprint;
MPRINT(EM_DIAGRAM):    proc freq data=EMWS1.Part_VariableSet noprint;
24268      table ROLE*LEVEL/out=WORK.PartMETA;
MPRINT(EM_DIAGRAM):   table ROLE*LEVEL/out=WORK.PartMETA;
24269      run;
MPRINT(EM_DIAGRAM):   run;

NOTE: There were 10 observations read from the data set EMWS1.PART_VARIABLESET.
NOTE: The data set WORK.PARTMETA has 6 observations and 4 variables.
NOTE: PROCEDURE FREQ used (Total process time):
      real time           0.04 seconds
      cpu time            0.03 seconds
      

24270      proc print data=WORK.PartMETA label noobs;
MPRINT(EM_DIAGRAM):   proc print data=WORK.PartMETA label noobs;
24271      var ROLE LEVEL COUNT;
MPRINT(EM_DIAGRAM):   var ROLE LEVEL COUNT;
24272      label ROLE = "%sysfunc(sasmsg(sashelp.dmine, meta_role_vlabel, NOQUOTE))" LEVEL = "%sysfunc(sasmsg(sashelp.dmine, meta_level_vlabel, NOQUOTE))" COUNT = "%sysfunc(sasmsg(sashelp.dmine, rpt_count_vlabel, NOQUOTE))";
MPRINT(EM_DIAGRAM):   label ROLE = "Role" LEVEL = "Measurement Level" COUNT = "Frequency Count";
24273      title9 ' ';
MPRINT(EM_DIAGRAM):   title9 ' ';
24274      title10 "%sysfunc(sasmsg(sashelp.dmine, rpt_varSummary_title  , NOQUOTE))";
MPRINT(EM_DIAGRAM):   title10 "Variable Summary";
MPRINT(EM_DIAGRAM):   run;
24275      run;

NOTE: There were 6 observations read from the data set WORK.PARTMETA.
NOTE: The PROCEDURE PRINT printed page 4.
NOTE: PROCEDURE PRINT used (Total process time):
      real time           0.00 seconds
      cpu time            0.01 seconds
      

24276      title10;
MPRINT(EM_DIAGRAM):   title10;
MPRINT(EM_DIAGRAM):    *------------------------------------------------------------*;
MPRINT(EM_DIAGRAM):   * Part: Preparing metadata for Training;
MPRINT(EM_DIAGRAM):   *------------------------------------------------------------*;
MPRINT(EM_DIAGRAM):   data WORK.M1K661B7;
MPRINT(EM_DIAGRAM):   set WORK.M1K661B7;
MPRINT(EM_DIAGRAM):   where(PARTITIONROLE ne '' or ROLE='TARGET');
MPRINT(EM_DIAGRAM):   run;
trainPct=40 validatePct=30 testPct=30 
NOTE: Data file DANE.OSOBY.DATA is in a format that is native to another host, or the file encoding does not match the session encoding. Cross Environment Data Access will be used, which might require additional CPU resources and might reduce performance.
NOTE: View EMWS1.IDS_DATA.VIEW used (Total process time):
      real time           0.03 seconds
      cpu time            0.03 seconds
      
24284      *------------------------------------------------------------*;
MPRINT(EM_DIAGRAM):    *------------------------------------------------------------*;
24285      * Part: Retrieving stratification variable(s) levels;
MPRINT(EM_DIAGRAM):   * Part: Retrieving stratification variable(s) levels;
24286      *------------------------------------------------------------*;
MPRINT(EM_DIAGRAM):   *------------------------------------------------------------*;
24287      proc freq data=EMWS1.Ids_DATA noprint;
NOTE: Data file DANE.OSOBY.DATA is in a format that is native to another host, or the file encoding does not match the session encoding. Cross Environment Data Access will be used, which might require additional CPU resources and might reduce performance.
MPRINT(EM_DIAGRAM):   proc freq data=EMWS1.Ids_DATA noprint;
24288      table
24289      komputer
24290      /out=WORK.Part_FREQ(drop=percent);
MPRINT(EM_DIAGRAM):   table komputer /out=WORK.Part_FREQ(drop=percent);
24291      run;
MPRINT(EM_DIAGRAM):   run;

NOTE: View EMWS1.IDS_DATA.VIEW used (Total process time):
      real time           0.04 seconds
      cpu time            0.03 seconds
      
NOTE: There were 2000 observations read from the data set DANE.OSOBY.
NOTE: There were 2000 observations read from the data set EMWS1.IDS_DATA.
NOTE: The data set WORK.PART_FREQ has 2 observations and 2 variables.
NOTE: PROCEDURE FREQ used (Total process time):
      real time           0.06 seconds
      cpu time            0.03 seconds
      

24292      proc sort data=WORK.Part_FREQ;
MPRINT(EM_DIAGRAM):    proc sort data=WORK.Part_FREQ;
24293      by descending count;
MPRINT(EM_DIAGRAM):   by descending count;
24294      run;
MPRINT(EM_DIAGRAM):   run;

NOTE: There were 2 observations read from the data set WORK.PART_FREQ.
NOTE: The data set WORK.PART_FREQ has 2 observations and 2 variables.
NOTE: PROCEDURE SORT used (Total process time):
      real time           0.00 seconds
      cpu time            0.00 seconds
      

MPRINT(EM_DIAGRAM):   * Part: Retrieving levels that meet minimum requirement;
24295      * Part: Retrieving levels that meet minimum requirement;
24296      data WORK.Part_FREQ2(keep = count);
MPRINT(EM_DIAGRAM):   data WORK.Part_FREQ2(keep = count);
24297      set WORK.Part_FREQ;
MPRINT(EM_DIAGRAM):   set WORK.Part_FREQ;
24298      where (.01 * 40 * count) >= 3;
MPRINT(EM_DIAGRAM):   where (.01 * 40 * count) >= 3;
24299      run;
MPRINT(EM_DIAGRAM):   run;

NOTE: There were 2 observations read from the data set WORK.PART_FREQ.
      WHERE (0.4*count)>=3;
NOTE: The data set WORK.PART_FREQ2 has 2 observations and 1 variables.
NOTE: DATA statement used (Total process time):
      real time           0.00 seconds
      cpu time            0.00 seconds
      

24300      *------------------------------------------------------------*;
MPRINT(EM_DIAGRAM):    *------------------------------------------------------------*;
24301      * Part: Create stratified partitioning;
MPRINT(EM_DIAGRAM):   * Part: Create stratified partitioning;
24302      *------------------------------------------------------------*;
MPRINT(EM_DIAGRAM):   *------------------------------------------------------------*;
24303      data
24304      EMWS1.Part_TRAIN(label="")
24305      EMWS1.Part_VALIDATE(label="")
24306      EMWS1.Part_TEST(label="")
24307      ;
MPRINT(EM_DIAGRAM):   data EMWS1.Part_TRAIN(label="") EMWS1.PART_VALIDATE(label="") EMWS1.PART_TEST(label="") ;
24308      retain _seed_ 12345;
MPRINT(EM_DIAGRAM):   retain _seed_ 12345;
24309      drop _seed_ _genvalue_;
MPRINT(EM_DIAGRAM):   drop _seed_ _genvalue_;
24310      call ranuni(_seed_, _genvalue_);
MPRINT(EM_DIAGRAM):   call ranuni(_seed_, _genvalue_);
24311      label _dataobs_ = "%sysfunc(sasmsg(sashelp.dmine, sample_dataobs_vlabel, NOQUOTE))";
MPRINT(EM_DIAGRAM):   label _dataobs_ = "Observation Number";
24312      _dataobs_ = _N_;
MPRINT(EM_DIAGRAM):   _dataobs_ = _N_;
24313      drop _c00:;
MPRINT(EM_DIAGRAM):   drop _c00:;
24314      set EMWS1.Ids_DATA;
MPRINT(EM_DIAGRAM):   set EMWS1.Ids_DATA;
NOTE: Data file DANE.OSOBY.DATA is in a format that is native to another host, or the file encoding does not match the session encoding. Cross Environment Data Access will be used, which might require additional CPU resources and might reduce performance.
24315      if
24316      komputer = 1
24317      then do;
MPRINT(EM_DIAGRAM):   if komputer = 1 then do;
24318      if (1247+1-_C000004)*_genvalue_ <= (499 - _C000001) then do;
MPRINT(EM_DIAGRAM):   if (1247+1-_C000004)*_genvalue_ <= (499 - _C000001) then do;
24319      _C000001 + 1;
MPRINT(EM_DIAGRAM):   _C000001 + 1;
24320      output EMWS1.Part_TRAIN;
MPRINT(EM_DIAGRAM):   output EMWS1.Part_TRAIN;
24321      end;
MPRINT(EM_DIAGRAM):   end;
24322      else do;
MPRINT(EM_DIAGRAM):   else do;
24323      if (1247+1-_C000004)*_genvalue_ <= (499 - _C000001 + 374 - _C000002) then do;
MPRINT(EM_DIAGRAM):   if (1247+1-_C000004)*_genvalue_ <= (499 - _C000001 + 374 - _C000002) then do;
24324      _C000002 + 1;
MPRINT(EM_DIAGRAM):   _C000002 + 1;
24325      output EMWS1.Part_VALIDATE;
MPRINT(EM_DIAGRAM):   output EMWS1.Part_VALIDATE;
24326      end;
MPRINT(EM_DIAGRAM):   end;
24327      else do;
MPRINT(EM_DIAGRAM):   else do;
24328      _C000003 + 1;
MPRINT(EM_DIAGRAM):   _C000003 + 1;
24329      output EMWS1.Part_TEST;
MPRINT(EM_DIAGRAM):   output EMWS1.Part_TEST;
24330      end;
MPRINT(EM_DIAGRAM):   end;
24331      end;
MPRINT(EM_DIAGRAM):   end;
24332      _C000004+1;
MPRINT(EM_DIAGRAM):   _C000004+1;
24333      end;
MPRINT(EM_DIAGRAM):   end;
24334      else if
24335      komputer = 0
24336      then do;
MPRINT(EM_DIAGRAM):   else if komputer = 0 then do;
24337      if (753+1-_C000008)*_genvalue_ <= (301 - _C000005) then do;
MPRINT(EM_DIAGRAM):   if (753+1-_C000008)*_genvalue_ <= (301 - _C000005) then do;
24338      _C000005 + 1;
MPRINT(EM_DIAGRAM):   _C000005 + 1;
24339      output EMWS1.Part_TRAIN;
MPRINT(EM_DIAGRAM):   output EMWS1.Part_TRAIN;
24340      end;
MPRINT(EM_DIAGRAM):   end;
24341      else do;
MPRINT(EM_DIAGRAM):   else do;
24342      if (753+1-_C000008)*_genvalue_ <= (301 - _C000005 + 226 - _C000006) then do;
MPRINT(EM_DIAGRAM):   if (753+1-_C000008)*_genvalue_ <= (301 - _C000005 + 226 - _C000006) then do;
24343      _C000006 + 1;
MPRINT(EM_DIAGRAM):   _C000006 + 1;
24344      output EMWS1.Part_VALIDATE;
MPRINT(EM_DIAGRAM):   output EMWS1.Part_VALIDATE;
24345      end;
MPRINT(EM_DIAGRAM):   end;
24346      else do;
MPRINT(EM_DIAGRAM):   else do;
24347      _C000007 + 1;
MPRINT(EM_DIAGRAM):   _C000007 + 1;
24348      output EMWS1.Part_TEST;
MPRINT(EM_DIAGRAM):   output EMWS1.Part_TEST;
24349      end;
MPRINT(EM_DIAGRAM):   end;
24350      end;
MPRINT(EM_DIAGRAM):   end;
24351      _C000008+1;
MPRINT(EM_DIAGRAM):   _C000008+1;
24352      end;
MPRINT(EM_DIAGRAM):   end;
24353      run;
MPRINT(EM_DIAGRAM):   run;

NOTE: View EMWS1.IDS_DATA.VIEW used (Total process time):
      real time           0.03 seconds
      cpu time            0.03 seconds
      
NOTE: There were 2000 observations read from the data set DANE.OSOBY.
NOTE: There were 2000 observations read from the data set EMWS1.IDS_DATA.
NOTE: The data set EMWS1.PART_TRAIN has 799 observations and 11 variables.
NOTE: The data set EMWS1.PART_VALIDATE has 600 observations and 11 variables.
NOTE: The data set EMWS1.PART_TEST has 601 observations and 11 variables.
NOTE: DATA statement used (Total process time):
      real time           0.05 seconds
      cpu time            0.06 seconds
      

24354      data _tempNobs;
MPRINT(EM_DIAGRAM):    data _tempNobs;
24355      length Type $8 Table $32 Nobs 8;
MPRINT(EM_DIAGRAM):   length Type $8 Table $32 Nobs 8;
24356      label type= "%sysfunc(sasmsg(sashelp.dmine, meta_type_vlabel,    NOQUOTE))" table = "%sysfunc(sasmsg(sashelp.dmine, meta_dataset_vlabel, NOQUOTE))" nobs = "%sysfunc(sasmsg(sashelp.dmine,  rpt_numObs_vlabel,   NOQUOTE))";
MPRINT(EM_DIAGRAM):   label type= "Type" table = "Data Set" nobs = "Number of Observations";
24357      type='DATA';
MPRINT(EM_DIAGRAM):   type='DATA';
24358      table="EMWS1.Ids_DATA";
MPRINT(EM_DIAGRAM):   table="EMWS1.Ids_DATA";
24359      Nobs=2000;
MPRINT(EM_DIAGRAM):   Nobs=2000;
24360      output;
MPRINT(EM_DIAGRAM):   output;
24361      type='TRAIN';
MPRINT(EM_DIAGRAM):   type='TRAIN';
24362      table="EMWS1.Part_TRAIN";
MPRINT(EM_DIAGRAM):   table="EMWS1.Part_TRAIN";
24363      Nobs=799;
MPRINT(EM_DIAGRAM):   Nobs=799;
24364      output;
MPRINT(EM_DIAGRAM):   output;
24365      type='VALIDATE';
MPRINT(EM_DIAGRAM):   type='VALIDATE';
24366      table="EMWS1.Part_VALIDATE";
MPRINT(EM_DIAGRAM):   table="EMWS1.Part_VALIDATE";
24367      Nobs=600;
MPRINT(EM_DIAGRAM):   Nobs=600;
24368      output;
MPRINT(EM_DIAGRAM):   output;
24369      type='TEST';
MPRINT(EM_DIAGRAM):   type='TEST';
24370      table="EMWS1.Part_TEST";
MPRINT(EM_DIAGRAM):   table="EMWS1.Part_TEST";
24371      Nobs=601;
MPRINT(EM_DIAGRAM):   Nobs=601;
24372      output;
MPRINT(EM_DIAGRAM):   output;
24373      run;
MPRINT(EM_DIAGRAM):   run;

NOTE: The data set WORK._TEMPNOBS has 4 observations and 3 variables.
NOTE: DATA statement used (Total process time):
      real time           0.00 seconds
      cpu time            0.00 seconds
      

24374      %let _cn = %sysfunc(getoption(CENTER));
24375      %let _nb = %sysfunc(getoption(NUMBER));
24376      options nonumber nocenter;
MPRINT(EM_DIAGRAM):   options nonumber nocenter;
24377      proc print data=_tempNobs noobs label;
MPRINT(EM_DIAGRAM):   proc print data=_tempNobs noobs label;
24378      title9 ' ';
MPRINT(EM_DIAGRAM):   title9 ' ';
24379      title10 "%sysfunc(sasmsg(sashelp.dmine, rpt_partitionSummary_title, NOQUOTE))";
MPRINT(EM_DIAGRAM):   title10 "Partition Summary";
MPRINT(EM_DIAGRAM):   run;
24380      run;

NOTE: There were 4 observations read from the data set WORK._TEMPNOBS.
NOTE: The PROCEDURE PRINT printed page 5.
NOTE: PROCEDURE PRINT used (Total process time):
      real time           0.00 seconds
      cpu time            0.01 seconds
      

24381      title10;
MPRINT(EM_DIAGRAM):   title10;
24382      options &_cn &_nb;
MPRINT(EM_DIAGRAM):   options NOCENTER NONUMBER;
MPRINT(EM_DIAGRAM):   run;
24383      run;

MPRINT(EM_DIAGRAM):    proc printto;
MPRINT(EM_DIAGRAM):   run;
