 
                                                                                                                                                                                                                                                                
 
 
Variable Summary

            Measurement    Frequency
Role           Level         Count

INPUT        BINARY             2   
INPUT        INTERVAL          14   
INPUT        NOMINAL            1   
REJECTED     NOMINAL            3   
TARGET       BINARY             1   
 
                                                                                                                                                                                                                                                                
 
Class Variables

Obs    NAME        LEVEL      CODE     FREQUENCY    TYPE    CRAW    NRAW    FREQPERCENT    NMISSPERCENT

  1    CHURN         1           1           483     N                1       14.4914         14.4914  
  2    CHURN         0           0          2850     N                0       85.5086         85.5086  
  3    L_ROZBOK      0           1           697     N                0       20.9121         20.9121  
  4    L_ROZBOK      1           0          1181     N                1       35.4335         35.4335  
  5    L_ROZBOK      2           2           759     N                2       22.7723         22.7723  
  6    L_ROZBOK      3           3           429     N                3       12.8713         12.8713  
  7    L_ROZBOK      4           4           166     N                4        4.9805          4.9805  
  8    L_ROZBOK      5           5            66     N                5        1.9802          1.9802  
  9    L_ROZBOK      6           8            22     N                6        0.6601          0.6601  
 10    L_ROZBOK      7           6             9     N                7        0.2700          0.2700  
 11    L_ROZBOK      8           9             2     N                8        0.0600          0.0600  
 12    L_ROZBOK      9           7             2     N                9        0.0600          0.0600  
 13    PLAN_M        .           2             1     N                .        0.0300           .      
 14    PLAN_M        0           0          3009     N                0       90.2790         90.3061  
 15    PLAN_M        1           1           323     N                1        9.6910          9.6939  
 16    POCZTA_G      .           2             6     N                .        0.1800           .      
 17    POCZTA_G      0           1          2408     N                0       72.2472         72.3775  
 18    POCZTA_G      1           0           919     N                1       27.5728         27.6225  
 
                                                                                                                                                                                                                                                                
 
Interval Variables

Obs    NAME            NMISS            N     MIN       MAX       MEAN       STD      SKEWNESS    KURTOSIS

  1    CZAS_W              0         3333     1.00    243.00    101.065    39.8221     0.09661    -0.10784
  2    DZIENMIN            2         3331     0.00    350.80    179.762    54.4796    -0.02844    -0.02092
  3    DZIENOPL            0         3333     0.00     59.64     30.562     9.2594    -0.02908    -0.01981
  4    DZIENROZ            3         3330     0.00    165.00    100.441    20.0739    -0.11240     0.24287
  5    L_WIAD              2         3331     0.00     51.00      8.104    13.6910     1.26390    -0.05353
  6    M_MIN               0         3333     0.00     20.00     10.237     2.7918    -0.24514     0.60918
  7    M_OPL               0         3333     0.00      5.40      2.765     0.7538    -0.24529     0.60961
  8    M_ROZM              5         3328     0.00     20.00      4.480     2.4618     1.32240     3.08345
  9    NOCMIN              0         3333    23.20    395.00    200.872    50.5738     0.00892     0.08582
 10    NOCOPL              1         3332     1.04     17.77      9.040     2.2761     0.00848     0.08517
 11    NOCROZ              5         3328    33.00    175.00    100.112    19.5681     0.03224    -0.06987
 12    WIECZMIN            1         3332     0.00    363.70    200.975    50.7207    -0.02360     0.02490
 13    WIECZOPL            0         3333     0.00     30.91     17.084     4.3107    -0.02386     0.02549
 14    WIECZROZ            0         3333     0.00    170.00    100.114    19.9226    -0.05556     0.20616
