MPRINT(EM_DIAGRAM):    data _null_;
MPRINT(EM_DIAGRAM):   call symput('NLDATE', strip(put(date(), NLDATE.)));
MPRINT(EM_DIAGRAM):   call symput('NLTIME', strip(put(datetime(), NLTIME.)));
MPRINT(EM_DIAGRAM):   run;
MPRINT(EM_DIAGRAM):   data _null_;
MPRINT(EM_DIAGRAM):   nldate= sasmsg("sashelp.dmine", "log_date_note", 'N', "18 March 2021" );
MPRINT(EM_DIAGRAM):   nltime= sasmsg("sashelp.dmine", "log_time_note", 'N', "21:13:20" );
MPRINT(EM_DIAGRAM):   put "*------------------------------------------------------------*";
MPRINT(EM_DIAGRAM):   put "* Training Log";
MPRINT(EM_DIAGRAM):   put nldate;
MPRINT(EM_DIAGRAM):   put nltime;
MPRINT(EM_DIAGRAM):   put "*------------------------------------------------------------*";
MPRINT(EM_DIAGRAM):   run;
*------------------------------------------------------------*
* Training Log
Date:                18 March 2021
Time:                21:13:20
*------------------------------------------------------------*
MPRINT(EM_DIAGRAM):    filename O0QQRTFH "C:\Users\Vlad\Documents\SGH\Data_Mining\DM\Workspaces\EMWS2\Plot\EMTRAIN.out" encoding="UTF-8" NOBOM;
MPRINT(EM_DIAGRAM):   proc printto print=O0QQRTFH new;
MPRINT(EM_DIAGRAM):   run;
MPRINT(EM_DIAGRAM):    filename _LOG "C:\Users\Vlad\Documents\SGH\Data_Mining\DM\Workspaces\EMWS2\Plot\EMLOG.log" encoding="UTF-8" NOBOM;
MPRINT(EM_DIAGRAM):    data _null_;
MPRINT(EM_DIAGRAM):   call symput('NLDATE', strip(put(date(), NLDATE.)));
MPRINT(EM_DIAGRAM):   call symput('NLTIME', strip(put(datetime(), NLTIME.)));
MPRINT(EM_DIAGRAM):   run;
MPRINT(EM_DIAGRAM):   data _null_;
MPRINT(EM_DIAGRAM):   nldate= sasmsg("sashelp.dmine", "log_date_note", 'N', "18 March 2021" );
MPRINT(EM_DIAGRAM):   nltime= sasmsg("sashelp.dmine", "log_time_note", 'N', "21:13:20" );
MPRINT(EM_DIAGRAM):   file _LOG;
MPRINT(EM_DIAGRAM):   put "*------------------------------------------------------------*";
MPRINT(EM_DIAGRAM):   put "User:                Vlad";
MPRINT(EM_DIAGRAM):   put nldate;
MPRINT(EM_DIAGRAM):   put nltime;
MPRINT(EM_DIAGRAM):   put "Site:                70115216";
MPRINT(EM_DIAGRAM):   put "Platform:            X64_10PRO";
MPRINT(EM_DIAGRAM):   put "Maintenance Release: 9.04.01M6P111518";
MPRINT(EM_DIAGRAM):   put "EM Version:          15.1";
MPRINT(EM_DIAGRAM):   put "* ";
MPRINT(EM_DIAGRAM):   run;
MPRINT(EM_DIAGRAM):    filename _LOGIN "C:\Users\Vlad\Documents\SGH\Data_Mining\DM\Workspaces\EMWS2\Plot\EMTRAIN.log" encoding="UTF-8" NOBOM;
MPRINT(EM_COPYFILE):   data _null_;
MPRINT(EM_COPYFILE):   length line $20000;
MPRINT(EM_COPYFILE):   file _LOG MOD lrecl=20000;
MPRINT(EM_COPYFILE):   fid=fopen("_LOGIN",'i',20000,'v');
MPRINT(EM_COPYFILE):   if fid > 0 then do;
MPRINT(EM_COPYFILE):   do while(^fread(fid));
MPRINT(EM_COPYFILE):   rlen = frlen(fid);
MPRINT(EM_COPYFILE):   rc= fget(fid,line,20000);
MPRINT(EM_COPYFILE):   start = length(line)-length(left(line))+1;
MPRINT(EM_COPYFILE):   line=strip(line);
MPRINT(EM_COPYFILE):   put @start line;
MPRINT(EM_COPYFILE):   end;
MPRINT(EM_COPYFILE):   if fid > 0 then rc=fclose(fid);
MPRINT(EM_COPYFILE):   end;
MPRINT(EM_COPYFILE):   run;
MPRINT(EM_DIAGRAM):  ;
MPRINT(EM_DIAGRAM):   filename _LOGIN;
MPRINT(EM_DIAGRAM):    data _null_;
MPRINT(EM_DIAGRAM):   file _LOG mod;
MPRINT(EM_DIAGRAM):   put _page_;
MPRINT(EM_DIAGRAM):   run;
MPRINT(EM_DIAGRAM):   filename _LOGIN "C:\Users\Vlad\Documents\SGH\Data_Mining\DM\Workspaces\EMWS2\Plot\EMSCORE.log" encoding="UTF-8" NOBOM;
MPRINT(EM_DIAGRAM):  ;
MPRINT(EM_DIAGRAM):   data _null_;
MPRINT(EM_DIAGRAM):   file _LOG mod;
MPRINT(EM_DIAGRAM):   put _page_;
MPRINT(EM_DIAGRAM):   run;
MPRINT(EM_DIAGRAM):    filename _LOGIN "C:\Users\Vlad\Documents\SGH\Data_Mining\DM\Workspaces\EMWS2\Plot\EMREPORT.log" encoding="UTF-8" NOBOM;
MPRINT(EM_DIAGRAM):  ;
MPRINT(EM_DIAGRAM):   filename _LOGIN;
MPRINT(EM_DIAGRAM):    filename _LOG;
MPRINT(EM_DIAGRAM):    filename _OUT "C:\Users\Vlad\Documents\SGH\Data_Mining\DM\Workspaces\EMWS2\Plot\EMOUTPUT.out" encoding="UTF-8" NOBOM;
MPRINT(EM_DIAGRAM):    data _null_;
MPRINT(EM_DIAGRAM):   call symput('NLDATE', strip(put(date(), NLDATE.)));
MPRINT(EM_DIAGRAM):   call symput('NLTIME', strip(put(datetime(), NLTIME.)));
MPRINT(EM_DIAGRAM):   run;
MPRINT(EM_DIAGRAM):   data _null_;
MPRINT(EM_DIAGRAM):   nldate= sasmsg("sashelp.dmine", "log_date_note", 'N', "18 March 2021" );
MPRINT(EM_DIAGRAM):   nltime= sasmsg("sashelp.dmine", "log_time_note", 'N', "21:13:20" );
MPRINT(EM_DIAGRAM):   file _OUT;
MPRINT(EM_DIAGRAM):   put "*------------------------------------------------------------*";
MPRINT(EM_DIAGRAM):   put "User:                Vlad";
MPRINT(EM_DIAGRAM):   put nldate;
MPRINT(EM_DIAGRAM):   put nltime;
MPRINT(EM_DIAGRAM):   put "*------------------------------------------------------------*";
MPRINT(EM_DIAGRAM):   put "* Training Output";
MPRINT(EM_DIAGRAM):   put "*------------------------------------------------------------*";
MPRINT(EM_DIAGRAM):   run;
MPRINT(EM_DIAGRAM):    filename _OUTIN "C:\Users\Vlad\Documents\SGH\Data_Mining\DM\Workspaces\EMWS2\Plot\EMTRAIN.out" encoding="UTF-8" NOBOM;
MPRINT(EM_DIAGRAM):   ;
MPRINT(EM_COPYFILE):   data _null_;
MPRINT(EM_COPYFILE):   length line $20000;
MPRINT(EM_COPYFILE):   file _OUT MOD lrecl=20000;
MPRINT(EM_COPYFILE):   fid=fopen("_OUTIN",'i',20000,'v');
MPRINT(EM_COPYFILE):   if fid > 0 then do;
MPRINT(EM_COPYFILE):   do while(^fread(fid));
MPRINT(EM_COPYFILE):   rlen = frlen(fid);
MPRINT(EM_COPYFILE):   rc= fget(fid,line,20000);
MPRINT(EM_COPYFILE):   start = length(line)-length(left(line))+1;
MPRINT(EM_COPYFILE):   line=strip(line);
MPRINT(EM_COPYFILE):   put @start line;
MPRINT(EM_COPYFILE):   end;
MPRINT(EM_COPYFILE):   if fid > 0 then rc=fclose(fid);
MPRINT(EM_COPYFILE):   end;
MPRINT(EM_COPYFILE):   run;
MPRINT(EM_DIAGRAM):  ;
MPRINT(EM_DIAGRAM):   filename _OUTIN;
MPRINT(EM_DIAGRAM):    data _null_;
MPRINT(EM_DIAGRAM):   file _OUT mod;
MPRINT(EM_DIAGRAM):   put _page_;
MPRINT(EM_DIAGRAM):   put // "*------------------------------------------------------------*";
MPRINT(EM_DIAGRAM):   put "* Score Output";
MPRINT(EM_DIAGRAM):   put "*------------------------------------------------------------*";
MPRINT(EM_DIAGRAM):   run;
MPRINT(EM_DIAGRAM):    filename _OUTIN "C:\Users\Vlad\Documents\SGH\Data_Mining\DM\Workspaces\EMWS2\Plot\EMSCORE.out" encoding="UTF-8" NOBOM;
MPRINT(EM_DIAGRAM):  ;
MPRINT(EM_DIAGRAM):   filename _OUTIN;
MPRINT(EM_DIAGRAM):    data _null_;
MPRINT(EM_DIAGRAM):   file _OUT mod;
MPRINT(EM_DIAGRAM):   put _page_;
MPRINT(EM_DIAGRAM):   put // "*------------------------------------------------------------*";
MPRINT(EM_DIAGRAM):   put "* Report Output";
MPRINT(EM_DIAGRAM):   put "*------------------------------------------------------------*";
MPRINT(EM_DIAGRAM):   run;
MPRINT(EM_DIAGRAM):    filename _OUTIN "C:\Users\Vlad\Documents\SGH\Data_Mining\DM\Workspaces\EMWS2\Plot\EMREPORT.out" encoding="UTF-8" NOBOM;
MPRINT(EM_DIAGRAM):  ;
MPRINT(EM_DIAGRAM):   filename _OUTIN;
MPRINT(EM_DIAGRAM):    filename _OUT;
MPRINT(EM_DIAGRAM):    filename _emtool_ 'C:\Users\Vlad\Documents\SGH\Data_Mining\DM\Workspaces\EMWS2\Plot\EMRUNSTATUS.xml' encoding="UTF-8" NOBOM;
MPRINT(EM_DIAGRAM):    filename _emtool_ 'C:\Users\Vlad\Documents\SGH\Data_Mining\DM\Workspaces\EMWS2\Plot\EMRUNSTATUS.xml' encoding="UTF-8" NOBOM;
18336      proc freq data=EMWS2.Plot_VariableSet noprint;
MPRINT(EM_DIAGRAM):    proc freq data=EMWS2.Plot_VariableSet noprint;
18337      table ROLE*LEVEL/out=WORK.PlotMETA;
MPRINT(EM_DIAGRAM):   table ROLE*LEVEL/out=WORK.PlotMETA;
18338      run;
MPRINT(EM_DIAGRAM):   run;

NOTE: There were 21 observations read from the data set EMWS2.PLOT_VARIABLESET.
NOTE: The data set WORK.PLOTMETA has 5 observations and 4 variables.
NOTE: PROCEDURE FREQ used (Total process time):
      real time           0.02 seconds
      cpu time            0.00 seconds
      

18339      proc print data=WORK.PlotMETA label noobs;
MPRINT(EM_DIAGRAM):   proc print data=WORK.PlotMETA label noobs;
18340      var ROLE LEVEL COUNT;
MPRINT(EM_DIAGRAM):   var ROLE LEVEL COUNT;
18341      label ROLE = "%sysfunc(sasmsg(sashelp.dmine, meta_role_vlabel, NOQUOTE))" LEVEL = "%sysfunc(sasmsg(sashelp.dmine, meta_level_vlabel, NOQUOTE))" COUNT = "%sysfunc(sasmsg(sashelp.dmine, rpt_count_vlabel, NOQUOTE))";
MPRINT(EM_DIAGRAM):   label ROLE = "Role" LEVEL = "Measurement Level" COUNT = "Frequency Count";
18342      title9 ' ';
MPRINT(EM_DIAGRAM):   title9 ' ';
18343      title10 "%sysfunc(sasmsg(sashelp.dmine, rpt_varSummary_title  , NOQUOTE))";
MPRINT(EM_DIAGRAM):   title10 "Variable Summary";
MPRINT(EM_DIAGRAM):   run;
18344      run;

NOTE: There were 5 observations read from the data set WORK.PLOTMETA.
NOTE: The PROCEDURE PRINT printed page 1.
NOTE: PROCEDURE PRINT used (Total process time):
      real time           0.01 seconds
      cpu time            0.01 seconds
      

18345      title10;
MPRINT(EM_DIAGRAM):   title10;
MPRINT(EM_DIAGRAM):    data WORK.M2E_20LE;
MPRINT(EM_DIAGRAM):   set WORK.M2E_20LE;
MPRINT(EM_DIAGRAM):   if role = 'TARGET' and use in ('Y', 'D') then do;
MPRINT(EM_DIAGRAM):   role = 'TARGET';
MPRINT(EM_DIAGRAM):   output;
MPRINT(EM_DIAGRAM):   end;
MPRINT(EM_DIAGRAM):   else if role in('REJECTED' 'PREDICT' 'RESIDUAL' 'GROUP' 'ASSESS') and use = 'Y' then do;
MPRINT(EM_DIAGRAM):   role = 'INPUT';
MPRINT(EM_DIAGRAM):   output;
MPRINT(EM_DIAGRAM):   end;
MPRINT(EM_DIAGRAM):   else if role = 'INPUT' and use in ('Y', 'D') then do;
MPRINT(EM_DIAGRAM):   role = 'INPUT';
MPRINT(EM_DIAGRAM):   output;
MPRINT(EM_DIAGRAM):   end;
MPRINT(EM_DIAGRAM):   else if role = 'FREQ' and use = 'Y' then do;
MPRINT(EM_DIAGRAM):   role = 'FREQ';
MPRINT(EM_DIAGRAM):   output;
MPRINT(EM_DIAGRAM):   end;
MPRINT(EM_DIAGRAM):   else delete;
MPRINT(EM_DIAGRAM):   run;
18366      *------------------------------------------------------------* ;
MPRINT(EM_DIAGRAM):    *------------------------------------------------------------* ;
18367      * Plot: DMDBClass Macro ;
MPRINT(EM_DIAGRAM):   * Plot: DMDBClass Macro ;
18368      *------------------------------------------------------------* ;
MPRINT(EM_DIAGRAM):   *------------------------------------------------------------* ;
18369      %macro DMDBClass;
18370          CHURN(DESC) CZAS_W(ASC) DZIENMIN(ASC) DZIENOPL(ASC) DZIENROZ(ASC)
18371         L_ROZBOK(ASC) L_WIAD(ASC) M_MIN(ASC) M_OPL(ASC) M_ROZM(ASC) NOCMIN(ASC)
18372         NOCOPL(ASC) NOCROZ(ASC) PLAN_M(ASC) POCZTA_G(ASC) WIECZMIN(ASC) WIECZOPL(ASC)
18373         WIECZROZ(ASC)
18374      %mend DMDBClass;
18375      *------------------------------------------------------------*;
MPRINT(EM_DIAGRAM):   *------------------------------------------------------------*;
18376      * Plot: Create DMDB;
MPRINT(EM_DIAGRAM):   * Plot: Create DMDB;
18377      *------------------------------------------------------------*;
MPRINT(EM_DIAGRAM):   *------------------------------------------------------------*;
18378      proc dmdb batch data=EMWS2.Ids_DATA
18379      dmdbcat=WORK.Plot_DMDB
NOTE: Data file DANE.CHURN.DATA is in a format that is native to another host, or the file encoding does not match the session encoding. Cross Environment Data Access will be used, which might require additional CPU resources and might reduce performance.
18380      maxlevel = 23
18381      nonorm
18382      ;
MPRINT(EM_DIAGRAM):   proc dmdb batch data=EMWS2.Ids_DATA dmdbcat=WORK.Plot_DMDB maxlevel = 23 nonorm ;
MPRINT(EM_DIAGRAM):   class
18383      class %DMDBClass;
MPRINT(DMDBCLASS):   CHURN(DESC) CZAS_W(ASC) DZIENMIN(ASC) DZIENOPL(ASC) DZIENROZ(ASC) L_ROZBOK(ASC) L_WIAD(ASC) M_MIN(ASC) M_OPL(ASC) M_ROZM(ASC) NOCMIN(ASC) NOCOPL(ASC) NOCROZ(ASC) PLAN_M(ASC) POCZTA_G(ASC) WIECZMIN(ASC) WIECZOPL(ASC) WIECZROZ(ASC)
MPRINT(EM_DIAGRAM):  ;
18384      target
18385      CHURN
18386      ;
MPRINT(EM_DIAGRAM):   target CHURN ;
18387      run;
MPRINT(EM_DIAGRAM):   run;

NOTE: Records processed = 3333   Memory used = 511K.
NOTE: View EMWS2.IDS_DATA.VIEW used (Total process time):
      real time           0.06 seconds
      cpu time            0.04 seconds
      
NOTE: There were 3333 observations read from the data set DANE.CHURN.
NOTE: There were 3333 observations read from the data set EMWS2.IDS_DATA.
NOTE: PROCEDURE DMDB used (Total process time):
      real time           0.07 seconds
      cpu time            0.04 seconds
      

MPRINT(EM_DIAGRAM):   quit;
18388      quit;

18389      *------------------------------------------------------------*;
MPRINT(EM_DIAGRAM):    *------------------------------------------------------------*;
18390      * Plot: Creating variable by class target charts;
MPRINT(EM_DIAGRAM):   * Plot: Creating variable by class target charts;
18391      *------------------------------------------------------------*;
MPRINT(EM_DIAGRAM):   *------------------------------------------------------------*;
18392      goptions ftext="SWISS";
MPRINT(EM_DIAGRAM):   goptions ftext="SWISS";
18393      goptions nodisplay device=PNG;
MPRINT(EM_DIAGRAM):   goptions nodisplay device=PNG;
18394      axis1 width=2 offset=(1,1) label=(rotate=90 angle=270) minor=none;
MPRINT(EM_DIAGRAM):   axis1 width=2 offset=(1,1) label=(rotate=90 angle=270) minor=none;
18395      axis2 width=2 minor=none;
MPRINT(EM_DIAGRAM):   axis2 width=2 minor=none;
18396      pattern1 value=solid;
MPRINT(EM_DIAGRAM):   pattern1 value=solid;
18397      proc gchart
18398      data=EMWS2.Ids_DATA gout=WORK.PlotGRAPH;
NOTE: Data file DANE.CHURN.DATA is in a format that is native to another host, or the file encoding does not match the session encoding. Cross Environment Data Access will be used, which might require additional CPU resources and might reduce performance.
MPRINT(EM_DIAGRAM):   proc gchart data=EMWS2.Ids_DATA gout=WORK.PlotGRAPH;
18399      *;
MPRINT(EM_DIAGRAM):   *;
18400      title "CZAS_W by CHURN";
MPRINT(EM_DIAGRAM):   title "CZAS_W by CHURN";
18401      vbar CZAS_W /
18402      name = "CZAS_W         x CHURN          " description = "CZAS_W by CHURN"
18403      FREQ
MPRINT(EM_DIAGRAM):   vbar CZAS_W / name = "CZAS_W         x CHURN          " description = "CZAS_W by CHURN" FREQ type=FREQ subgroup=CHURN noframe missing raxis=axis1 maxis=axis2;
18404      type=FREQ
MPRINT(EM_DIAGRAM):   run;
18405      subgroup=CHURN
18406      noframe
18407      missing
18408      raxis=axis1 maxis=axis2;
18409      run;

NOTE: Graph's name, CZAS_W, changed to CZAS_W. CZAS_W is already used or not a valid SAS name.
18410      title "DZIENMIN by CHURN";
MPRINT(EM_DIAGRAM):   title "DZIENMIN by CHURN";
18411      vbar DZIENMIN /
18412      name = "DZIENMIN       x CHURN          " description = "DZIENMIN by CHURN"
18413      FREQ
MPRINT(EM_DIAGRAM):   vbar DZIENMIN / name = "DZIENMIN       x CHURN          " description = "DZIENMIN by CHURN" FREQ type=FREQ subgroup=CHURN noframe missing raxis=axis1 maxis=axis2;
18414      type=FREQ
MPRINT(EM_DIAGRAM):   run;
18415      subgroup=CHURN
18416      noframe
18417      missing
18418      raxis=axis1 maxis=axis2;
18419      run;

NOTE: Graph's name, DZIENMIN, changed to DZIENMIN. DZIENMIN is already used or not a valid SAS name.
18420      title "DZIENOPL by CHURN";
MPRINT(EM_DIAGRAM):   title "DZIENOPL by CHURN";
18421      vbar DZIENOPL /
18422      name = "DZIENOPL       x CHURN          " description = "DZIENOPL by CHURN"
18423      FREQ
MPRINT(EM_DIAGRAM):   vbar DZIENOPL / name = "DZIENOPL       x CHURN          " description = "DZIENOPL by CHURN" FREQ type=FREQ subgroup=CHURN noframe missing raxis=axis1 maxis=axis2;
18424      type=FREQ
MPRINT(EM_DIAGRAM):   run;
18425      subgroup=CHURN
18426      noframe
18427      missing
18428      raxis=axis1 maxis=axis2;
18429      run;

NOTE: Graph's name, DZIENOPL, changed to DZIENOPL. DZIENOPL is already used or not a valid SAS name.
18430      title "DZIENROZ by CHURN";
MPRINT(EM_DIAGRAM):   title "DZIENROZ by CHURN";
18431      vbar DZIENROZ /
18432      name = "DZIENROZ       x CHURN          " description = "DZIENROZ by CHURN"
18433      FREQ
MPRINT(EM_DIAGRAM):   vbar DZIENROZ / name = "DZIENROZ       x CHURN          " description = "DZIENROZ by CHURN" FREQ type=FREQ subgroup=CHURN noframe missing raxis=axis1 maxis=axis2;
18434      type=FREQ
MPRINT(EM_DIAGRAM):   run;
18435      subgroup=CHURN
18436      noframe
18437      missing
18438      raxis=axis1 maxis=axis2;
18439      run;

NOTE: Graph's name, DZIENROZ, changed to DZIENROZ. DZIENROZ is already used or not a valid SAS name.
18440      title "L_ROZBOK by CHURN";
MPRINT(EM_DIAGRAM):   title "L_ROZBOK by CHURN";
18441      vbar L_ROZBOK /
18442      name = "L_ROZBOK       x CHURN          " description = "L_ROZBOK by CHURN"
18443      FREQ
18444      type=FREQ
MPRINT(EM_DIAGRAM):   vbar L_ROZBOK / name = "L_ROZBOK       x CHURN          " description = "L_ROZBOK by CHURN" FREQ type=FREQ subgroup=CHURN noframe missing discrete raxis=axis1 maxis=axis2;
18445      subgroup=CHURN
MPRINT(EM_DIAGRAM):   run;
18446      noframe
18447      missing
18448      discrete
18449      raxis=axis1 maxis=axis2;
18450      run;

NOTE: Graph's name, L_ROZBOK, changed to L_ROZBOK. L_ROZBOK is already used or not a valid SAS name.
18451      title "L_WIAD by CHURN";
MPRINT(EM_DIAGRAM):   title "L_WIAD by CHURN";
18452      vbar L_WIAD /
18453      name = "L_WIAD         x CHURN          " description = "L_WIAD by CHURN"
18454      FREQ
MPRINT(EM_DIAGRAM):   vbar L_WIAD / name = "L_WIAD         x CHURN          " description = "L_WIAD by CHURN" FREQ type=FREQ subgroup=CHURN noframe missing raxis=axis1 maxis=axis2;
18455      type=FREQ
MPRINT(EM_DIAGRAM):   run;
18456      subgroup=CHURN
18457      noframe
18458      missing
18459      raxis=axis1 maxis=axis2;
18460      run;

NOTE: Graph's name, L_WIAD, changed to L_WIAD. L_WIAD is already used or not a valid SAS name.
18461      title "M_MIN by CHURN";
MPRINT(EM_DIAGRAM):   title "M_MIN by CHURN";
18462      vbar M_MIN /
18463      name = "M_MIN          x CHURN          " description = "M_MIN by CHURN"
18464      FREQ
MPRINT(EM_DIAGRAM):   vbar M_MIN / name = "M_MIN          x CHURN          " description = "M_MIN by CHURN" FREQ type=FREQ subgroup=CHURN noframe missing raxis=axis1 maxis=axis2;
18465      type=FREQ
MPRINT(EM_DIAGRAM):   run;
18466      subgroup=CHURN
18467      noframe
18468      missing
18469      raxis=axis1 maxis=axis2;
18470      run;

NOTE: Graph's name, M_MIN, changed to M_MIN. M_MIN is already used or not a valid SAS name.
18471      title "M_OPL by CHURN";
MPRINT(EM_DIAGRAM):   title "M_OPL by CHURN";
18472      vbar M_OPL /
18473      name = "M_OPL          x CHURN          " description = "M_OPL by CHURN"
18474      FREQ
MPRINT(EM_DIAGRAM):   vbar M_OPL / name = "M_OPL          x CHURN          " description = "M_OPL by CHURN" FREQ type=FREQ subgroup=CHURN noframe missing raxis=axis1 maxis=axis2;
18475      type=FREQ
MPRINT(EM_DIAGRAM):   run;
18476      subgroup=CHURN
18477      noframe
18478      missing
18479      raxis=axis1 maxis=axis2;
18480      run;

NOTE: Graph's name, M_OPL, changed to M_OPL. M_OPL is already used or not a valid SAS name.
18481      title "M_ROZM by CHURN";
MPRINT(EM_DIAGRAM):   title "M_ROZM by CHURN";
18482      vbar M_ROZM /
18483      name = "M_ROZM         x CHURN          " description = "M_ROZM by CHURN"
18484      FREQ
MPRINT(EM_DIAGRAM):   vbar M_ROZM / name = "M_ROZM         x CHURN          " description = "M_ROZM by CHURN" FREQ type=FREQ subgroup=CHURN noframe missing raxis=axis1 maxis=axis2;
18485      type=FREQ
MPRINT(EM_DIAGRAM):   run;
18486      subgroup=CHURN
18487      noframe
18488      missing
18489      raxis=axis1 maxis=axis2;
18490      run;

NOTE: Graph's name, M_ROZM, changed to M_ROZM. M_ROZM is already used or not a valid SAS name.
18491      title "NOCMIN by CHURN";
MPRINT(EM_DIAGRAM):   title "NOCMIN by CHURN";
18492      vbar NOCMIN /
18493      name = "NOCMIN         x CHURN          " description = "NOCMIN by CHURN"
18494      FREQ
MPRINT(EM_DIAGRAM):   vbar NOCMIN / name = "NOCMIN         x CHURN          " description = "NOCMIN by CHURN" FREQ type=FREQ subgroup=CHURN noframe missing raxis=axis1 maxis=axis2;
18495      type=FREQ
MPRINT(EM_DIAGRAM):   run;
18496      subgroup=CHURN
18497      noframe
18498      missing
18499      raxis=axis1 maxis=axis2;
18500      run;

NOTE: Graph's name, NOCMIN, changed to NOCMIN. NOCMIN is already used or not a valid SAS name.
18501      title "NOCOPL by CHURN";
MPRINT(EM_DIAGRAM):   title "NOCOPL by CHURN";
18502      vbar NOCOPL /
18503      name = "NOCOPL         x CHURN          " description = "NOCOPL by CHURN"
18504      FREQ
MPRINT(EM_DIAGRAM):   vbar NOCOPL / name = "NOCOPL         x CHURN          " description = "NOCOPL by CHURN" FREQ type=FREQ subgroup=CHURN noframe missing raxis=axis1 maxis=axis2;
18505      type=FREQ
MPRINT(EM_DIAGRAM):   run;
18506      subgroup=CHURN
18507      noframe
18508      missing
18509      raxis=axis1 maxis=axis2;
18510      run;

NOTE: Graph's name, NOCOPL, changed to NOCOPL. NOCOPL is already used or not a valid SAS name.
18511      title "NOCROZ by CHURN";
MPRINT(EM_DIAGRAM):   title "NOCROZ by CHURN";
18512      vbar NOCROZ /
18513      name = "NOCROZ         x CHURN          " description = "NOCROZ by CHURN"
18514      FREQ
MPRINT(EM_DIAGRAM):   vbar NOCROZ / name = "NOCROZ         x CHURN          " description = "NOCROZ by CHURN" FREQ type=FREQ subgroup=CHURN noframe missing raxis=axis1 maxis=axis2;
18515      type=FREQ
MPRINT(EM_DIAGRAM):   run;
18516      subgroup=CHURN
18517      noframe
18518      missing
18519      raxis=axis1 maxis=axis2;
18520      run;

NOTE: Graph's name, NOCROZ, changed to NOCROZ. NOCROZ is already used or not a valid SAS name.
18521      title "PLAN_M by CHURN";
MPRINT(EM_DIAGRAM):   title "PLAN_M by CHURN";
18522      vbar PLAN_M /
18523      name = "PLAN_M         x CHURN          " description = "PLAN_M by CHURN"
18524      FREQ
18525      type=FREQ
MPRINT(EM_DIAGRAM):   vbar PLAN_M / name = "PLAN_M         x CHURN          " description = "PLAN_M by CHURN" FREQ type=FREQ subgroup=CHURN noframe missing discrete raxis=axis1 maxis=axis2;
18526      subgroup=CHURN
MPRINT(EM_DIAGRAM):   run;
18527      noframe
18528      missing
18529      discrete
18530      raxis=axis1 maxis=axis2;
18531      run;

NOTE: Graph's name, PLAN_M, changed to PLAN_M. PLAN_M is already used or not a valid SAS name.
18532      title "POCZTA_G by CHURN";
MPRINT(EM_DIAGRAM):   title "POCZTA_G by CHURN";
18533      vbar POCZTA_G /
18534      name = "POCZTA_G       x CHURN          " description = "POCZTA_G by CHURN"
18535      FREQ
18536      type=FREQ
MPRINT(EM_DIAGRAM):   vbar POCZTA_G / name = "POCZTA_G       x CHURN          " description = "POCZTA_G by CHURN" FREQ type=FREQ subgroup=CHURN noframe missing discrete raxis=axis1 maxis=axis2;
18537      subgroup=CHURN
MPRINT(EM_DIAGRAM):   run;
18538      noframe
18539      missing
18540      discrete
18541      raxis=axis1 maxis=axis2;
18542      run;

NOTE: Graph's name, POCZTA_G, changed to POCZTA_G. POCZTA_G is already used or not a valid SAS name.
18543      title "WIECZMIN by CHURN";
MPRINT(EM_DIAGRAM):   title "WIECZMIN by CHURN";
18544      vbar WIECZMIN /
18545      name = "WIECZMIN       x CHURN          " description = "WIECZMIN by CHURN"
18546      FREQ
MPRINT(EM_DIAGRAM):   vbar WIECZMIN / name = "WIECZMIN       x CHURN          " description = "WIECZMIN by CHURN" FREQ type=FREQ subgroup=CHURN noframe missing raxis=axis1 maxis=axis2;
18547      type=FREQ
MPRINT(EM_DIAGRAM):   run;
18548      subgroup=CHURN
18549      noframe
18550      missing
18551      raxis=axis1 maxis=axis2;
18552      run;

NOTE: Graph's name, WIECZMIN, changed to WIECZMIN. WIECZMIN is already used or not a valid SAS name.
18553      title "WIECZOPL by CHURN";
MPRINT(EM_DIAGRAM):   title "WIECZOPL by CHURN";
18554      vbar WIECZOPL /
18555      name = "WIECZOPL       x CHURN          " description = "WIECZOPL by CHURN"
18556      FREQ
MPRINT(EM_DIAGRAM):   vbar WIECZOPL / name = "WIECZOPL       x CHURN          " description = "WIECZOPL by CHURN" FREQ type=FREQ subgroup=CHURN noframe missing raxis=axis1 maxis=axis2;
18557      type=FREQ
MPRINT(EM_DIAGRAM):   run;
18558      subgroup=CHURN
18559      noframe
18560      missing
18561      raxis=axis1 maxis=axis2;
18562      run;

NOTE: Graph's name, WIECZOPL, changed to WIECZOPL. WIECZOPL is already used or not a valid SAS name.
18563      title "WIECZROZ by CHURN";
MPRINT(EM_DIAGRAM):   title "WIECZROZ by CHURN";
18564      vbar WIECZROZ /
18565      name = "WIECZROZ       x CHURN          " description = "WIECZROZ by CHURN"
18566      FREQ
MPRINT(EM_DIAGRAM):   vbar WIECZROZ / name = "WIECZROZ       x CHURN          " description = "WIECZROZ by CHURN" FREQ type=FREQ subgroup=CHURN noframe missing raxis=axis1 maxis=axis2;
18567      type=FREQ
MPRINT(EM_DIAGRAM):   run;
18568      subgroup=CHURN
18569      noframe
18570      missing
18571      raxis=axis1 maxis=axis2;
18572      run;

NOTE: Graph's name, WIECZROZ, changed to WIECZROZ. WIECZROZ is already used or not a valid SAS name.
18573      quit;
MPRINT(EM_DIAGRAM):   quit;

NOTE: View EMWS2.IDS_DATA.VIEW used (Total process time):
      real time           1.15 seconds
      cpu time            0.96 seconds
      
NOTE: There were 3333 observations read from the data set DANE.CHURN.
NOTE: There were 3333 observations read from the data set EMWS2.IDS_DATA.
NOTE: PROCEDURE GCHART used (Total process time):
      real time           1.16 seconds
      cpu time            0.98 seconds
      

18574      title;
MPRINT(EM_DIAGRAM):   title;
18575      goptions display;
MPRINT(EM_DIAGRAM):   goptions display;
18576      *------------------------------------------------------------*;
MPRINT(EM_DIAGRAM):    *------------------------------------------------------------*;
18577      * Plot: Creating variable by interval target charts;
MPRINT(EM_DIAGRAM):   * Plot: Creating variable by interval target charts;
18578      *------------------------------------------------------------*;
MPRINT(EM_DIAGRAM):   *------------------------------------------------------------*;
18579      *------------------------------------------------------------* ;
MPRINT(EM_DIAGRAM):   *------------------------------------------------------------* ;
18580      * Plot: DMDBClass Macro ;
MPRINT(EM_DIAGRAM):   * Plot: DMDBClass Macro ;
18581      *------------------------------------------------------------* ;
MPRINT(EM_DIAGRAM):   *------------------------------------------------------------* ;
18582      %macro DMDBClass;
18583          CHURN(DESC) L_ROZBOK(ASC) PLAN_M(ASC) POCZTA_G(ASC)
18584      %mend DMDBClass;
18585      *------------------------------------------------------------* ;
MPRINT(EM_DIAGRAM):   *------------------------------------------------------------* ;
18586      * Plot: DMDBVar Macro ;
MPRINT(EM_DIAGRAM):   * Plot: DMDBVar Macro ;
18587      *------------------------------------------------------------* ;
MPRINT(EM_DIAGRAM):   *------------------------------------------------------------* ;
18588      %macro DMDBVar;
18589          CZAS_W DZIENMIN DZIENOPL DZIENROZ L_WIAD M_MIN M_OPL M_ROZM NOCMIN NOCOPL
18590         NOCROZ WIECZMIN WIECZOPL WIECZROZ
18591      %mend DMDBVar;
18592      *------------------------------------------------------------*;
MPRINT(EM_DIAGRAM):   *------------------------------------------------------------*;
18593      * Plot: Create DMDB;
MPRINT(EM_DIAGRAM):   * Plot: Create DMDB;
18594      *------------------------------------------------------------*;
MPRINT(EM_DIAGRAM):   *------------------------------------------------------------*;
18595      proc dmdb batch data=EMWS2.Ids_DATA
18596      dmdbcat=WORK.Plot_DMDB
NOTE: Data file DANE.CHURN.DATA is in a format that is native to another host, or the file encoding does not match the session encoding. Cross Environment Data Access will be used, which might require additional CPU resources and might reduce performance.
18597      classout=work.classoutDs
18598      varout=work.varoutDs
18599      maxlevel = 513
18600      ;
MPRINT(EM_DIAGRAM):   proc dmdb batch data=EMWS2.Ids_DATA dmdbcat=WORK.Plot_DMDB classout=work.classoutDs varout=work.varoutDs maxlevel = 513 ;
MPRINT(EM_DIAGRAM):   class
18601      class %DMDBClass;
MPRINT(DMDBCLASS):   CHURN(DESC) L_ROZBOK(ASC) PLAN_M(ASC) POCZTA_G(ASC)
MPRINT(EM_DIAGRAM):  ;
MPRINT(EM_DIAGRAM):   var
18602      var %DMDBVar;
MPRINT(DMDBVAR):   CZAS_W DZIENMIN DZIENOPL DZIENROZ L_WIAD M_MIN M_OPL M_ROZM NOCMIN NOCOPL NOCROZ WIECZMIN WIECZOPL WIECZROZ
MPRINT(EM_DIAGRAM):  ;
18603      target
18604      CHURN
18605      ;
MPRINT(EM_DIAGRAM):   target CHURN ;
18606      run;
MPRINT(EM_DIAGRAM):   run;

NOTE: Records processed = 3333   Memory used = 511K.
NOTE: View EMWS2.IDS_DATA.VIEW used (Total process time):
      real time           0.05 seconds
      cpu time            0.04 seconds
      
NOTE: There were 3333 observations read from the data set DANE.CHURN.
NOTE: There were 3333 observations read from the data set EMWS2.IDS_DATA.
NOTE: The data set WORK.CLASSOUTDS has 18 observations and 9 variables.
NOTE: The data set WORK.VAROUTDS has 14 observations and 9 variables.
NOTE: PROCEDURE DMDB used (Total process time):
      real time           0.06 seconds
      cpu time            0.04 seconds
      

MPRINT(EM_DIAGRAM):   quit;
MPRINT(EM_DIAGRAM):   *--- end code ---*;
18607      quit;
18608      *--- end code ---*;

18609      title8;
MPRINT(EM_DIAGRAM):    title8;
18610      title8 "%sysfunc(sasmsg(sashelp.dmine, rpt_classvars_title, NOQUOTE))";
MPRINT(EM_DIAGRAM):   title8 "Class Variables";
18611      proc print data=work.classoutDs;
MPRINT(EM_DIAGRAM):   proc print data=work.classoutDs;
18612      run;
MPRINT(EM_DIAGRAM):   run;

NOTE: There were 18 observations read from the data set WORK.CLASSOUTDS.
NOTE: The PROCEDURE PRINT printed page 2.
NOTE: PROCEDURE PRINT used (Total process time):
      real time           0.00 seconds
      cpu time            0.00 seconds
      

18613      proc datasets lib=work nolist;
MPRINT(EM_DIAGRAM):   proc datasets lib=work nolist;
18614      delete classoutDs;
MPRINT(EM_DIAGRAM):   delete classoutDs;
18615      run;
MPRINT(EM_DIAGRAM):   run;

NOTE: Deleting WORK.CLASSOUTDS (memtype=DATA).
18616      title8;
MPRINT(EM_DIAGRAM):   title8;
18617      title8;
MPRINT(EM_DIAGRAM):   title8;
18618      title8 "%sysfunc(sasmsg(sashelp.dmine, rpt_intvars_title, NOQUOTE))";
MPRINT(EM_DIAGRAM):   title8 "Interval Variables";

NOTE: PROCEDURE DATASETS used (Total process time):
      real time           0.01 seconds
      cpu time            0.00 seconds
      

18619      proc print data=work.varoutDs;
MPRINT(EM_DIAGRAM):   proc print data=work.varoutDs;
18620      run;
MPRINT(EM_DIAGRAM):   run;

NOTE: There were 14 observations read from the data set WORK.VAROUTDS.
NOTE: The PROCEDURE PRINT printed page 3.
NOTE: PROCEDURE PRINT used (Total process time):
      real time           0.00 seconds
      cpu time            0.00 seconds
      

18621      proc datasets lib=work nolist;
MPRINT(EM_DIAGRAM):   proc datasets lib=work nolist;
18622      delete varoutDs;
MPRINT(EM_DIAGRAM):   delete varoutDs;
18623      run;
MPRINT(EM_DIAGRAM):   run;

NOTE: Deleting WORK.VAROUTDS (memtype=DATA).
18624      title8;
MPRINT(EM_DIAGRAM):   title8;

NOTE: PROCEDURE DATASETS used (Total process time):
      real time           0.00 seconds
      cpu time            0.00 seconds
      

18625      proc datasets lib=WORK nolist;
MPRINT(EM_DIAGRAM):   proc datasets lib=WORK nolist;
18626      delete Plot_DMDB;
MPRINT(EM_DIAGRAM):   delete Plot_DMDB;
18627      run;
MPRINT(EM_DIAGRAM):   run;

NOTE: The file WORK.PLOT_DMDB (memtype=DATA) was not found, but appears on a DELETE statement.
18628      quit;
MPRINT(EM_DIAGRAM):   quit;

NOTE: PROCEDURE DATASETS used (Total process time):
      real time           0.00 seconds
      cpu time            0.01 seconds
      

18629      proc datasets lib=WORK nolist;
MPRINT(EM_DIAGRAM):    proc datasets lib=WORK nolist;
18630      delete Plot_DMDB / memtype=catalog;
MPRINT(EM_DIAGRAM):   delete Plot_DMDB / memtype=catalog;
18631      run;
MPRINT(EM_DIAGRAM):   run;

NOTE: Deleting WORK.PLOT_DMDB (memtype=CATALOG).
18632      quit;
MPRINT(EM_DIAGRAM):   quit;

NOTE: PROCEDURE DATASETS used (Total process time):
      real time           0.00 seconds
      cpu time            0.00 seconds
      

18633      *------------------------------------------------------------*;
MPRINT(EM_DIAGRAM):    *------------------------------------------------------------*;
18634      * Plot: Copying graphs to node folder;
MPRINT(EM_DIAGRAM):   * Plot: Copying graphs to node folder;
18635      *------------------------------------------------------------*;
MPRINT(EM_DIAGRAM):   *------------------------------------------------------------*;
18636      filename gsasfile "C:\Users\Vlad\Documents\SGH\Data_Mining\DM\Workspaces\EMWS2\Plot\GRAPH\CZAS_W by CHURN.png";
MPRINT(EM_DIAGRAM):   filename gsasfile "C:\Users\Vlad\Documents\SGH\Data_Mining\DM\Workspaces\EMWS2\Plot\GRAPH\CZAS_W by CHURN.png";
18637      goptions device= PNG display gaccess= gsasfile gsfmode= replace cback= white;
MPRINT(EM_DIAGRAM):   goptions device= PNG display gaccess= gsasfile gsfmode= replace cback= white;
18638      proc greplay igout=WORK.PLOTGRAPH nofs;
MPRINT(EM_DIAGRAM):   proc greplay igout=WORK.PLOTGRAPH nofs;
NOTE: Building list of graphs from the catalog.

NOTE: Enter greplay commands or statements.
18639      replay CZAS_W;
MPRINT(EM_DIAGRAM):   replay CZAS_W;
NOTE: This SAS session is using a registry in WORK.  All changes will be lost at the end of this session.
NOTE: 8174 bytes written to C:\Users\Vlad\Documents\SGH\Data_Mining\DM\Workspaces\EMWS2\Plot\GRAPH\CZAS_W by CHURN.png.
18640      quit;
MPRINT(EM_DIAGRAM):   quit;

NOTE: PROCEDURE GREPLAY used (Total process time):
      real time           0.14 seconds
      cpu time            0.12 seconds
      

18641      goptions device=win;
MPRINT(EM_DIAGRAM):   goptions device=win;
18642      filename gsasfile;
MPRINT(EM_DIAGRAM):   filename gsasfile;
NOTE: Fileref GSASFILE has been deassigned.
18643      filename gsasfile "C:\Users\Vlad\Documents\SGH\Data_Mining\DM\Workspaces\EMWS2\Plot\GRAPH\DZIENMIN by CHURN.png";
MPRINT(EM_DIAGRAM):    filename gsasfile "C:\Users\Vlad\Documents\SGH\Data_Mining\DM\Workspaces\EMWS2\Plot\GRAPH\DZIENMIN by CHURN.png";
18644      goptions device= PNG display gaccess= gsasfile gsfmode= replace cback= white;
MPRINT(EM_DIAGRAM):   goptions device= PNG display gaccess= gsasfile gsfmode= replace cback= white;
18645      proc greplay igout=WORK.PLOTGRAPH nofs;
MPRINT(EM_DIAGRAM):   proc greplay igout=WORK.PLOTGRAPH nofs;
NOTE: Building list of graphs from the catalog.

NOTE: Enter greplay commands or statements.
18646      replay DZIENMIN;
MPRINT(EM_DIAGRAM):   replay DZIENMIN;
NOTE: 8261 bytes written to C:\Users\Vlad\Documents\SGH\Data_Mining\DM\Workspaces\EMWS2\Plot\GRAPH\DZIENMIN by CHURN.png.
18647      quit;
MPRINT(EM_DIAGRAM):   quit;

NOTE: PROCEDURE GREPLAY used (Total process time):
      real time           0.12 seconds
      cpu time            0.12 seconds
      

18648      goptions device=win;
MPRINT(EM_DIAGRAM):   goptions device=win;
18649      filename gsasfile;
MPRINT(EM_DIAGRAM):   filename gsasfile;
NOTE: Fileref GSASFILE has been deassigned.
18650      filename gsasfile "C:\Users\Vlad\Documents\SGH\Data_Mining\DM\Workspaces\EMWS2\Plot\GRAPH\DZIENOPL by CHURN.png";
MPRINT(EM_DIAGRAM):    filename gsasfile "C:\Users\Vlad\Documents\SGH\Data_Mining\DM\Workspaces\EMWS2\Plot\GRAPH\DZIENOPL by CHURN.png";
18651      goptions device= PNG display gaccess= gsasfile gsfmode= replace cback= white;
MPRINT(EM_DIAGRAM):   goptions device= PNG display gaccess= gsasfile gsfmode= replace cback= white;
18652      proc greplay igout=WORK.PLOTGRAPH nofs;
MPRINT(EM_DIAGRAM):   proc greplay igout=WORK.PLOTGRAPH nofs;
NOTE: Building list of graphs from the catalog.

NOTE: Enter greplay commands or statements.
18653      replay DZIENOPL;
MPRINT(EM_DIAGRAM):   replay DZIENOPL;
NOTE: 7890 bytes written to C:\Users\Vlad\Documents\SGH\Data_Mining\DM\Workspaces\EMWS2\Plot\GRAPH\DZIENOPL by CHURN.png.
18654      quit;
MPRINT(EM_DIAGRAM):   quit;

NOTE: PROCEDURE GREPLAY used (Total process time):
      real time           0.12 seconds
      cpu time            0.12 seconds
      

18655      goptions device=win;
MPRINT(EM_DIAGRAM):   goptions device=win;
18656      filename gsasfile;
MPRINT(EM_DIAGRAM):   filename gsasfile;
NOTE: Fileref GSASFILE has been deassigned.
18657      filename gsasfile "C:\Users\Vlad\Documents\SGH\Data_Mining\DM\Workspaces\EMWS2\Plot\GRAPH\DZIENROZ by CHURN.png";
MPRINT(EM_DIAGRAM):    filename gsasfile "C:\Users\Vlad\Documents\SGH\Data_Mining\DM\Workspaces\EMWS2\Plot\GRAPH\DZIENROZ by CHURN.png";
18658      goptions device= PNG display gaccess= gsasfile gsfmode= replace cback= white;
MPRINT(EM_DIAGRAM):   goptions device= PNG display gaccess= gsasfile gsfmode= replace cback= white;
18659      proc greplay igout=WORK.PLOTGRAPH nofs;
MPRINT(EM_DIAGRAM):   proc greplay igout=WORK.PLOTGRAPH nofs;
NOTE: Building list of graphs from the catalog.

NOTE: Enter greplay commands or statements.
18660      replay DZIENROZ;
MPRINT(EM_DIAGRAM):   replay DZIENROZ;
NOTE: 7879 bytes written to C:\Users\Vlad\Documents\SGH\Data_Mining\DM\Workspaces\EMWS2\Plot\GRAPH\DZIENROZ by CHURN.png.
18661      quit;
MPRINT(EM_DIAGRAM):   quit;

NOTE: PROCEDURE GREPLAY used (Total process time):
      real time           0.12 seconds
      cpu time            0.12 seconds
      

18662      goptions device=win;
MPRINT(EM_DIAGRAM):   goptions device=win;
18663      filename gsasfile;
MPRINT(EM_DIAGRAM):   filename gsasfile;
NOTE: Fileref GSASFILE has been deassigned.
18664      filename gsasfile "C:\Users\Vlad\Documents\SGH\Data_Mining\DM\Workspaces\EMWS2\Plot\GRAPH\L_ROZBOK by CHURN.png";
MPRINT(EM_DIAGRAM):    filename gsasfile "C:\Users\Vlad\Documents\SGH\Data_Mining\DM\Workspaces\EMWS2\Plot\GRAPH\L_ROZBOK by CHURN.png";
18665      goptions device= PNG display gaccess= gsasfile gsfmode= replace cback= white;
MPRINT(EM_DIAGRAM):   goptions device= PNG display gaccess= gsasfile gsfmode= replace cback= white;
18666      proc greplay igout=WORK.PLOTGRAPH nofs;
MPRINT(EM_DIAGRAM):   proc greplay igout=WORK.PLOTGRAPH nofs;
NOTE: Building list of graphs from the catalog.

NOTE: Enter greplay commands or statements.
18667      replay L_ROZBOK;
MPRINT(EM_DIAGRAM):   replay L_ROZBOK;
NOTE: 7266 bytes written to C:\Users\Vlad\Documents\SGH\Data_Mining\DM\Workspaces\EMWS2\Plot\GRAPH\L_ROZBOK by CHURN.png.
18668      quit;
MPRINT(EM_DIAGRAM):   quit;

NOTE: PROCEDURE GREPLAY used (Total process time):
      real time           0.12 seconds
      cpu time            0.14 seconds
      

18669      goptions device=win;
MPRINT(EM_DIAGRAM):   goptions device=win;
18670      filename gsasfile;
MPRINT(EM_DIAGRAM):   filename gsasfile;
NOTE: Fileref GSASFILE has been deassigned.
18671      filename gsasfile "C:\Users\Vlad\Documents\SGH\Data_Mining\DM\Workspaces\EMWS2\Plot\GRAPH\L_WIAD by CHURN.png";
MPRINT(EM_DIAGRAM):    filename gsasfile "C:\Users\Vlad\Documents\SGH\Data_Mining\DM\Workspaces\EMWS2\Plot\GRAPH\L_WIAD by CHURN.png";
18672      goptions device= PNG display gaccess= gsasfile gsfmode= replace cback= white;
MPRINT(EM_DIAGRAM):   goptions device= PNG display gaccess= gsasfile gsfmode= replace cback= white;
18673      proc greplay igout=WORK.PLOTGRAPH nofs;
MPRINT(EM_DIAGRAM):   proc greplay igout=WORK.PLOTGRAPH nofs;
NOTE: Building list of graphs from the catalog.

NOTE: Enter greplay commands or statements.
18674      replay L_WIAD;
MPRINT(EM_DIAGRAM):   replay L_WIAD;
NOTE: 7145 bytes written to C:\Users\Vlad\Documents\SGH\Data_Mining\DM\Workspaces\EMWS2\Plot\GRAPH\L_WIAD by CHURN.png.
18675      quit;
MPRINT(EM_DIAGRAM):   quit;

NOTE: PROCEDURE GREPLAY used (Total process time):
      real time           0.12 seconds
      cpu time            0.12 seconds
      

18676      goptions device=win;
MPRINT(EM_DIAGRAM):   goptions device=win;
18677      filename gsasfile;
MPRINT(EM_DIAGRAM):   filename gsasfile;
NOTE: Fileref GSASFILE has been deassigned.
18678      filename gsasfile "C:\Users\Vlad\Documents\SGH\Data_Mining\DM\Workspaces\EMWS2\Plot\GRAPH\M_MIN by CHURN.png";
MPRINT(EM_DIAGRAM):    filename gsasfile "C:\Users\Vlad\Documents\SGH\Data_Mining\DM\Workspaces\EMWS2\Plot\GRAPH\M_MIN by CHURN.png";
18679      goptions device= PNG display gaccess= gsasfile gsfmode= replace cback= white;
MPRINT(EM_DIAGRAM):   goptions device= PNG display gaccess= gsasfile gsfmode= replace cback= white;
18680      proc greplay igout=WORK.PLOTGRAPH nofs;
MPRINT(EM_DIAGRAM):   proc greplay igout=WORK.PLOTGRAPH nofs;
NOTE: Building list of graphs from the catalog.

NOTE: Enter greplay commands or statements.
18681      replay M_MIN;
MPRINT(EM_DIAGRAM):   replay M_MIN;
NOTE: 7650 bytes written to C:\Users\Vlad\Documents\SGH\Data_Mining\DM\Workspaces\EMWS2\Plot\GRAPH\M_MIN by CHURN.png.
18682      quit;
MPRINT(EM_DIAGRAM):   quit;

NOTE: PROCEDURE GREPLAY used (Total process time):
      real time           0.13 seconds
      cpu time            0.14 seconds
      

18683      goptions device=win;
MPRINT(EM_DIAGRAM):   goptions device=win;
18684      filename gsasfile;
MPRINT(EM_DIAGRAM):   filename gsasfile;
NOTE: Fileref GSASFILE has been deassigned.
18685      filename gsasfile "C:\Users\Vlad\Documents\SGH\Data_Mining\DM\Workspaces\EMWS2\Plot\GRAPH\M_OPL by CHURN.png";
MPRINT(EM_DIAGRAM):    filename gsasfile "C:\Users\Vlad\Documents\SGH\Data_Mining\DM\Workspaces\EMWS2\Plot\GRAPH\M_OPL by CHURN.png";
18686      goptions device= PNG display gaccess= gsasfile gsfmode= replace cback= white;
MPRINT(EM_DIAGRAM):   goptions device= PNG display gaccess= gsasfile gsfmode= replace cback= white;
18687      proc greplay igout=WORK.PLOTGRAPH nofs;
MPRINT(EM_DIAGRAM):   proc greplay igout=WORK.PLOTGRAPH nofs;
NOTE: Building list of graphs from the catalog.

NOTE: Enter greplay commands or statements.
18688      replay M_OPL;
MPRINT(EM_DIAGRAM):   replay M_OPL;
NOTE: 8151 bytes written to C:\Users\Vlad\Documents\SGH\Data_Mining\DM\Workspaces\EMWS2\Plot\GRAPH\M_OPL by CHURN.png.
18689      quit;
MPRINT(EM_DIAGRAM):   quit;

NOTE: PROCEDURE GREPLAY used (Total process time):
      real time           0.12 seconds
      cpu time            0.14 seconds
      

18690      goptions device=win;
MPRINT(EM_DIAGRAM):   goptions device=win;
18691      filename gsasfile;
MPRINT(EM_DIAGRAM):   filename gsasfile;
NOTE: Fileref GSASFILE has been deassigned.
18692      filename gsasfile "C:\Users\Vlad\Documents\SGH\Data_Mining\DM\Workspaces\EMWS2\Plot\GRAPH\M_ROZM by CHURN.png";
MPRINT(EM_DIAGRAM):    filename gsasfile "C:\Users\Vlad\Documents\SGH\Data_Mining\DM\Workspaces\EMWS2\Plot\GRAPH\M_ROZM by CHURN.png";
18693      goptions device= PNG display gaccess= gsasfile gsfmode= replace cback= white;
MPRINT(EM_DIAGRAM):   goptions device= PNG display gaccess= gsasfile gsfmode= replace cback= white;
18694      proc greplay igout=WORK.PLOTGRAPH nofs;
MPRINT(EM_DIAGRAM):   proc greplay igout=WORK.PLOTGRAPH nofs;
NOTE: Building list of graphs from the catalog.

NOTE: Enter greplay commands or statements.
18695      replay M_ROZM;
MPRINT(EM_DIAGRAM):   replay M_ROZM;
NOTE: 7727 bytes written to C:\Users\Vlad\Documents\SGH\Data_Mining\DM\Workspaces\EMWS2\Plot\GRAPH\M_ROZM by CHURN.png.
18696      quit;
MPRINT(EM_DIAGRAM):   quit;

NOTE: PROCEDURE GREPLAY used (Total process time):
      real time           0.12 seconds
      cpu time            0.12 seconds
      

18697      goptions device=win;
MPRINT(EM_DIAGRAM):   goptions device=win;
18698      filename gsasfile;
MPRINT(EM_DIAGRAM):   filename gsasfile;
NOTE: Fileref GSASFILE has been deassigned.
18699      filename gsasfile "C:\Users\Vlad\Documents\SGH\Data_Mining\DM\Workspaces\EMWS2\Plot\GRAPH\NOCMIN by CHURN.png";
MPRINT(EM_DIAGRAM):    filename gsasfile "C:\Users\Vlad\Documents\SGH\Data_Mining\DM\Workspaces\EMWS2\Plot\GRAPH\NOCMIN by CHURN.png";
18700      goptions device= PNG display gaccess= gsasfile gsfmode= replace cback= white;
MPRINT(EM_DIAGRAM):   goptions device= PNG display gaccess= gsasfile gsfmode= replace cback= white;
18701      proc greplay igout=WORK.PLOTGRAPH nofs;
MPRINT(EM_DIAGRAM):   proc greplay igout=WORK.PLOTGRAPH nofs;
NOTE: Building list of graphs from the catalog.

NOTE: Enter greplay commands or statements.
18702      replay NOCMIN;
MPRINT(EM_DIAGRAM):   replay NOCMIN;
NOTE: 8433 bytes written to C:\Users\Vlad\Documents\SGH\Data_Mining\DM\Workspaces\EMWS2\Plot\GRAPH\NOCMIN by CHURN.png.
18703      quit;
MPRINT(EM_DIAGRAM):   quit;

NOTE: PROCEDURE GREPLAY used (Total process time):
      real time           0.12 seconds
      cpu time            0.12 seconds
      

18704      goptions device=win;
MPRINT(EM_DIAGRAM):   goptions device=win;
18705      filename gsasfile;
MPRINT(EM_DIAGRAM):   filename gsasfile;
NOTE: Fileref GSASFILE has been deassigned.
18706      filename gsasfile "C:\Users\Vlad\Documents\SGH\Data_Mining\DM\Workspaces\EMWS2\Plot\GRAPH\NOCOPL by CHURN.png";
MPRINT(EM_DIAGRAM):    filename gsasfile "C:\Users\Vlad\Documents\SGH\Data_Mining\DM\Workspaces\EMWS2\Plot\GRAPH\NOCOPL by CHURN.png";
18707      goptions device= PNG display gaccess= gsasfile gsfmode= replace cback= white;
MPRINT(EM_DIAGRAM):   goptions device= PNG display gaccess= gsasfile gsfmode= replace cback= white;
18708      proc greplay igout=WORK.PLOTGRAPH nofs;
MPRINT(EM_DIAGRAM):   proc greplay igout=WORK.PLOTGRAPH nofs;
NOTE: Building list of graphs from the catalog.

NOTE: Enter greplay commands or statements.
18709      replay NOCOPL;
MPRINT(EM_DIAGRAM):   replay NOCOPL;
NOTE: 8006 bytes written to C:\Users\Vlad\Documents\SGH\Data_Mining\DM\Workspaces\EMWS2\Plot\GRAPH\NOCOPL by CHURN.png.
18710      quit;
MPRINT(EM_DIAGRAM):   quit;

NOTE: PROCEDURE GREPLAY used (Total process time):
      real time           0.12 seconds
      cpu time            0.12 seconds
      

18711      goptions device=win;
MPRINT(EM_DIAGRAM):   goptions device=win;
18712      filename gsasfile;
MPRINT(EM_DIAGRAM):   filename gsasfile;
NOTE: Fileref GSASFILE has been deassigned.
18713      filename gsasfile "C:\Users\Vlad\Documents\SGH\Data_Mining\DM\Workspaces\EMWS2\Plot\GRAPH\NOCROZ by CHURN.png";
MPRINT(EM_DIAGRAM):    filename gsasfile "C:\Users\Vlad\Documents\SGH\Data_Mining\DM\Workspaces\EMWS2\Plot\GRAPH\NOCROZ by CHURN.png";
18714      goptions device= PNG display gaccess= gsasfile gsfmode= replace cback= white;
MPRINT(EM_DIAGRAM):   goptions device= PNG display gaccess= gsasfile gsfmode= replace cback= white;
18715      proc greplay igout=WORK.PLOTGRAPH nofs;
MPRINT(EM_DIAGRAM):   proc greplay igout=WORK.PLOTGRAPH nofs;
NOTE: Building list of graphs from the catalog.

NOTE: Enter greplay commands or statements.
18716      replay NOCROZ;
MPRINT(EM_DIAGRAM):   replay NOCROZ;
NOTE: 8143 bytes written to C:\Users\Vlad\Documents\SGH\Data_Mining\DM\Workspaces\EMWS2\Plot\GRAPH\NOCROZ by CHURN.png.
18717      quit;
MPRINT(EM_DIAGRAM):   quit;

NOTE: PROCEDURE GREPLAY used (Total process time):
      real time           0.13 seconds
      cpu time            0.14 seconds
      

18718      goptions device=win;
MPRINT(EM_DIAGRAM):   goptions device=win;
18719      filename gsasfile;
MPRINT(EM_DIAGRAM):   filename gsasfile;
NOTE: Fileref GSASFILE has been deassigned.
18720      filename gsasfile "C:\Users\Vlad\Documents\SGH\Data_Mining\DM\Workspaces\EMWS2\Plot\GRAPH\PLAN_M by CHURN.png";
MPRINT(EM_DIAGRAM):    filename gsasfile "C:\Users\Vlad\Documents\SGH\Data_Mining\DM\Workspaces\EMWS2\Plot\GRAPH\PLAN_M by CHURN.png";
18721      goptions device= PNG display gaccess= gsasfile gsfmode= replace cback= white;
MPRINT(EM_DIAGRAM):   goptions device= PNG display gaccess= gsasfile gsfmode= replace cback= white;
18722      proc greplay igout=WORK.PLOTGRAPH nofs;
MPRINT(EM_DIAGRAM):   proc greplay igout=WORK.PLOTGRAPH nofs;
NOTE: Building list of graphs from the catalog.

NOTE: Enter greplay commands or statements.
18723      replay PLAN_M;
MPRINT(EM_DIAGRAM):   replay PLAN_M;
NOTE: 5587 bytes written to C:\Users\Vlad\Documents\SGH\Data_Mining\DM\Workspaces\EMWS2\Plot\GRAPH\PLAN_M by CHURN.png.
18724      quit;
MPRINT(EM_DIAGRAM):   quit;

NOTE: PROCEDURE GREPLAY used (Total process time):
      real time           0.12 seconds
      cpu time            0.12 seconds
      

18725      goptions device=win;
MPRINT(EM_DIAGRAM):   goptions device=win;
18726      filename gsasfile;
MPRINT(EM_DIAGRAM):   filename gsasfile;
NOTE: Fileref GSASFILE has been deassigned.
18727      filename gsasfile "C:\Users\Vlad\Documents\SGH\Data_Mining\DM\Workspaces\EMWS2\Plot\GRAPH\POCZTA_G by CHURN.png";
MPRINT(EM_DIAGRAM):    filename gsasfile "C:\Users\Vlad\Documents\SGH\Data_Mining\DM\Workspaces\EMWS2\Plot\GRAPH\POCZTA_G by CHURN.png";
18728      goptions device= PNG display gaccess= gsasfile gsfmode= replace cback= white;
MPRINT(EM_DIAGRAM):   goptions device= PNG display gaccess= gsasfile gsfmode= replace cback= white;
18729      proc greplay igout=WORK.PLOTGRAPH nofs;
MPRINT(EM_DIAGRAM):   proc greplay igout=WORK.PLOTGRAPH nofs;
NOTE: Building list of graphs from the catalog.

NOTE: Enter greplay commands or statements.
18730      replay POCZTA_G;
MPRINT(EM_DIAGRAM):   replay POCZTA_G;
NOTE: 5537 bytes written to C:\Users\Vlad\Documents\SGH\Data_Mining\DM\Workspaces\EMWS2\Plot\GRAPH\POCZTA_G by CHURN.png.
18731      quit;
MPRINT(EM_DIAGRAM):   quit;

NOTE: PROCEDURE GREPLAY used (Total process time):
      real time           0.12 seconds
      cpu time            0.12 seconds
      

18732      goptions device=win;
MPRINT(EM_DIAGRAM):   goptions device=win;
18733      filename gsasfile;
MPRINT(EM_DIAGRAM):   filename gsasfile;
NOTE: Fileref GSASFILE has been deassigned.
18734      filename gsasfile "C:\Users\Vlad\Documents\SGH\Data_Mining\DM\Workspaces\EMWS2\Plot\GRAPH\WIECZMIN by CHURN.png";
MPRINT(EM_DIAGRAM):    filename gsasfile "C:\Users\Vlad\Documents\SGH\Data_Mining\DM\Workspaces\EMWS2\Plot\GRAPH\WIECZMIN by CHURN.png";
18735      goptions device= PNG display gaccess= gsasfile gsfmode= replace cback= white;
MPRINT(EM_DIAGRAM):   goptions device= PNG display gaccess= gsasfile gsfmode= replace cback= white;
18736      proc greplay igout=WORK.PLOTGRAPH nofs;
MPRINT(EM_DIAGRAM):   proc greplay igout=WORK.PLOTGRAPH nofs;
NOTE: Building list of graphs from the catalog.

NOTE: Enter greplay commands or statements.
18737      replay WIECZMIN;
MPRINT(EM_DIAGRAM):   replay WIECZMIN;
NOTE: 8382 bytes written to C:\Users\Vlad\Documents\SGH\Data_Mining\DM\Workspaces\EMWS2\Plot\GRAPH\WIECZMIN by CHURN.png.
18738      quit;
MPRINT(EM_DIAGRAM):   quit;

NOTE: PROCEDURE GREPLAY used (Total process time):
      real time           0.12 seconds
      cpu time            0.12 seconds
      

18739      goptions device=win;
MPRINT(EM_DIAGRAM):   goptions device=win;
18740      filename gsasfile;
MPRINT(EM_DIAGRAM):   filename gsasfile;
NOTE: Fileref GSASFILE has been deassigned.
18741      filename gsasfile "C:\Users\Vlad\Documents\SGH\Data_Mining\DM\Workspaces\EMWS2\Plot\GRAPH\WIECZOPL by CHURN.png";
MPRINT(EM_DIAGRAM):    filename gsasfile "C:\Users\Vlad\Documents\SGH\Data_Mining\DM\Workspaces\EMWS2\Plot\GRAPH\WIECZOPL by CHURN.png";
18742      goptions device= PNG display gaccess= gsasfile gsfmode= replace cback= white;
MPRINT(EM_DIAGRAM):   goptions device= PNG display gaccess= gsasfile gsfmode= replace cback= white;
18743      proc greplay igout=WORK.PLOTGRAPH nofs;
MPRINT(EM_DIAGRAM):   proc greplay igout=WORK.PLOTGRAPH nofs;
NOTE: Building list of graphs from the catalog.

NOTE: Enter greplay commands or statements.
18744      replay WIECZOPL;
MPRINT(EM_DIAGRAM):   replay WIECZOPL;
NOTE: 8086 bytes written to C:\Users\Vlad\Documents\SGH\Data_Mining\DM\Workspaces\EMWS2\Plot\GRAPH\WIECZOPL by CHURN.png.
18745      quit;
MPRINT(EM_DIAGRAM):   quit;

NOTE: PROCEDURE GREPLAY used (Total process time):
      real time           0.12 seconds
      cpu time            0.12 seconds
      

18746      goptions device=win;
MPRINT(EM_DIAGRAM):   goptions device=win;
18747      filename gsasfile;
MPRINT(EM_DIAGRAM):   filename gsasfile;
NOTE: Fileref GSASFILE has been deassigned.
18748      filename gsasfile "C:\Users\Vlad\Documents\SGH\Data_Mining\DM\Workspaces\EMWS2\Plot\GRAPH\WIECZROZ by CHURN.png";
MPRINT(EM_DIAGRAM):    filename gsasfile "C:\Users\Vlad\Documents\SGH\Data_Mining\DM\Workspaces\EMWS2\Plot\GRAPH\WIECZROZ by CHURN.png";
18749      goptions device= PNG display gaccess= gsasfile gsfmode= replace cback= white;
MPRINT(EM_DIAGRAM):   goptions device= PNG display gaccess= gsasfile gsfmode= replace cback= white;
18750      proc greplay igout=WORK.PLOTGRAPH nofs;
MPRINT(EM_DIAGRAM):   proc greplay igout=WORK.PLOTGRAPH nofs;
NOTE: Building list of graphs from the catalog.

NOTE: Enter greplay commands or statements.
18751      replay WIECZROZ;
MPRINT(EM_DIAGRAM):   replay WIECZROZ;
NOTE: 7937 bytes written to C:\Users\Vlad\Documents\SGH\Data_Mining\DM\Workspaces\EMWS2\Plot\GRAPH\WIECZROZ by CHURN.png.
18752      quit;
MPRINT(EM_DIAGRAM):   quit;

NOTE: PROCEDURE GREPLAY used (Total process time):
      real time           0.12 seconds
      cpu time            0.12 seconds
      

18753      goptions device=win;
MPRINT(EM_DIAGRAM):   goptions device=win;
18754      filename gsasfile;
MPRINT(EM_DIAGRAM):   filename gsasfile;
NOTE: Fileref GSASFILE has been deassigned.
MPRINT(EM_DIAGRAM):    proc printto;
MPRINT(EM_DIAGRAM):   run;
