MPRINT(EM_DIAGRAM):    data _null_;
MPRINT(EM_DIAGRAM):   call symput('NLDATE', strip(put(date(), NLDATE.)));
MPRINT(EM_DIAGRAM):   call symput('NLTIME', strip(put(datetime(), NLTIME.)));
MPRINT(EM_DIAGRAM):   run;
MPRINT(EM_DIAGRAM):   data _null_;
MPRINT(EM_DIAGRAM):   nldate= sasmsg("sashelp.dmine", "log_date_note", 'N', "18 March 2021" );
MPRINT(EM_DIAGRAM):   nltime= sasmsg("sashelp.dmine", "log_time_note", 'N', "21:31:28" );
MPRINT(EM_DIAGRAM):   put "*------------------------------------------------------------*";
MPRINT(EM_DIAGRAM):   put "* Report Log";
MPRINT(EM_DIAGRAM):   put nldate;
MPRINT(EM_DIAGRAM):   put nltime;
MPRINT(EM_DIAGRAM):   put "*------------------------------------------------------------*";
MPRINT(EM_DIAGRAM):   run;
*------------------------------------------------------------*
* Report Log
Date:                18 March 2021
Time:                21:31:28
*------------------------------------------------------------*
MPRINT(EM_DIAGRAM):    filename O3TDZA2W "C:\Users\Vlad\Documents\SGH\Data_Mining\DM\Workspaces\EMWS2\EMCODE\EMREPORT.out" encoding="UTF-8" NOBOM;
MPRINT(EM_DIAGRAM):   proc printto print=O3TDZA2W new;
MPRINT(EM_DIAGRAM):   run;
22963      %let syscc = 0;
22964      %inc "C:\Users\Vlad\AppData\Local\Temp\SAS Temporary Files\_TD11976_DESKTOP-2GNA4AM_\Prc2\USERREPORTCODE.sas";
NOTE: %INCLUDE (level 1) file C:\Users\Vlad\AppData\Local\Temp\SAS Temporary Files\_TD11976_DESKTOP-2GNA4AM_\Prc2\USERREPORTCODE.sas is file C:\Users\Vlad\AppData\Local\Temp\SAS Temporary Files\_TD11976_DESKTOP-2GNA4AM_\Prc2\USERREPORTCODE.sas.
22965     +proc corr data=&EM_IMPORT_DATA;
MPRINT(EM_DIAGRAM):     proc corr data=EMWS2.Ids_DATA;
NOTE: Data file DANE.CHURN.DATA is in a format that is native to another host, or the file encoding does not match the session encoding. Cross Environment Data Access will be used, which might require additional CPU resources and might reduce performance.
22966     +/*Var ;*/
22967     +run;
MPRINT(EM_DIAGRAM):   run;

NOTE: View EMWS2.IDS_DATA.VIEW used (Total process time):
      real time           0.11 seconds
      cpu time            0.10 seconds
      
NOTE: There were 3333 observations read from the data set DANE.CHURN.
NOTE: The PROCEDURE CORR printed page 2.
NOTE: PROCEDURE CORR used (Total process time):
      real time           0.12 seconds
      cpu time            0.12 seconds
      

22968     +
22969     +proc freq data=&EM_IMPORT_DATA;
MPRINT(EM_DIAGRAM):   proc freq data=EMWS2.Ids_DATA;
NOTE: Data file DANE.CHURN.DATA is in a format that is native to another host, or the file encoding does not match the session encoding. Cross Environment Data Access will be used, which might require additional CPU resources and might reduce performance.
22970     +table CHURN*L_ROZBOK/chisq;
MPRINT(EM_DIAGRAM):   table CHURN*L_ROZBOK/chisq;
22971     +run;
MPRINT(EM_DIAGRAM):   run;

NOTE: View EMWS2.IDS_DATA.VIEW used (Total process time):
      real time           0.05 seconds
      cpu time            0.06 seconds
      
NOTE: There were 3333 observations read from the data set DANE.CHURN.
NOTE: There were 3333 observations read from the data set EMWS2.IDS_DATA.
NOTE: The PROCEDURE FREQ printed page 3.
NOTE: PROCEDURE FREQ used (Total process time):
      real time           0.06 seconds
      cpu time            0.06 seconds
      

NOTE: %INCLUDE (level 1) ending.
22972      /* Reset EM Options */
22973      options formchar="|----|+|---+=|-/\<>*";
MPRINT(EM_DIAGRAM):   options formchar="|----|+|---+=|-/\<>*";
22974      options nocenter ls=256 ps=10000;
MPRINT(EM_DIAGRAM):   options nocenter ls=256 ps=10000;
22975      goptions reset=all device=GIF NODISPLAY;
MPRINT(EM_DIAGRAM):   goptions reset=all device=GIF NODISPLAY;
MPRINT(EM_DIAGRAM):    proc printto;
MPRINT(EM_DIAGRAM):   run;
