 
                                                                                                                                                                                                                                                                
 
Imputation Summary
Number Of Observations

                                                                                                    Number of
Variable    Impute      Imputed        Impute             Measurement                                 Missing
  Name      Method      Variable        Value    Role        Level       Label                      for TRAIN

DZIENMIN    MEAN      IMP_DZIENMIN    179.762    INPUT     INTERVAL      Dzieñ minuty                       2
DZIENROZ    MEAN      IMP_DZIENROZ    100.441    INPUT     INTERVAL      Dzieñ rozmowy                      3
L_WIAD      MEAN      IMP_L_WIAD        8.104    INPUT     INTERVAL      Liczba wiadomoœci                  2
M_ROZM      MEAN      IMP_M_ROZM        4.480    INPUT     INTERVAL      Miedzynarodowe rozmowy             5
NOCOPL      MEAN      IMP_NOCOPL        9.040    INPUT     INTERVAL      Noc op³ata                         1
NOCROZ      MEAN      IMP_NOCROZ      100.112    INPUT     INTERVAL      Noc rozmowy                        5
PLAN_M      COUNT     IMP_PLAN_M        0.000    INPUT     BINARY        Plan miêdzynarodowy                1
POCZTA_G    COUNT     IMP_POCZTA_G      0.000    INPUT     BINARY        Poczta g³osowa                     6
WIECZMIN    MEAN      IMP_WIECZMIN    200.975    INPUT     INTERVAL      Wieczór minuty                     1
 
                                                                                                                                                                                                                                                                
 
 
Variable Distribution Training Data

        Number of
          Missing    Number of    Percent of
Obs     for TRAIN    Variables     Variables

 1              6        1          11.1111 
 2              5        2          22.2222 
 3              3        1          11.1111 
 4              2        2          22.2222 
 5              1        3          33.3333 
