 
                                                                                                                                                                                                                                                                
 
 
Variable Summary

          Measurement    Frequency
 Role        Level         Count

INPUT      BINARY             2   
INPUT      INTERVAL          13   
INPUT      NOMINAL            1   
TARGET     BINARY             1   
 
                                                                                                                                                                                                                                                                
 
Class Variables

Obs    NAME        LEVEL      CODE     FREQUENCY    TYPE    CRAW    NRAW    FREQPERCENT    NMISSPERCENT

  1    CHURN         1           1           483     N                1       14.4914         14.4914  
  2    CHURN         0           0          2850     N                0       85.5086         85.5086  
  3    L_ROZBOK      0           1           697     N                0       20.9121         20.9121  
  4    L_ROZBOK      1           0          1181     N                1       35.4335         35.4335  
  5    L_ROZBOK      2           2           759     N                2       22.7723         22.7723  
  6    L_ROZBOK      3           3           429     N                3       12.8713         12.8713  
  7    L_ROZBOK      4           4           166     N                4        4.9805          4.9805  
  8    L_ROZBOK      5           5            66     N                5        1.9802          1.9802  
  9    L_ROZBOK      6           8            22     N                6        0.6601          0.6601  
 10    L_ROZBOK      7           6             9     N                7        0.2700          0.2700  
 11    L_ROZBOK      8           9             2     N                8        0.0600          0.0600  
 12    L_ROZBOK      9           7             2     N                9        0.0600          0.0600  
 13    PLAN_M        .           2             1     N                .        0.0300           .      
 14    PLAN_M        0           0          3009     N                0       90.2790         90.3061  
 15    PLAN_M        1           1           323     N                1        9.6910          9.6939  
 16    POCZTA_G      .           2             6     N                .        0.1800           .      
 17    POCZTA_G      0           1          2408     N                0       72.2472         72.3775  
 18    POCZTA_G      1           0           919     N                1       27.5728         27.6225  
 
                                                                                                                                                                                                                                                                
 
Interval Variables

Obs    NAME              NMISS            N         MIN      MAX         MEAN      STD      SKEWNESS    KURTOSIS

  1    DZIENMIN              2         3331      0.0000    350.800    179.762    54.4796    -0.02844    -0.02092
  2    DZIENROZ              3         3330      0.0000    165.000    100.441    20.0739    -0.11240     0.24287
  3    L_WIAD                2         3331      0.0000     51.000      8.104    13.6910     1.26390    -0.05353
  4    M_MIN                 0         3333      0.0000     20.000     10.237     2.7918    -0.24514     0.60918
  5    M_OPL                 0         3333      0.0000      5.400      2.765     0.7538    -0.24529     0.60961
  6    M_ROZM                5         3328      0.0000     20.000      4.480     2.4618     1.32240     3.08345
  7    NOCMIN                0         3333     23.2000    395.000    200.872    50.5738     0.00892     0.08582
  8    NOCOPL                1         3332      1.0400     17.770      9.040     2.2761     0.00848     0.08517
  9    NOCROZ                5         3328     33.0000    175.000    100.112    19.5681     0.03224    -0.06987
 10    STD_CZAS_W            0         3333     -2.5128      3.564      0.000     1.0000     0.09661    -0.10784
 11    WIECZMIN              1         3332      0.0000    363.700    200.975    50.7207    -0.02360     0.02490
 12    WIECZOPL              0         3333      0.0000     30.910     17.084     4.3107    -0.02386     0.02549
 13    WIECZROZ              0         3333      0.0000    170.000    100.114    19.9226    -0.05556     0.20616
